/home/catherine-maglione/combined_ws/ros_home_ws_catherine/install/orient_to_north/lib/python3.12/site-packages/orient_to_north/move_to_open_space.py
/home/catherine-maglione/combined_ws/ros_home_ws_catherine/install/orient_to_north/lib/python3.12/site-packages/orient_to_north/simple_lidar_test.py
/home/catherine-maglione/combined_ws/ros_home_ws_catherine/install/orient_to_north/lib/python3.12/site-packages/orient_to_north/__init__.py
/home/catherine-maglione/combined_ws/ros_home_ws_catherine/install/orient_to_north/lib/python3.12/site-packages/orient_to_north/orient_to_north.py
/home/catherine-maglione/combined_ws/ros_home_ws_catherine/install/orient_to_north/lib/python3.12/site-packages/orient_to_north/__pycache__/move_to_open_space.cpython-312.pyc
/home/catherine-maglione/combined_ws/ros_home_ws_catherine/install/orient_to_north/lib/python3.12/site-packages/orient_to_north/__pycache__/simple_lidar_test.cpython-312.pyc
/home/catherine-maglione/combined_ws/ros_home_ws_catherine/install/orient_to_north/lib/python3.12/site-packages/orient_to_north/__pycache__/__init__.cpython-312.pyc
/home/catherine-maglione/combined_ws/ros_home_ws_catherine/install/orient_to_north/lib/python3.12/site-packages/orient_to_north/__pycache__/orient_to_north.cpython-312.pyc
/home/catherine-maglione/combined_ws/ros_home_ws_catherine/install/orient_to_north/share/ament_index/resource_index/packages/orient_to_north
/home/catherine-maglione/combined_ws/ros_home_ws_catherine/install/orient_to_north/share/orient_to_north/package.xml
/home/catherine-maglione/combined_ws/ros_home_ws_catherine/install/orient_to_north/lib/python3.12/site-packages/orient_to_north-0.0.0-py3.12.egg-info/SOURCES.txt
/home/catherine-maglione/combined_ws/ros_home_ws_catherine/install/orient_to_north/lib/python3.12/site-packages/orient_to_north-0.0.0-py3.12.egg-info/zip-safe
/home/catherine-maglione/combined_ws/ros_home_ws_catherine/install/orient_to_north/lib/python3.12/site-packages/orient_to_north-0.0.0-py3.12.egg-info/dependency_links.txt
/home/catherine-maglione/combined_ws/ros_home_ws_catherine/install/orient_to_north/lib/python3.12/site-packages/orient_to_north-0.0.0-py3.12.egg-info/PKG-INFO
/home/catherine-maglione/combined_ws/ros_home_ws_catherine/install/orient_to_north/lib/python3.12/site-packages/orient_to_north-0.0.0-py3.12.egg-info/requires.txt
/home/catherine-maglione/combined_ws/ros_home_ws_catherine/install/orient_to_north/lib/python3.12/site-packages/orient_to_north-0.0.0-py3.12.egg-info/top_level.txt
/home/catherine-maglione/combined_ws/ros_home_ws_catherine/install/orient_to_north/lib/python3.12/site-packages/orient_to_north-0.0.0-py3.12.egg-info/entry_points.txt
/home/catherine-maglione/combined_ws/ros_home_ws_catherine/install/orient_to_north/lib/orient_to_north/move_to_open_space
/home/catherine-maglione/combined_ws/ros_home_ws_catherine/install/orient_to_north/lib/orient_to_north/orient_to_north
/home/catherine-maglione/combined_ws/ros_home_ws_catherine/install/orient_to_north/lib/orient_to_north/simple_lidar_test
