[  2%] Built target nuturtlebot_msgs__rosidl_generator_type_description
[  2%] Built target ament_cmake_python_copy_nuturtlebot_msgs
[  4%] Built target nuturtlebot_msgs__cpp
[ 22%] Built target nuturtlebot_msgs__rosidl_generator_c
[ 56%] Built target nuturtlebot_msgs__rosidl_typesupport_cpp
[ 56%] Built target nuturtlebot_msgs__rosidl_typesupport_introspection_cpp
[ 59%] Built target nuturtlebot_msgs__rosidl_typesupport_c
[ 59%] Built target nuturtlebot_msgs__rosidl_typesupport_fastrtps_cpp
[ 68%] Built target nuturtlebot_msgs__rosidl_typesupport_introspection_c
[ 77%] Built target nuturtlebot_msgs__rosidl_typesupport_fastrtps_c
[ 77%] Built target nuturtlebot_msgs
[ 79%] Built target nuturtlebot_msgs__py
[ 86%] Built target nuturtlebot_msgs__rosidl_generator_py
[ 90%] Built target nuturtlebot_msgs__rosidl_typesupport_fastrtps_c__pyext
[100%] Built target nuturtlebot_msgs__rosidl_typesupport_c__pyext
[100%] Built target nuturtlebot_msgs__rosidl_typesupport_introspection_c__pyext
running egg_info
writing nuturtlebot_msgs.egg-info/PKG-INFO
writing dependency_links to nuturtlebot_msgs.egg-info/dependency_links.txt
writing top-level names to nuturtlebot_msgs.egg-info/top_level.txt
reading manifest file 'nuturtlebot_msgs.egg-info/SOURCES.txt'
writing manifest file 'nuturtlebot_msgs.egg-info/SOURCES.txt'
[100%] Built target ament_cmake_python_build_nuturtlebot_msgs_egg
-- Install configuration: ""
-- Up-to-date: /ros_ws/aarch64_install/nuturtlebot_msgs/share/ament_index/resource_index/rosidl_interfaces/nuturtlebot_msgs
-- Up-to-date: /ros_ws/aarch64_install/nuturtlebot_msgs/share/nuturtlebot_msgs/msg/SensorData.json
-- Up-to-date: /ros_ws/aarch64_install/nuturtlebot_msgs/share/nuturtlebot_msgs/msg/WheelCommands.json
-- Up-to-date: /ros_ws/aarch64_install/nuturtlebot_msgs/include/nuturtlebot_msgs/nuturtlebot_msgs
-- Up-to-date: /ros_ws/aarch64_install/nuturtlebot_msgs/include/nuturtlebot_msgs/nuturtlebot_msgs/msg
-- Up-to-date: /ros_ws/aarch64_install/nuturtlebot_msgs/include/nuturtlebot_msgs/nuturtlebot_msgs/msg/rosidl_generator_c__visibility_control.h
-- Up-to-date: /ros_ws/aarch64_install/nuturtlebot_msgs/include/nuturtlebot_msgs/nuturtlebot_msgs/msg/detail
-- Up-to-date: /ros_ws/aarch64_install/nuturtlebot_msgs/include/nuturtlebot_msgs/nuturtlebot_msgs/msg/detail/sensor_data__type_support.c
-- Up-to-date: /ros_ws/aarch64_install/nuturtlebot_msgs/include/nuturtlebot_msgs/nuturtlebot_msgs/msg/detail/sensor_data__struct.h
-- Up-to-date: /ros_ws/aarch64_install/nuturtlebot_msgs/include/nuturtlebot_msgs/nuturtlebot_msgs/msg/detail/sensor_data__description.c
-- Up-to-date: /ros_ws/aarch64_install/nuturtlebot_msgs/include/nuturtlebot_msgs/nuturtlebot_msgs/msg/detail/wheel_commands__type_support.c
-- Up-to-date: /ros_ws/aarch64_install/nuturtlebot_msgs/include/nuturtlebot_msgs/nuturtlebot_msgs/msg/detail/sensor_data__functions.c
-- Up-to-date: /ros_ws/aarch64_install/nuturtlebot_msgs/include/nuturtlebot_msgs/nuturtlebot_msgs/msg/detail/wheel_commands__functions.h
-- Up-to-date: /ros_ws/aarch64_install/nuturtlebot_msgs/include/nuturtlebot_msgs/nuturtlebot_msgs/msg/detail/sensor_data__functions.h
-- Up-to-date: /ros_ws/aarch64_install/nuturtlebot_msgs/include/nuturtlebot_msgs/nuturtlebot_msgs/msg/detail/wheel_commands__description.c
-- Up-to-date: /ros_ws/aarch64_install/nuturtlebot_msgs/include/nuturtlebot_msgs/nuturtlebot_msgs/msg/detail/wheel_commands__struct.h
-- Up-to-date: /ros_ws/aarch64_install/nuturtlebot_msgs/include/nuturtlebot_msgs/nuturtlebot_msgs/msg/detail/sensor_data__type_support.h
-- Up-to-date: /ros_ws/aarch64_install/nuturtlebot_msgs/include/nuturtlebot_msgs/nuturtlebot_msgs/msg/detail/wheel_commands__type_support.h
-- Up-to-date: /ros_ws/aarch64_install/nuturtlebot_msgs/include/nuturtlebot_msgs/nuturtlebot_msgs/msg/detail/wheel_commands__functions.c
-- Up-to-date: /ros_ws/aarch64_install/nuturtlebot_msgs/include/nuturtlebot_msgs/nuturtlebot_msgs/msg/sensor_data.h
-- Up-to-date: /ros_ws/aarch64_install/nuturtlebot_msgs/include/nuturtlebot_msgs/nuturtlebot_msgs/msg/wheel_commands.h
-- Up-to-date: /ros_ws/aarch64_install/nuturtlebot_msgs/share/nuturtlebot_msgs/environment/library_path.sh
-- Up-to-date: /ros_ws/aarch64_install/nuturtlebot_msgs/share/nuturtlebot_msgs/environment/library_path.dsv
-- Up-to-date: /ros_ws/aarch64_install/nuturtlebot_msgs/lib/libnuturtlebot_msgs__rosidl_generator_c.so
-- Up-to-date: /ros_ws/aarch64_install/nuturtlebot_msgs/include/nuturtlebot_msgs/nuturtlebot_msgs
-- Up-to-date: /ros_ws/aarch64_install/nuturtlebot_msgs/include/nuturtlebot_msgs/nuturtlebot_msgs/msg
-- Up-to-date: /ros_ws/aarch64_install/nuturtlebot_msgs/include/nuturtlebot_msgs/nuturtlebot_msgs/msg/detail
-- Up-to-date: /ros_ws/aarch64_install/nuturtlebot_msgs/include/nuturtlebot_msgs/nuturtlebot_msgs/msg/detail/wheel_commands__rosidl_typesupport_fastrtps_c.h
-- Up-to-date: /ros_ws/aarch64_install/nuturtlebot_msgs/include/nuturtlebot_msgs/nuturtlebot_msgs/msg/detail/sensor_data__rosidl_typesupport_fastrtps_c.h
-- Up-to-date: /ros_ws/aarch64_install/nuturtlebot_msgs/include/nuturtlebot_msgs/nuturtlebot_msgs/msg/rosidl_typesupport_fastrtps_c__visibility_control.h
-- Up-to-date: /ros_ws/aarch64_install/nuturtlebot_msgs/lib/libnuturtlebot_msgs__rosidl_typesupport_fastrtps_c.so
-- Up-to-date: /ros_ws/aarch64_install/nuturtlebot_msgs/include/nuturtlebot_msgs/nuturtlebot_msgs
-- Up-to-date: /ros_ws/aarch64_install/nuturtlebot_msgs/include/nuturtlebot_msgs/nuturtlebot_msgs/msg
-- Up-to-date: /ros_ws/aarch64_install/nuturtlebot_msgs/include/nuturtlebot_msgs/nuturtlebot_msgs/msg/detail
-- Up-to-date: /ros_ws/aarch64_install/nuturtlebot_msgs/include/nuturtlebot_msgs/nuturtlebot_msgs/msg/detail/wheel_commands__builder.hpp
-- Up-to-date: /ros_ws/aarch64_install/nuturtlebot_msgs/include/nuturtlebot_msgs/nuturtlebot_msgs/msg/detail/sensor_data__traits.hpp
-- Up-to-date: /ros_ws/aarch64_install/nuturtlebot_msgs/include/nuturtlebot_msgs/nuturtlebot_msgs/msg/detail/wheel_commands__struct.hpp
-- Up-to-date: /ros_ws/aarch64_install/nuturtlebot_msgs/include/nuturtlebot_msgs/nuturtlebot_msgs/msg/detail/wheel_commands__traits.hpp
-- Up-to-date: /ros_ws/aarch64_install/nuturtlebot_msgs/include/nuturtlebot_msgs/nuturtlebot_msgs/msg/detail/sensor_data__struct.hpp
-- Up-to-date: /ros_ws/aarch64_install/nuturtlebot_msgs/include/nuturtlebot_msgs/nuturtlebot_msgs/msg/detail/sensor_data__builder.hpp
-- Up-to-date: /ros_ws/aarch64_install/nuturtlebot_msgs/include/nuturtlebot_msgs/nuturtlebot_msgs/msg/wheel_commands.hpp
-- Up-to-date: /ros_ws/aarch64_install/nuturtlebot_msgs/include/nuturtlebot_msgs/nuturtlebot_msgs/msg/sensor_data.hpp
-- Up-to-date: /ros_ws/aarch64_install/nuturtlebot_msgs/include/nuturtlebot_msgs/nuturtlebot_msgs
-- Up-to-date: /ros_ws/aarch64_install/nuturtlebot_msgs/include/nuturtlebot_msgs/nuturtlebot_msgs/msg
-- Up-to-date: /ros_ws/aarch64_install/nuturtlebot_msgs/include/nuturtlebot_msgs/nuturtlebot_msgs/msg/detail
-- Up-to-date: /ros_ws/aarch64_install/nuturtlebot_msgs/include/nuturtlebot_msgs/nuturtlebot_msgs/msg/detail/dds_fastrtps
-- Up-to-date: /ros_ws/aarch64_install/nuturtlebot_msgs/include/nuturtlebot_msgs/nuturtlebot_msgs/msg/detail/wheel_commands__rosidl_typesupport_fastrtps_cpp.hpp
-- Up-to-date: /ros_ws/aarch64_install/nuturtlebot_msgs/include/nuturtlebot_msgs/nuturtlebot_msgs/msg/detail/sensor_data__rosidl_typesupport_fastrtps_cpp.hpp
-- Up-to-date: /ros_ws/aarch64_install/nuturtlebot_msgs/include/nuturtlebot_msgs/nuturtlebot_msgs/msg/rosidl_typesupport_fastrtps_cpp__visibility_control.h
-- Up-to-date: /ros_ws/aarch64_install/nuturtlebot_msgs/lib/libnuturtlebot_msgs__rosidl_typesupport_fastrtps_cpp.so
-- Up-to-date: /ros_ws/aarch64_install/nuturtlebot_msgs/include/nuturtlebot_msgs/nuturtlebot_msgs
-- Up-to-date: /ros_ws/aarch64_install/nuturtlebot_msgs/include/nuturtlebot_msgs/nuturtlebot_msgs/msg
-- Up-to-date: /ros_ws/aarch64_install/nuturtlebot_msgs/include/nuturtlebot_msgs/nuturtlebot_msgs/msg/detail
-- Up-to-date: /ros_ws/aarch64_install/nuturtlebot_msgs/include/nuturtlebot_msgs/nuturtlebot_msgs/msg/detail/sensor_data__type_support.c
-- Up-to-date: /ros_ws/aarch64_install/nuturtlebot_msgs/include/nuturtlebot_msgs/nuturtlebot_msgs/msg/detail/wheel_commands__type_support.c
-- Up-to-date: /ros_ws/aarch64_install/nuturtlebot_msgs/include/nuturtlebot_msgs/nuturtlebot_msgs/msg/detail/sensor_data__rosidl_typesupport_introspection_c.h
-- Up-to-date: /ros_ws/aarch64_install/nuturtlebot_msgs/include/nuturtlebot_msgs/nuturtlebot_msgs/msg/detail/wheel_commands__rosidl_typesupport_introspection_c.h
-- Up-to-date: /ros_ws/aarch64_install/nuturtlebot_msgs/include/nuturtlebot_msgs/nuturtlebot_msgs/msg/rosidl_typesupport_introspection_c__visibility_control.h
-- Up-to-date: /ros_ws/aarch64_install/nuturtlebot_msgs/lib/libnuturtlebot_msgs__rosidl_typesupport_introspection_c.so
-- Up-to-date: /ros_ws/aarch64_install/nuturtlebot_msgs/lib/libnuturtlebot_msgs__rosidl_typesupport_c.so
-- Up-to-date: /ros_ws/aarch64_install/nuturtlebot_msgs/include/nuturtlebot_msgs/nuturtlebot_msgs
-- Up-to-date: /ros_ws/aarch64_install/nuturtlebot_msgs/include/nuturtlebot_msgs/nuturtlebot_msgs/msg
-- Up-to-date: /ros_ws/aarch64_install/nuturtlebot_msgs/include/nuturtlebot_msgs/nuturtlebot_msgs/msg/detail
-- Up-to-date: /ros_ws/aarch64_install/nuturtlebot_msgs/include/nuturtlebot_msgs/nuturtlebot_msgs/msg/detail/wheel_commands__type_support.cpp
-- Up-to-date: /ros_ws/aarch64_install/nuturtlebot_msgs/include/nuturtlebot_msgs/nuturtlebot_msgs/msg/detail/sensor_data__rosidl_typesupport_introspection_cpp.hpp
-- Up-to-date: /ros_ws/aarch64_install/nuturtlebot_msgs/include/nuturtlebot_msgs/nuturtlebot_msgs/msg/detail/wheel_commands__rosidl_typesupport_introspection_cpp.hpp
-- Up-to-date: /ros_ws/aarch64_install/nuturtlebot_msgs/include/nuturtlebot_msgs/nuturtlebot_msgs/msg/detail/sensor_data__type_support.cpp
-- Up-to-date: /ros_ws/aarch64_install/nuturtlebot_msgs/lib/libnuturtlebot_msgs__rosidl_typesupport_introspection_cpp.so
-- Up-to-date: /ros_ws/aarch64_install/nuturtlebot_msgs/lib/libnuturtlebot_msgs__rosidl_typesupport_cpp.so
-- Up-to-date: /ros_ws/aarch64_install/nuturtlebot_msgs/share/nuturtlebot_msgs/environment/pythonpath.sh
-- Up-to-date: /ros_ws/aarch64_install/nuturtlebot_msgs/share/nuturtlebot_msgs/environment/pythonpath.dsv
-- Up-to-date: /ros_ws/aarch64_install/nuturtlebot_msgs/lib/python3.10/site-packages/nuturtlebot_msgs-0.0.2-py3.10.egg-info
-- Installing: /ros_ws/aarch64_install/nuturtlebot_msgs/lib/python3.10/site-packages/nuturtlebot_msgs-0.0.2-py3.10.egg-info/SOURCES.txt
-- Installing: /ros_ws/aarch64_install/nuturtlebot_msgs/lib/python3.10/site-packages/nuturtlebot_msgs-0.0.2-py3.10.egg-info/dependency_links.txt
-- Installing: /ros_ws/aarch64_install/nuturtlebot_msgs/lib/python3.10/site-packages/nuturtlebot_msgs-0.0.2-py3.10.egg-info/PKG-INFO
-- Installing: /ros_ws/aarch64_install/nuturtlebot_msgs/lib/python3.10/site-packages/nuturtlebot_msgs-0.0.2-py3.10.egg-info/top_level.txt
-- Up-to-date: /ros_ws/aarch64_install/nuturtlebot_msgs/lib/python3.10/site-packages/nuturtlebot_msgs
-- Up-to-date: /ros_ws/aarch64_install/nuturtlebot_msgs/lib/python3.10/site-packages/nuturtlebot_msgs/_nuturtlebot_msgs_s.ep.rosidl_typesupport_c.c
-- Up-to-date: /ros_ws/aarch64_install/nuturtlebot_msgs/lib/python3.10/site-packages/nuturtlebot_msgs/msg
-- Up-to-date: /ros_ws/aarch64_install/nuturtlebot_msgs/lib/python3.10/site-packages/nuturtlebot_msgs/msg/_sensor_data.py
-- Up-to-date: /ros_ws/aarch64_install/nuturtlebot_msgs/lib/python3.10/site-packages/nuturtlebot_msgs/msg/_wheel_commands_s.c
-- Up-to-date: /ros_ws/aarch64_install/nuturtlebot_msgs/lib/python3.10/site-packages/nuturtlebot_msgs/msg/_wheel_commands.py
-- Up-to-date: /ros_ws/aarch64_install/nuturtlebot_msgs/lib/python3.10/site-packages/nuturtlebot_msgs/msg/_sensor_data_s.c
-- Up-to-date: /ros_ws/aarch64_install/nuturtlebot_msgs/lib/python3.10/site-packages/nuturtlebot_msgs/msg/__init__.py
-- Up-to-date: /ros_ws/aarch64_install/nuturtlebot_msgs/lib/python3.10/site-packages/nuturtlebot_msgs/libnuturtlebot_msgs__rosidl_generator_py.so
-- Up-to-date: /ros_ws/aarch64_install/nuturtlebot_msgs/lib/python3.10/site-packages/nuturtlebot_msgs/nuturtlebot_msgs_s__rosidl_typesupport_introspection_c.cpython-310-x86_64-linux-gnu.so
-- Up-to-date: /ros_ws/aarch64_install/nuturtlebot_msgs/lib/python3.10/site-packages/nuturtlebot_msgs/_nuturtlebot_msgs_s.ep.rosidl_typesupport_introspection_c.c
-- Up-to-date: /ros_ws/aarch64_install/nuturtlebot_msgs/lib/python3.10/site-packages/nuturtlebot_msgs/__init__.py
-- Up-to-date: /ros_ws/aarch64_install/nuturtlebot_msgs/lib/python3.10/site-packages/nuturtlebot_msgs/_nuturtlebot_msgs_s.ep.rosidl_typesupport_fastrtps_c.c
-- Up-to-date: /ros_ws/aarch64_install/nuturtlebot_msgs/lib/python3.10/site-packages/nuturtlebot_msgs/nuturtlebot_msgs_s__rosidl_typesupport_fastrtps_c.cpython-310-x86_64-linux-gnu.so
-- Up-to-date: /ros_ws/aarch64_install/nuturtlebot_msgs/lib/python3.10/site-packages/nuturtlebot_msgs/nuturtlebot_msgs_s__rosidl_typesupport_c.cpython-310-x86_64-linux-gnu.so
Listing '/ros_ws/aarch64_install/nuturtlebot_msgs/lib/python3.10/site-packages/nuturtlebot_msgs'...
Listing '/ros_ws/aarch64_install/nuturtlebot_msgs/lib/python3.10/site-packages/nuturtlebot_msgs/msg'...
-- Up-to-date: /ros_ws/aarch64_install/nuturtlebot_msgs/lib/python3.10/site-packages/nuturtlebot_msgs/nuturtlebot_msgs_s__rosidl_typesupport_fastrtps_c.cpython-310-x86_64-linux-gnu.so
-- Up-to-date: /ros_ws/aarch64_install/nuturtlebot_msgs/lib/python3.10/site-packages/nuturtlebot_msgs/nuturtlebot_msgs_s__rosidl_typesupport_introspection_c.cpython-310-x86_64-linux-gnu.so
-- Up-to-date: /ros_ws/aarch64_install/nuturtlebot_msgs/lib/python3.10/site-packages/nuturtlebot_msgs/nuturtlebot_msgs_s__rosidl_typesupport_c.cpython-310-x86_64-linux-gnu.so
-- Up-to-date: /ros_ws/aarch64_install/nuturtlebot_msgs/lib/libnuturtlebot_msgs__rosidl_generator_py.so
-- Up-to-date: /ros_ws/aarch64_install/nuturtlebot_msgs/share/nuturtlebot_msgs/msg/SensorData.idl
-- Up-to-date: /ros_ws/aarch64_install/nuturtlebot_msgs/share/nuturtlebot_msgs/msg/WheelCommands.idl
-- Up-to-date: /ros_ws/aarch64_install/nuturtlebot_msgs/share/nuturtlebot_msgs/msg/SensorData.msg
-- Up-to-date: /ros_ws/aarch64_install/nuturtlebot_msgs/share/nuturtlebot_msgs/msg/WheelCommands.msg
-- Up-to-date: /ros_ws/aarch64_install/nuturtlebot_msgs/share/ament_index/resource_index/package_run_dependencies/nuturtlebot_msgs
-- Up-to-date: /ros_ws/aarch64_install/nuturtlebot_msgs/share/ament_index/resource_index/parent_prefix_path/nuturtlebot_msgs
-- Up-to-date: /ros_ws/aarch64_install/nuturtlebot_msgs/share/nuturtlebot_msgs/environment/ament_prefix_path.sh
-- Up-to-date: /ros_ws/aarch64_install/nuturtlebot_msgs/share/nuturtlebot_msgs/environment/ament_prefix_path.dsv
-- Up-to-date: /ros_ws/aarch64_install/nuturtlebot_msgs/share/nuturtlebot_msgs/environment/path.sh
-- Up-to-date: /ros_ws/aarch64_install/nuturtlebot_msgs/share/nuturtlebot_msgs/environment/path.dsv
-- Up-to-date: /ros_ws/aarch64_install/nuturtlebot_msgs/share/nuturtlebot_msgs/local_setup.bash
-- Up-to-date: /ros_ws/aarch64_install/nuturtlebot_msgs/share/nuturtlebot_msgs/local_setup.sh
-- Up-to-date: /ros_ws/aarch64_install/nuturtlebot_msgs/share/nuturtlebot_msgs/local_setup.zsh
-- Up-to-date: /ros_ws/aarch64_install/nuturtlebot_msgs/share/nuturtlebot_msgs/local_setup.dsv
-- Installing: /ros_ws/aarch64_install/nuturtlebot_msgs/share/nuturtlebot_msgs/package.dsv
-- Up-to-date: /ros_ws/aarch64_install/nuturtlebot_msgs/share/ament_index/resource_index/packages/nuturtlebot_msgs
-- Up-to-date: /ros_ws/aarch64_install/nuturtlebot_msgs/share/nuturtlebot_msgs/cmake/export_nuturtlebot_msgs__rosidl_generator_cExport.cmake
-- Up-to-date: /ros_ws/aarch64_install/nuturtlebot_msgs/share/nuturtlebot_msgs/cmake/export_nuturtlebot_msgs__rosidl_generator_cExport-noconfig.cmake
-- Up-to-date: /ros_ws/aarch64_install/nuturtlebot_msgs/share/nuturtlebot_msgs/cmake/export_nuturtlebot_msgs__rosidl_typesupport_fastrtps_cExport.cmake
-- Up-to-date: /ros_ws/aarch64_install/nuturtlebot_msgs/share/nuturtlebot_msgs/cmake/export_nuturtlebot_msgs__rosidl_typesupport_fastrtps_cExport-noconfig.cmake
-- Up-to-date: /ros_ws/aarch64_install/nuturtlebot_msgs/share/nuturtlebot_msgs/cmake/export_nuturtlebot_msgs__rosidl_generator_cppExport.cmake
-- Up-to-date: /ros_ws/aarch64_install/nuturtlebot_msgs/share/nuturtlebot_msgs/cmake/export_nuturtlebot_msgs__rosidl_typesupport_fastrtps_cppExport.cmake
-- Up-to-date: /ros_ws/aarch64_install/nuturtlebot_msgs/share/nuturtlebot_msgs/cmake/export_nuturtlebot_msgs__rosidl_typesupport_fastrtps_cppExport-noconfig.cmake
-- Up-to-date: /ros_ws/aarch64_install/nuturtlebot_msgs/share/nuturtlebot_msgs/cmake/nuturtlebot_msgs__rosidl_typesupport_introspection_cExport.cmake
-- Up-to-date: /ros_ws/aarch64_install/nuturtlebot_msgs/share/nuturtlebot_msgs/cmake/nuturtlebot_msgs__rosidl_typesupport_introspection_cExport-noconfig.cmake
-- Up-to-date: /ros_ws/aarch64_install/nuturtlebot_msgs/share/nuturtlebot_msgs/cmake/nuturtlebot_msgs__rosidl_typesupport_cExport.cmake
-- Up-to-date: /ros_ws/aarch64_install/nuturtlebot_msgs/share/nuturtlebot_msgs/cmake/nuturtlebot_msgs__rosidl_typesupport_cExport-noconfig.cmake
-- Up-to-date: /ros_ws/aarch64_install/nuturtlebot_msgs/share/nuturtlebot_msgs/cmake/nuturtlebot_msgs__rosidl_typesupport_introspection_cppExport.cmake
-- Up-to-date: /ros_ws/aarch64_install/nuturtlebot_msgs/share/nuturtlebot_msgs/cmake/nuturtlebot_msgs__rosidl_typesupport_introspection_cppExport-noconfig.cmake
-- Up-to-date: /ros_ws/aarch64_install/nuturtlebot_msgs/share/nuturtlebot_msgs/cmake/nuturtlebot_msgs__rosidl_typesupport_cppExport.cmake
-- Up-to-date: /ros_ws/aarch64_install/nuturtlebot_msgs/share/nuturtlebot_msgs/cmake/nuturtlebot_msgs__rosidl_typesupport_cppExport-noconfig.cmake
-- Up-to-date: /ros_ws/aarch64_install/nuturtlebot_msgs/share/nuturtlebot_msgs/cmake/export_nuturtlebot_msgs__rosidl_generator_pyExport.cmake
-- Up-to-date: /ros_ws/aarch64_install/nuturtlebot_msgs/share/nuturtlebot_msgs/cmake/export_nuturtlebot_msgs__rosidl_generator_pyExport-noconfig.cmake
-- Up-to-date: /ros_ws/aarch64_install/nuturtlebot_msgs/share/nuturtlebot_msgs/cmake/rosidl_cmake-extras.cmake
-- Up-to-date: /ros_ws/aarch64_install/nuturtlebot_msgs/share/nuturtlebot_msgs/cmake/ament_cmake_export_dependencies-extras.cmake
-- Up-to-date: /ros_ws/aarch64_install/nuturtlebot_msgs/share/nuturtlebot_msgs/cmake/ament_cmake_export_include_directories-extras.cmake
-- Up-to-date: /ros_ws/aarch64_install/nuturtlebot_msgs/share/nuturtlebot_msgs/cmake/ament_cmake_export_libraries-extras.cmake
-- Up-to-date: /ros_ws/aarch64_install/nuturtlebot_msgs/share/nuturtlebot_msgs/cmake/ament_cmake_export_targets-extras.cmake
-- Up-to-date: /ros_ws/aarch64_install/nuturtlebot_msgs/share/nuturtlebot_msgs/cmake/rosidl_cmake_export_typesupport_targets-extras.cmake
-- Up-to-date: /ros_ws/aarch64_install/nuturtlebot_msgs/share/nuturtlebot_msgs/cmake/rosidl_cmake_export_typesupport_libraries-extras.cmake
-- Up-to-date: /ros_ws/aarch64_install/nuturtlebot_msgs/share/nuturtlebot_msgs/cmake/nuturtlebot_msgsConfig.cmake
-- Up-to-date: /ros_ws/aarch64_install/nuturtlebot_msgs/share/nuturtlebot_msgs/cmake/nuturtlebot_msgsConfig-version.cmake
-- Up-to-date: /ros_ws/aarch64_install/nuturtlebot_msgs/share/nuturtlebot_msgs/package.xml
