[0.067s] DEBUG:colcon:Command line arguments: ['/usr/bin/colcon', 'build']
[0.067s] DEBUG:colcon:Parsed command line arguments: Namespace(log_base=None, log_level=None, verb_name='build', build_base='build', install_base='install', merge_install=False, symlink_install=False, test_result_base=None, continue_on_error=False, executor='parallel', parallel_workers=32, event_handlers=None, ignore_user_meta=False, metas=['./colcon.meta'], base_paths=['.'], packages_ignore=None, packages_ignore_regex=None, paths=None, packages_up_to=None, packages_up_to_regex=None, packages_above=None, packages_above_and_dependencies=None, packages_above_depth=None, packages_select_by_dep=None, packages_skip_by_dep=None, packages_skip_up_to=None, packages_select_build_failed=False, packages_skip_build_finished=False, packages_select_test_failures=False, packages_skip_test_passed=False, packages_select=None, packages_skip=None, packages_select_regex=None, packages_skip_regex=None, packages_start=None, packages_end=None, allow_overriding=[], cmake_args=None, cmake_target=None, cmake_target_skip_unavailable=False, cmake_clean_cache=False, cmake_clean_first=False, cmake_force_configure=False, ament_cmake_args=None, catkin_cmake_args=None, catkin_skip_building_tests=False, mixin_files=None, mixin=None, verb_parser=<colcon_mixin.mixin.mixin_argument.MixinArgumentDecorator object at 0x775fda5d3e60>, verb_extension=<colcon_core.verb.build.BuildVerb object at 0x775fda71c290>, main=<bound method BuildVerb.main of <colcon_core.verb.build.BuildVerb object at 0x775fda71c290>>, mixin_verb=('build',))
[0.083s] Level 1:colcon.colcon_core.package_discovery:discover_packages(colcon_meta) check parameters
[0.083s] Level 1:colcon.colcon_core.package_discovery:discover_packages(recursive) check parameters
[0.083s] Level 1:colcon.colcon_core.package_discovery:discover_packages(ignore) check parameters
[0.083s] Level 1:colcon.colcon_core.package_discovery:discover_packages(path) check parameters
[0.083s] Level 1:colcon.colcon_core.package_discovery:discover_packages(colcon_meta) discover
[0.083s] Level 1:colcon.colcon_core.package_discovery:discover_packages(recursive) discover
[0.083s] INFO:colcon.colcon_core.package_discovery:Crawling recursively for packages in '/home/catherine-maglione/ros_home_ws_catherine'
[0.083s] Level 1:colcon.colcon_core.package_identification:_identify(.) by extensions ['ignore', 'ignore_ament_install']
[0.083s] Level 1:colcon.colcon_core.package_identification:_identify(.) by extension 'ignore'
[0.083s] Level 1:colcon.colcon_core.package_identification:_identify(.) by extension 'ignore_ament_install'
[0.083s] Level 1:colcon.colcon_core.package_identification:_identify(.) by extensions ['colcon_pkg']
[0.083s] Level 1:colcon.colcon_core.package_identification:_identify(.) by extension 'colcon_pkg'
[0.083s] Level 1:colcon.colcon_core.package_identification:_identify(.) by extensions ['colcon_meta']
[0.083s] Level 1:colcon.colcon_core.package_identification:_identify(.) by extension 'colcon_meta'
[0.083s] Level 1:colcon.colcon_core.package_identification:_identify(.) by extensions ['ros']
[0.083s] Level 1:colcon.colcon_core.package_identification:_identify(.) by extension 'ros'
[0.095s] Level 1:colcon.colcon_core.package_identification:_identify(.) by extensions ['cmake', 'python']
[0.095s] Level 1:colcon.colcon_core.package_identification:_identify(.) by extension 'cmake'
[0.095s] Level 1:colcon.colcon_core.package_identification:_identify(.) by extension 'python'
[0.095s] Level 1:colcon.colcon_core.package_identification:_identify(.) by extensions ['python_setup_py']
[0.095s] Level 1:colcon.colcon_core.package_identification:_identify(.) by extension 'python_setup_py'
[0.096s] Level 1:colcon.colcon_core.package_identification:_identify(build) by extensions ['ignore', 'ignore_ament_install']
[0.096s] Level 1:colcon.colcon_core.package_identification:_identify(build) by extension 'ignore'
[0.096s] Level 1:colcon.colcon_core.package_identification:_identify(build) ignored
[0.096s] Level 1:colcon.colcon_core.package_identification:_identify(install) by extensions ['ignore', 'ignore_ament_install']
[0.096s] Level 1:colcon.colcon_core.package_identification:_identify(install) by extension 'ignore'
[0.096s] Level 1:colcon.colcon_core.package_identification:_identify(install) ignored
[0.096s] Level 1:colcon.colcon_core.package_identification:_identify(log) by extensions ['ignore', 'ignore_ament_install']
[0.096s] Level 1:colcon.colcon_core.package_identification:_identify(log) by extension 'ignore'
[0.096s] Level 1:colcon.colcon_core.package_identification:_identify(log) ignored
[0.096s] Level 1:colcon.colcon_core.package_identification:_identify(src) by extensions ['ignore', 'ignore_ament_install']
[0.096s] Level 1:colcon.colcon_core.package_identification:_identify(src) by extension 'ignore'
[0.096s] Level 1:colcon.colcon_core.package_identification:_identify(src) by extension 'ignore_ament_install'
[0.096s] Level 1:colcon.colcon_core.package_identification:_identify(src) by extensions ['colcon_pkg']
[0.096s] Level 1:colcon.colcon_core.package_identification:_identify(src) by extension 'colcon_pkg'
[0.096s] Level 1:colcon.colcon_core.package_identification:_identify(src) by extensions ['colcon_meta']
[0.096s] Level 1:colcon.colcon_core.package_identification:_identify(src) by extension 'colcon_meta'
[0.096s] Level 1:colcon.colcon_core.package_identification:_identify(src) by extensions ['ros']
[0.096s] Level 1:colcon.colcon_core.package_identification:_identify(src) by extension 'ros'
[0.096s] Level 1:colcon.colcon_core.package_identification:_identify(src) by extensions ['cmake', 'python']
[0.096s] Level 1:colcon.colcon_core.package_identification:_identify(src) by extension 'cmake'
[0.096s] Level 1:colcon.colcon_core.package_identification:_identify(src) by extension 'python'
[0.096s] Level 1:colcon.colcon_core.package_identification:_identify(src) by extensions ['python_setup_py']
[0.096s] Level 1:colcon.colcon_core.package_identification:_identify(src) by extension 'python_setup_py'
[0.096s] Level 1:colcon.colcon_core.package_identification:_identify(src/orient_to_north) by extensions ['ignore', 'ignore_ament_install']
[0.096s] Level 1:colcon.colcon_core.package_identification:_identify(src/orient_to_north) by extension 'ignore'
[0.096s] Level 1:colcon.colcon_core.package_identification:_identify(src/orient_to_north) by extension 'ignore_ament_install'
[0.096s] Level 1:colcon.colcon_core.package_identification:_identify(src/orient_to_north) by extensions ['colcon_pkg']
[0.096s] Level 1:colcon.colcon_core.package_identification:_identify(src/orient_to_north) by extension 'colcon_pkg'
[0.096s] Level 1:colcon.colcon_core.package_identification:_identify(src/orient_to_north) by extensions ['colcon_meta']
[0.096s] Level 1:colcon.colcon_core.package_identification:_identify(src/orient_to_north) by extension 'colcon_meta'
[0.096s] Level 1:colcon.colcon_core.package_identification:_identify(src/orient_to_north) by extensions ['ros']
[0.096s] Level 1:colcon.colcon_core.package_identification:_identify(src/orient_to_north) by extension 'ros'
[0.098s] DEBUG:colcon.colcon_core.package_identification:Package 'src/orient_to_north' with type 'ros.ament_python' and name 'orient_to_north'
[0.098s] Level 1:colcon.colcon_core.package_discovery:discover_packages(recursive) using defaults
[0.098s] Level 1:colcon.colcon_core.package_discovery:discover_packages(ignore) discover
[0.098s] Level 1:colcon.colcon_core.package_discovery:discover_packages(ignore) using defaults
[0.098s] Level 1:colcon.colcon_core.package_discovery:discover_packages(path) discover
[0.098s] Level 1:colcon.colcon_core.package_discovery:discover_packages(path) using defaults
[0.105s] Level 1:colcon.colcon_core.package_discovery:discover_packages(prefix_path) check parameters
[0.105s] Level 1:colcon.colcon_core.package_discovery:discover_packages(prefix_path) discover
[0.107s] DEBUG:colcon.colcon_installed_package_information.package_discovery:Found 459 installed packages in /opt/ros/jazzy
[0.107s] Level 1:colcon.colcon_core.package_discovery:discover_packages(prefix_path) using defaults
[0.135s] Level 5:colcon.colcon_core.verb:set package 'orient_to_north' build argument 'cmake_args' from command line to 'None'
[0.135s] Level 5:colcon.colcon_core.verb:set package 'orient_to_north' build argument 'cmake_target' from command line to 'None'
[0.135s] Level 5:colcon.colcon_core.verb:set package 'orient_to_north' build argument 'cmake_target_skip_unavailable' from command line to 'False'
[0.135s] Level 5:colcon.colcon_core.verb:set package 'orient_to_north' build argument 'cmake_clean_cache' from command line to 'False'
[0.135s] Level 5:colcon.colcon_core.verb:set package 'orient_to_north' build argument 'cmake_clean_first' from command line to 'False'
[0.135s] Level 5:colcon.colcon_core.verb:set package 'orient_to_north' build argument 'cmake_force_configure' from command line to 'False'
[0.135s] Level 5:colcon.colcon_core.verb:set package 'orient_to_north' build argument 'ament_cmake_args' from command line to 'None'
[0.135s] Level 5:colcon.colcon_core.verb:set package 'orient_to_north' build argument 'catkin_cmake_args' from command line to 'None'
[0.135s] Level 5:colcon.colcon_core.verb:set package 'orient_to_north' build argument 'catkin_skip_building_tests' from command line to 'False'
[0.135s] DEBUG:colcon.colcon_core.verb:Building package 'orient_to_north' with the following arguments: {'ament_cmake_args': None, 'build_base': '/home/catherine-maglione/ros_home_ws_catherine/build/orient_to_north', 'catkin_cmake_args': None, 'catkin_skip_building_tests': False, 'cmake_args': None, 'cmake_clean_cache': False, 'cmake_clean_first': False, 'cmake_force_configure': False, 'cmake_target': None, 'cmake_target_skip_unavailable': False, 'install_base': '/home/catherine-maglione/ros_home_ws_catherine/install/orient_to_north', 'merge_install': False, 'path': '/home/catherine-maglione/ros_home_ws_catherine/src/orient_to_north', 'symlink_install': False, 'test_result_base': None}
[0.135s] INFO:colcon.colcon_core.executor:Executing jobs using 'parallel' executor
[0.136s] DEBUG:colcon.colcon_parallel_executor.executor.parallel:run_until_complete
[0.136s] INFO:colcon.colcon_ros.task.ament_python.build:Building ROS package in '/home/catherine-maglione/ros_home_ws_catherine/src/orient_to_north' with build type 'ament_python'
[0.136s] Level 1:colcon.colcon_core.shell:create_environment_hook('orient_to_north', 'ament_prefix_path')
[0.137s] INFO:colcon.colcon_core.plugin_system:Skipping extension 'colcon_core.shell.bat': Not used on non-Windows systems
[0.137s] INFO:colcon.colcon_core.shell:Creating environment hook '/home/catherine-maglione/ros_home_ws_catherine/install/orient_to_north/share/orient_to_north/hook/ament_prefix_path.ps1'
[0.137s] INFO:colcon.colcon_core.shell:Creating environment descriptor '/home/catherine-maglione/ros_home_ws_catherine/install/orient_to_north/share/orient_to_north/hook/ament_prefix_path.dsv'
[0.138s] INFO:colcon.colcon_core.shell:Creating environment hook '/home/catherine-maglione/ros_home_ws_catherine/install/orient_to_north/share/orient_to_north/hook/ament_prefix_path.sh'
[0.138s] INFO:colcon.colcon_core.shell:Skip shell extension 'powershell' for command environment: Not usable outside of PowerShell
[0.138s] DEBUG:colcon.colcon_core.shell:Skip shell extension 'dsv' for command environment
[0.246s] INFO:colcon.colcon_core.task.python.build:Building Python package in '/home/catherine-maglione/ros_home_ws_catherine/src/orient_to_north'
[0.246s] INFO:colcon.colcon_core.shell:Skip shell extension 'powershell' for command environment: Not usable outside of PowerShell
[0.246s] DEBUG:colcon.colcon_core.shell:Skip shell extension 'dsv' for command environment
[0.545s] DEBUG:colcon.colcon_core.event_handler.log_command:Invoking command in '/home/catherine-maglione/ros_home_ws_catherine/src/orient_to_north': PYTHONPATH=/home/catherine-maglione/ros_home_ws_catherine/build/orient_to_north/prefix_override:/usr/lib/python3/dist-packages/colcon_core/task/python/colcon_distutils_commands:/home/catherine-maglione/ros_home_ws_catherine/install/orient_to_north/lib/python3.12/site-packages:${PYTHONPATH} /usr/bin/python3 -W ignore:setup.py install is deprecated setup.py egg_info --egg-base ../../build/orient_to_north build --build-base /home/catherine-maglione/ros_home_ws_catherine/build/orient_to_north/build install --record /home/catherine-maglione/ros_home_ws_catherine/build/orient_to_north/install.log --single-version-externally-managed install_data
[0.819s] DEBUG:colcon.colcon_core.event_handler.log_command:Invoked command in '/home/catherine-maglione/ros_home_ws_catherine/src/orient_to_north' returned '0': PYTHONPATH=/home/catherine-maglione/ros_home_ws_catherine/build/orient_to_north/prefix_override:/usr/lib/python3/dist-packages/colcon_core/task/python/colcon_distutils_commands:/home/catherine-maglione/ros_home_ws_catherine/install/orient_to_north/lib/python3.12/site-packages:${PYTHONPATH} /usr/bin/python3 -W ignore:setup.py install is deprecated setup.py egg_info --egg-base ../../build/orient_to_north build --build-base /home/catherine-maglione/ros_home_ws_catherine/build/orient_to_north/build install --record /home/catherine-maglione/ros_home_ws_catherine/build/orient_to_north/install.log --single-version-externally-managed install_data
[0.819s] Level 1:colcon.colcon_core.environment:checking '/home/catherine-maglione/ros_home_ws_catherine/install/orient_to_north' for CMake module files
[0.820s] Level 1:colcon.colcon_core.environment:checking '/home/catherine-maglione/ros_home_ws_catherine/install/orient_to_north' for CMake config files
[0.820s] Level 1:colcon.colcon_core.environment:checking '/home/catherine-maglione/ros_home_ws_catherine/install/orient_to_north/lib'
[0.820s] Level 1:colcon.colcon_core.environment:checking '/home/catherine-maglione/ros_home_ws_catherine/install/orient_to_north/bin'
[0.820s] Level 1:colcon.colcon_core.environment:checking '/home/catherine-maglione/ros_home_ws_catherine/install/orient_to_north/lib/pkgconfig/orient_to_north.pc'
[0.820s] Level 1:colcon.colcon_core.environment:checking '/home/catherine-maglione/ros_home_ws_catherine/install/orient_to_north/lib/python3.12/site-packages'
[0.820s] Level 1:colcon.colcon_core.shell:create_environment_hook('orient_to_north', 'pythonpath')
[0.820s] INFO:colcon.colcon_core.shell:Creating environment hook '/home/catherine-maglione/ros_home_ws_catherine/install/orient_to_north/share/orient_to_north/hook/pythonpath.ps1'
[0.820s] INFO:colcon.colcon_core.shell:Creating environment descriptor '/home/catherine-maglione/ros_home_ws_catherine/install/orient_to_north/share/orient_to_north/hook/pythonpath.dsv'
[0.820s] INFO:colcon.colcon_core.shell:Creating environment hook '/home/catherine-maglione/ros_home_ws_catherine/install/orient_to_north/share/orient_to_north/hook/pythonpath.sh'
[0.821s] Level 1:colcon.colcon_core.environment:checking '/home/catherine-maglione/ros_home_ws_catherine/install/orient_to_north/bin'
[0.821s] Level 1:colcon.colcon_core.environment:create_environment_scripts_only(orient_to_north)
[0.821s] INFO:colcon.colcon_core.shell:Creating package script '/home/catherine-maglione/ros_home_ws_catherine/install/orient_to_north/share/orient_to_north/package.ps1'
[0.821s] INFO:colcon.colcon_core.shell:Creating package descriptor '/home/catherine-maglione/ros_home_ws_catherine/install/orient_to_north/share/orient_to_north/package.dsv'
[0.821s] INFO:colcon.colcon_core.shell:Creating package script '/home/catherine-maglione/ros_home_ws_catherine/install/orient_to_north/share/orient_to_north/package.sh'
[0.822s] INFO:colcon.colcon_core.shell:Creating package script '/home/catherine-maglione/ros_home_ws_catherine/install/orient_to_north/share/orient_to_north/package.bash'
[0.822s] INFO:colcon.colcon_core.shell:Creating package script '/home/catherine-maglione/ros_home_ws_catherine/install/orient_to_north/share/orient_to_north/package.zsh'
[0.822s] Level 1:colcon.colcon_core.environment:create_file_with_runtime_dependencies(/home/catherine-maglione/ros_home_ws_catherine/install/orient_to_north/share/colcon-core/packages/orient_to_north)
[0.822s] DEBUG:colcon.colcon_parallel_executor.executor.parallel:closing loop
[0.822s] DEBUG:colcon.colcon_parallel_executor.executor.parallel:loop closed
[0.822s] DEBUG:colcon.colcon_parallel_executor.executor.parallel:run_until_complete finished with '0'
[0.822s] DEBUG:colcon.colcon_core.event_reactor:joining thread
[0.825s] INFO:colcon.colcon_core.plugin_system:Skipping extension 'colcon_notification.desktop_notification.terminal_notifier': Not used on non-Darwin systems
[0.825s] INFO:colcon.colcon_core.plugin_system:Skipping extension 'colcon_notification.desktop_notification.win32': Not used on non-Windows systems
[0.825s] INFO:colcon.colcon_notification.desktop_notification:Sending desktop notification using 'notify2'
[0.834s] DEBUG:colcon.colcon_core.event_reactor:joined thread
[0.834s] INFO:colcon.colcon_core.shell:Creating prefix script '/home/catherine-maglione/ros_home_ws_catherine/install/local_setup.ps1'
[0.835s] INFO:colcon.colcon_core.shell:Creating prefix util module '/home/catherine-maglione/ros_home_ws_catherine/install/_local_setup_util_ps1.py'
[0.835s] INFO:colcon.colcon_core.shell:Creating prefix chain script '/home/catherine-maglione/ros_home_ws_catherine/install/setup.ps1'
[0.835s] INFO:colcon.colcon_core.shell:Creating prefix script '/home/catherine-maglione/ros_home_ws_catherine/install/local_setup.sh'
[0.835s] INFO:colcon.colcon_core.shell:Creating prefix util module '/home/catherine-maglione/ros_home_ws_catherine/install/_local_setup_util_sh.py'
[0.836s] INFO:colcon.colcon_core.shell:Creating prefix chain script '/home/catherine-maglione/ros_home_ws_catherine/install/setup.sh'
[0.836s] INFO:colcon.colcon_core.shell:Creating prefix script '/home/catherine-maglione/ros_home_ws_catherine/install/local_setup.bash'
[0.836s] INFO:colcon.colcon_core.shell:Creating prefix chain script '/home/catherine-maglione/ros_home_ws_catherine/install/setup.bash'
[0.836s] INFO:colcon.colcon_core.shell:Creating prefix script '/home/catherine-maglione/ros_home_ws_catherine/install/local_setup.zsh'
[0.836s] INFO:colcon.colcon_core.shell:Creating prefix chain script '/home/catherine-maglione/ros_home_ws_catherine/install/setup.zsh'
