[0.424s] Invoking command in '/home/catherine-maglione/ros_home_ws_catherine/src/orient_to_north': PYTHONPATH=/home/catherine-maglione/ros_home_ws_catherine/build/orient_to_north/prefix_override:/usr/lib/python3/dist-packages/colcon_core/task/python/colcon_distutils_commands:/home/catherine-maglione/ros_home_ws_catherine/install/orient_to_north/lib/python3.12/site-packages:${PYTHONPATH} /usr/bin/python3 -W ignore:setup.py install is deprecated setup.py egg_info --egg-base ../../build/orient_to_north build --build-base /home/catherine-maglione/ros_home_ws_catherine/build/orient_to_north/build install --record /home/catherine-maglione/ros_home_ws_catherine/build/orient_to_north/install.log --single-version-externally-managed install_data
[0.565s] running egg_info
[0.576s] writing ../../build/orient_to_north/orient_to_north.egg-info/PKG-INFO
[0.576s] writing dependency_links to ../../build/orient_to_north/orient_to_north.egg-info/dependency_links.txt
[0.576s] writing entry points to ../../build/orient_to_north/orient_to_north.egg-info/entry_points.txt
[0.576s] writing requirements to ../../build/orient_to_north/orient_to_north.egg-info/requires.txt
[0.576s] writing top-level names to ../../build/orient_to_north/orient_to_north.egg-info/top_level.txt
[0.597s] reading manifest file '../../build/orient_to_north/orient_to_north.egg-info/SOURCES.txt'
[0.597s] writing manifest file '../../build/orient_to_north/orient_to_north.egg-info/SOURCES.txt'
[0.597s] running build
[0.597s] running build_py
[0.598s] copying orient_to_north/orient_to_north.py -> /home/catherine-maglione/ros_home_ws_catherine/build/orient_to_north/build/lib/orient_to_north
[0.598s] running install
[0.601s] running install_lib
[0.612s] copying /home/catherine-maglione/ros_home_ws_catherine/build/orient_to_north/build/lib/orient_to_north/orient_to_north.py -> /home/catherine-maglione/ros_home_ws_catherine/install/orient_to_north/lib/python3.12/site-packages/orient_to_north
[0.612s] byte-compiling /home/catherine-maglione/ros_home_ws_catherine/install/orient_to_north/lib/python3.12/site-packages/orient_to_north/orient_to_north.py to orient_to_north.cpython-312.pyc
[0.612s] running install_data
[0.612s] running install_egg_info
[0.624s] removing '/home/catherine-maglione/ros_home_ws_catherine/install/orient_to_north/lib/python3.12/site-packages/orient_to_north-0.0.0-py3.12.egg-info' (and everything under it)
[0.624s] Copying ../../build/orient_to_north/orient_to_north.egg-info to /home/catherine-maglione/ros_home_ws_catherine/install/orient_to_north/lib/python3.12/site-packages/orient_to_north-0.0.0-py3.12.egg-info
[0.624s] running install_scripts
[0.694s] Installing orient_to_north script to /home/catherine-maglione/ros_home_ws_catherine/install/orient_to_north/lib/orient_to_north
[0.694s] writing list of installed files to '/home/catherine-maglione/ros_home_ws_catherine/build/orient_to_north/install.log'
[0.706s] Invoked command in '/home/catherine-maglione/ros_home_ws_catherine/src/orient_to_north' returned '0': PYTHONPATH=/home/catherine-maglione/ros_home_ws_catherine/build/orient_to_north/prefix_override:/usr/lib/python3/dist-packages/colcon_core/task/python/colcon_distutils_commands:/home/catherine-maglione/ros_home_ws_catherine/install/orient_to_north/lib/python3.12/site-packages:${PYTHONPATH} /usr/bin/python3 -W ignore:setup.py install is deprecated setup.py egg_info --egg-base ../../build/orient_to_north build --build-base /home/catherine-maglione/ros_home_ws_catherine/build/orient_to_north/build install --record /home/catherine-maglione/ros_home_ws_catherine/build/orient_to_north/install.log --single-version-externally-managed install_data
