[0.748s] DEBUG:colcon:Command line arguments: ['/usr/bin/colcon', 'build', '--build-base', 'aarch64_build', '--install-base', 'aarch64_install', '--cmake-args', '-DCMAKE_TOOLCHAIN_FILE=/toolchain.cmake', '-DCMAKE_INSTALL_PREFIX=aarch64_install']
[0.748s] DEBUG:colcon:Parsed command line arguments: Namespace(log_base=None, log_level=None, verb_name='build', build_base='/ros_ws/aarch64_build', install_base='/ros_ws/aarch64_install', merge_install=False, symlink_install=False, test_result_base=None, continue_on_error=False, executor='parallel', parallel_workers=32, event_handlers=None, ignore_user_meta=False, metas=['./colcon.meta'], base_paths=['.'], packages_ignore=None, packages_ignore_regex=None, paths=None, packages_up_to=None, packages_up_to_regex=None, packages_above=None, packages_above_and_dependencies=None, packages_above_depth=None, packages_select_by_dep=None, packages_skip_by_dep=None, packages_skip_up_to=None, packages_select_build_failed=False, packages_skip_build_finished=False, packages_select_test_failures=False, packages_skip_test_passed=False, packages_select=None, packages_skip=None, packages_select_regex=None, packages_skip_regex=None, packages_start=None, packages_end=None, allow_overriding=[], cmake_args=['-DCMAKE_TOOLCHAIN_FILE=/toolchain.cmake', '-DCMAKE_INSTALL_PREFIX=aarch64_install'], cmake_target=None, cmake_target_skip_unavailable=False, cmake_clean_cache=False, cmake_clean_first=False, cmake_force_configure=False, ament_cmake_args=None, catkin_cmake_args=None, catkin_skip_building_tests=False, verb_parser=<colcon_defaults.argument_parser.defaults.DefaultArgumentsDecorator object at 0x79c54a07b280>, verb_extension=<colcon_core.verb.build.BuildVerb object at 0x79c54a0791e0>, main=<bound method BuildVerb.main of <colcon_core.verb.build.BuildVerb object at 0x79c54a0791e0>>)
[0.787s] Level 1:colcon.colcon_core.package_discovery:discover_packages(colcon_meta) check parameters
[0.787s] Level 1:colcon.colcon_core.package_discovery:discover_packages(recursive) check parameters
[0.787s] Level 1:colcon.colcon_core.package_discovery:discover_packages(ignore) check parameters
[0.787s] Level 1:colcon.colcon_core.package_discovery:discover_packages(path) check parameters
[0.787s] Level 1:colcon.colcon_core.package_discovery:discover_packages(colcon_meta) discover
[0.787s] Level 1:colcon.colcon_core.package_discovery:discover_packages(recursive) discover
[0.787s] INFO:colcon.colcon_core.package_discovery:Crawling recursively for packages in '/ros_ws'
[0.787s] Level 1:colcon.colcon_core.package_identification:_identify(.) by extensions ['ignore', 'ignore_ament_install']
[0.787s] Level 1:colcon.colcon_core.package_identification:_identify(.) by extension 'ignore'
[0.788s] Level 1:colcon.colcon_core.package_identification:_identify(.) by extension 'ignore_ament_install'
[0.788s] Level 1:colcon.colcon_core.package_identification:_identify(.) by extensions ['colcon_pkg']
[0.788s] Level 1:colcon.colcon_core.package_identification:_identify(.) by extension 'colcon_pkg'
[0.788s] Level 1:colcon.colcon_core.package_identification:_identify(.) by extensions ['colcon_meta']
[0.788s] Level 1:colcon.colcon_core.package_identification:_identify(.) by extension 'colcon_meta'
[0.788s] Level 1:colcon.colcon_core.package_identification:_identify(.) by extensions ['ros']
[0.788s] Level 1:colcon.colcon_core.package_identification:_identify(.) by extension 'ros'
[0.809s] Level 1:colcon.colcon_core.package_identification:_identify(.) by extensions ['cmake', 'python']
[0.809s] Level 1:colcon.colcon_core.package_identification:_identify(.) by extension 'cmake'
[0.809s] Level 1:colcon.colcon_core.package_identification:_identify(.) by extension 'python'
[0.809s] Level 1:colcon.colcon_core.package_identification:_identify(.) by extensions ['python_setup_py']
[0.809s] Level 1:colcon.colcon_core.package_identification:_identify(.) by extension 'python_setup_py'
[0.809s] Level 1:colcon.colcon_core.package_identification:_identify(aarch64_build) by extensions ['ignore', 'ignore_ament_install']
[0.809s] Level 1:colcon.colcon_core.package_identification:_identify(aarch64_build) by extension 'ignore'
[0.809s] Level 1:colcon.colcon_core.package_identification:_identify(aarch64_build) ignored
[0.809s] Level 1:colcon.colcon_core.package_identification:_identify(aarch64_install) by extensions ['ignore', 'ignore_ament_install']
[0.810s] Level 1:colcon.colcon_core.package_identification:_identify(aarch64_install) by extension 'ignore'
[0.810s] Level 1:colcon.colcon_core.package_identification:_identify(aarch64_install) ignored
[0.810s] Level 1:colcon.colcon_core.package_identification:_identify(build) by extensions ['ignore', 'ignore_ament_install']
[0.810s] Level 1:colcon.colcon_core.package_identification:_identify(build) by extension 'ignore'
[0.810s] Level 1:colcon.colcon_core.package_identification:_identify(build) ignored
[0.810s] Level 1:colcon.colcon_core.package_identification:_identify(install) by extensions ['ignore', 'ignore_ament_install']
[0.810s] Level 1:colcon.colcon_core.package_identification:_identify(install) by extension 'ignore'
[0.810s] Level 1:colcon.colcon_core.package_identification:_identify(install) ignored
[0.810s] Level 1:colcon.colcon_core.package_identification:_identify(log) by extensions ['ignore', 'ignore_ament_install']
[0.810s] Level 1:colcon.colcon_core.package_identification:_identify(log) by extension 'ignore'
[0.810s] Level 1:colcon.colcon_core.package_identification:_identify(log) ignored
[0.810s] Level 1:colcon.colcon_core.package_identification:_identify(src) by extensions ['ignore', 'ignore_ament_install']
[0.810s] Level 1:colcon.colcon_core.package_identification:_identify(src) by extension 'ignore'
[0.810s] Level 1:colcon.colcon_core.package_identification:_identify(src) by extension 'ignore_ament_install'
[0.810s] Level 1:colcon.colcon_core.package_identification:_identify(src) by extensions ['colcon_pkg']
[0.810s] Level 1:colcon.colcon_core.package_identification:_identify(src) by extension 'colcon_pkg'
[0.810s] Level 1:colcon.colcon_core.package_identification:_identify(src) by extensions ['colcon_meta']
[0.810s] Level 1:colcon.colcon_core.package_identification:_identify(src) by extension 'colcon_meta'
[0.810s] Level 1:colcon.colcon_core.package_identification:_identify(src) by extensions ['ros']
[0.810s] Level 1:colcon.colcon_core.package_identification:_identify(src) by extension 'ros'
[0.810s] Level 1:colcon.colcon_core.package_identification:_identify(src) by extensions ['cmake', 'python']
[0.810s] Level 1:colcon.colcon_core.package_identification:_identify(src) by extension 'cmake'
[0.810s] Level 1:colcon.colcon_core.package_identification:_identify(src) by extension 'python'
[0.810s] Level 1:colcon.colcon_core.package_identification:_identify(src) by extensions ['python_setup_py']
[0.811s] Level 1:colcon.colcon_core.package_identification:_identify(src) by extension 'python_setup_py'
[0.811s] Level 1:colcon.colcon_core.package_identification:_identify(src/numsr_turtlebot) by extensions ['ignore', 'ignore_ament_install']
[0.811s] Level 1:colcon.colcon_core.package_identification:_identify(src/numsr_turtlebot) by extension 'ignore'
[0.811s] Level 1:colcon.colcon_core.package_identification:_identify(src/numsr_turtlebot) by extension 'ignore_ament_install'
[0.811s] Level 1:colcon.colcon_core.package_identification:_identify(src/numsr_turtlebot) by extensions ['colcon_pkg']
[0.811s] Level 1:colcon.colcon_core.package_identification:_identify(src/numsr_turtlebot) by extension 'colcon_pkg'
[0.811s] Level 1:colcon.colcon_core.package_identification:_identify(src/numsr_turtlebot) by extensions ['colcon_meta']
[0.811s] Level 1:colcon.colcon_core.package_identification:_identify(src/numsr_turtlebot) by extension 'colcon_meta'
[0.811s] Level 1:colcon.colcon_core.package_identification:_identify(src/numsr_turtlebot) by extensions ['ros']
[0.811s] Level 1:colcon.colcon_core.package_identification:_identify(src/numsr_turtlebot) by extension 'ros'
[0.817s] DEBUG:colcon.colcon_core.package_identification:Package 'src/numsr_turtlebot' with type 'ros.ament_cmake' and name 'numsr_turtlebot'
[0.817s] Level 1:colcon.colcon_core.package_identification:_identify(src/nuturtlebot_msgs) by extensions ['ignore', 'ignore_ament_install']
[0.817s] Level 1:colcon.colcon_core.package_identification:_identify(src/nuturtlebot_msgs) by extension 'ignore'
[0.817s] Level 1:colcon.colcon_core.package_identification:_identify(src/nuturtlebot_msgs) by extension 'ignore_ament_install'
[0.817s] Level 1:colcon.colcon_core.package_identification:_identify(src/nuturtlebot_msgs) by extensions ['colcon_pkg']
[0.817s] Level 1:colcon.colcon_core.package_identification:_identify(src/nuturtlebot_msgs) by extension 'colcon_pkg'
[0.817s] Level 1:colcon.colcon_core.package_identification:_identify(src/nuturtlebot_msgs) by extensions ['colcon_meta']
[0.817s] Level 1:colcon.colcon_core.package_identification:_identify(src/nuturtlebot_msgs) by extension 'colcon_meta'
[0.817s] Level 1:colcon.colcon_core.package_identification:_identify(src/nuturtlebot_msgs) by extensions ['ros']
[0.817s] Level 1:colcon.colcon_core.package_identification:_identify(src/nuturtlebot_msgs) by extension 'ros'
[0.818s] DEBUG:colcon.colcon_core.package_identification:Package 'src/nuturtlebot_msgs' with type 'ros.ament_cmake' and name 'nuturtlebot_msgs'
[0.818s] Level 1:colcon.colcon_core.package_discovery:discover_packages(recursive) using defaults
[0.818s] Level 1:colcon.colcon_core.package_discovery:discover_packages(ignore) discover
[0.818s] Level 1:colcon.colcon_core.package_discovery:discover_packages(ignore) using defaults
[0.818s] Level 1:colcon.colcon_core.package_discovery:discover_packages(path) discover
[0.818s] Level 1:colcon.colcon_core.package_discovery:discover_packages(path) using defaults
[0.914s] Level 1:colcon.colcon_core.package_discovery:discover_packages(prefix_path) check parameters
[0.914s] Level 1:colcon.colcon_core.package_discovery:discover_packages(prefix_path) discover
[0.935s] DEBUG:colcon.colcon_installed_package_information.package_discovery:Found 288 installed packages in /opt/ros/iron
[0.936s] Level 1:colcon.colcon_core.package_discovery:discover_packages(prefix_path) using defaults
[0.996s] Level 5:colcon.colcon_core.verb:set package 'nuturtlebot_msgs' build argument 'cmake_args' from command line to '['-DCMAKE_TOOLCHAIN_FILE=/toolchain.cmake', '-DCMAKE_INSTALL_PREFIX=aarch64_install']'
[0.996s] Level 5:colcon.colcon_core.verb:set package 'nuturtlebot_msgs' build argument 'cmake_target' from command line to 'None'
[0.996s] Level 5:colcon.colcon_core.verb:set package 'nuturtlebot_msgs' build argument 'cmake_target_skip_unavailable' from command line to 'False'
[0.996s] Level 5:colcon.colcon_core.verb:set package 'nuturtlebot_msgs' build argument 'cmake_clean_cache' from command line to 'False'
[0.996s] Level 5:colcon.colcon_core.verb:set package 'nuturtlebot_msgs' build argument 'cmake_clean_first' from command line to 'False'
[0.996s] Level 5:colcon.colcon_core.verb:set package 'nuturtlebot_msgs' build argument 'cmake_force_configure' from command line to 'False'
[0.996s] Level 5:colcon.colcon_core.verb:set package 'nuturtlebot_msgs' build argument 'ament_cmake_args' from command line to 'None'
[0.996s] Level 5:colcon.colcon_core.verb:set package 'nuturtlebot_msgs' build argument 'catkin_cmake_args' from command line to 'None'
[0.996s] Level 5:colcon.colcon_core.verb:set package 'nuturtlebot_msgs' build argument 'catkin_skip_building_tests' from command line to 'False'
[0.996s] DEBUG:colcon.colcon_core.verb:Building package 'nuturtlebot_msgs' with the following arguments: {'ament_cmake_args': None, 'build_base': '/ros_ws/aarch64_build/nuturtlebot_msgs', 'catkin_cmake_args': None, 'catkin_skip_building_tests': False, 'cmake_args': ['-DCMAKE_TOOLCHAIN_FILE=/toolchain.cmake', '-DCMAKE_INSTALL_PREFIX=aarch64_install'], 'cmake_clean_cache': False, 'cmake_clean_first': False, 'cmake_force_configure': False, 'cmake_target': None, 'cmake_target_skip_unavailable': False, 'install_base': '/ros_ws/aarch64_install/nuturtlebot_msgs', 'merge_install': False, 'path': '/ros_ws/src/nuturtlebot_msgs', 'symlink_install': False, 'test_result_base': None}
[1.004s] Level 5:colcon.colcon_core.verb:set package 'numsr_turtlebot' build argument 'cmake_args' from command line to '['-DCMAKE_TOOLCHAIN_FILE=/toolchain.cmake', '-DCMAKE_INSTALL_PREFIX=aarch64_install']'
[1.004s] Level 5:colcon.colcon_core.verb:set package 'numsr_turtlebot' build argument 'cmake_target' from command line to 'None'
[1.004s] Level 5:colcon.colcon_core.verb:set package 'numsr_turtlebot' build argument 'cmake_target_skip_unavailable' from command line to 'False'
[1.004s] Level 5:colcon.colcon_core.verb:set package 'numsr_turtlebot' build argument 'cmake_clean_cache' from command line to 'False'
[1.004s] Level 5:colcon.colcon_core.verb:set package 'numsr_turtlebot' build argument 'cmake_clean_first' from command line to 'False'
[1.004s] Level 5:colcon.colcon_core.verb:set package 'numsr_turtlebot' build argument 'cmake_force_configure' from command line to 'False'
[1.004s] Level 5:colcon.colcon_core.verb:set package 'numsr_turtlebot' build argument 'ament_cmake_args' from command line to 'None'
[1.004s] Level 5:colcon.colcon_core.verb:set package 'numsr_turtlebot' build argument 'catkin_cmake_args' from command line to 'None'
[1.004s] Level 5:colcon.colcon_core.verb:set package 'numsr_turtlebot' build argument 'catkin_skip_building_tests' from command line to 'False'
[1.005s] DEBUG:colcon.colcon_core.verb:Building package 'numsr_turtlebot' with the following arguments: {'ament_cmake_args': None, 'build_base': '/ros_ws/aarch64_build/numsr_turtlebot', 'catkin_cmake_args': None, 'catkin_skip_building_tests': False, 'cmake_args': ['-DCMAKE_TOOLCHAIN_FILE=/toolchain.cmake', '-DCMAKE_INSTALL_PREFIX=aarch64_install'], 'cmake_clean_cache': False, 'cmake_clean_first': False, 'cmake_force_configure': False, 'cmake_target': None, 'cmake_target_skip_unavailable': False, 'install_base': '/ros_ws/aarch64_install/numsr_turtlebot', 'merge_install': False, 'path': '/ros_ws/src/numsr_turtlebot', 'symlink_install': False, 'test_result_base': None}
[1.012s] INFO:colcon.colcon_core.executor:Executing jobs using 'parallel' executor
[1.021s] DEBUG:colcon.colcon_parallel_executor.executor.parallel:run_until_complete
[1.021s] INFO:colcon.colcon_ros.task.ament_cmake.build:Building ROS package in '/ros_ws/src/nuturtlebot_msgs' with build type 'ament_cmake'
[1.021s] INFO:colcon.colcon_cmake.task.cmake.build:Building CMake package in '/ros_ws/src/nuturtlebot_msgs'
[1.035s] INFO:colcon.colcon_core.plugin_system:Skipping extension 'colcon_core.shell.bat': Not used on non-Windows systems
[1.035s] INFO:colcon.colcon_core.shell:Skip shell extension 'powershell' for command environment: Not usable outside of PowerShell
[1.035s] DEBUG:colcon.colcon_core.shell:Skip shell extension 'dsv' for command environment
[1.070s] DEBUG:colcon.colcon_core.event_handler.log_command:Invoking command in '/ros_ws/aarch64_build/nuturtlebot_msgs': CMAKE_PREFIX_PATH=/opt/ros/iron /usr/bin/cmake --build /ros_ws/aarch64_build/nuturtlebot_msgs -- -j32 -l32
[1.679s] DEBUG:colcon.colcon_core.event_handler.log_command:Invoked command in '/ros_ws/aarch64_build/nuturtlebot_msgs' returned '0': CMAKE_PREFIX_PATH=/opt/ros/iron /usr/bin/cmake --build /ros_ws/aarch64_build/nuturtlebot_msgs -- -j32 -l32
[1.881s] DEBUG:colcon.colcon_core.event_handler.log_command:Invoking command in '/ros_ws/aarch64_build/nuturtlebot_msgs': CMAKE_PREFIX_PATH=/opt/ros/iron /usr/bin/cmake --install /ros_ws/aarch64_build/nuturtlebot_msgs
[1.991s] Level 1:colcon.colcon_core.environment:create_environment_scripts_only(nuturtlebot_msgs)
[1.996s] DEBUG:colcon.colcon_core.event_handler.log_command:Invoked command in '/ros_ws/aarch64_build/nuturtlebot_msgs' returned '0': CMAKE_PREFIX_PATH=/opt/ros/iron /usr/bin/cmake --install /ros_ws/aarch64_build/nuturtlebot_msgs
[2.008s] Level 1:colcon.colcon_core.environment:checking '/ros_ws/aarch64_install/nuturtlebot_msgs' for CMake module files
[2.009s] Level 1:colcon.colcon_core.environment:checking '/ros_ws/aarch64_install/nuturtlebot_msgs' for CMake config files
[2.009s] Level 1:colcon.colcon_core.shell:create_environment_hook('nuturtlebot_msgs', 'cmake_prefix_path')
[2.018s] INFO:colcon.colcon_core.shell:Creating environment hook '/ros_ws/aarch64_install/nuturtlebot_msgs/share/nuturtlebot_msgs/hook/cmake_prefix_path.ps1'
[2.019s] INFO:colcon.colcon_core.shell:Creating environment descriptor '/ros_ws/aarch64_install/nuturtlebot_msgs/share/nuturtlebot_msgs/hook/cmake_prefix_path.dsv'
[2.019s] INFO:colcon.colcon_core.shell:Creating environment hook '/ros_ws/aarch64_install/nuturtlebot_msgs/share/nuturtlebot_msgs/hook/cmake_prefix_path.sh'
[2.020s] Level 1:colcon.colcon_core.environment:checking '/ros_ws/aarch64_install/nuturtlebot_msgs/lib'
[2.020s] Level 1:colcon.colcon_core.shell:create_environment_hook('nuturtlebot_msgs', 'ld_library_path_lib')
[2.033s] INFO:colcon.colcon_core.shell:Creating environment hook '/ros_ws/aarch64_install/nuturtlebot_msgs/share/nuturtlebot_msgs/hook/ld_library_path_lib.ps1'
[2.033s] INFO:colcon.colcon_core.shell:Creating environment descriptor '/ros_ws/aarch64_install/nuturtlebot_msgs/share/nuturtlebot_msgs/hook/ld_library_path_lib.dsv'
[2.033s] INFO:colcon.colcon_core.shell:Creating environment hook '/ros_ws/aarch64_install/nuturtlebot_msgs/share/nuturtlebot_msgs/hook/ld_library_path_lib.sh'
[2.034s] Level 1:colcon.colcon_core.environment:checking '/ros_ws/aarch64_install/nuturtlebot_msgs/bin'
[2.034s] Level 1:colcon.colcon_core.environment:checking '/ros_ws/aarch64_install/nuturtlebot_msgs/lib/pkgconfig/nuturtlebot_msgs.pc'
[2.034s] Level 1:colcon.colcon_core.environment:checking '/ros_ws/aarch64_install/nuturtlebot_msgs/lib/python3.10/site-packages'
[2.034s] Level 1:colcon.colcon_core.shell:create_environment_hook('nuturtlebot_msgs', 'pythonpath')
[2.044s] INFO:colcon.colcon_core.shell:Creating environment hook '/ros_ws/aarch64_install/nuturtlebot_msgs/share/nuturtlebot_msgs/hook/pythonpath.ps1'
[2.045s] INFO:colcon.colcon_core.shell:Creating environment descriptor '/ros_ws/aarch64_install/nuturtlebot_msgs/share/nuturtlebot_msgs/hook/pythonpath.dsv'
[2.045s] INFO:colcon.colcon_core.shell:Creating environment hook '/ros_ws/aarch64_install/nuturtlebot_msgs/share/nuturtlebot_msgs/hook/pythonpath.sh'
[2.046s] Level 1:colcon.colcon_core.environment:checking '/ros_ws/aarch64_install/nuturtlebot_msgs/bin'
[2.058s] INFO:colcon.colcon_core.shell:Creating package script '/ros_ws/aarch64_install/nuturtlebot_msgs/share/nuturtlebot_msgs/package.ps1'
[2.059s] INFO:colcon.colcon_core.shell:Creating package descriptor '/ros_ws/aarch64_install/nuturtlebot_msgs/share/nuturtlebot_msgs/package.dsv'
[2.060s] INFO:colcon.colcon_core.shell:Creating package script '/ros_ws/aarch64_install/nuturtlebot_msgs/share/nuturtlebot_msgs/package.sh'
[2.060s] INFO:colcon.colcon_core.shell:Creating package script '/ros_ws/aarch64_install/nuturtlebot_msgs/share/nuturtlebot_msgs/package.bash'
[2.061s] INFO:colcon.colcon_core.shell:Creating package script '/ros_ws/aarch64_install/nuturtlebot_msgs/share/nuturtlebot_msgs/package.zsh'
[2.061s] Level 1:colcon.colcon_core.environment:create_file_with_runtime_dependencies(/ros_ws/aarch64_install/nuturtlebot_msgs/share/colcon-core/packages/nuturtlebot_msgs)
[2.239s] Level 1:colcon.colcon_core.environment:create_environment_scripts_only(nuturtlebot_msgs)
[2.251s] Level 1:colcon.colcon_core.environment:checking '/ros_ws/aarch64_install/nuturtlebot_msgs' for CMake module files
[2.251s] Level 1:colcon.colcon_core.environment:checking '/ros_ws/aarch64_install/nuturtlebot_msgs' for CMake config files
[2.252s] Level 1:colcon.colcon_core.shell:create_environment_hook('nuturtlebot_msgs', 'cmake_prefix_path')
[2.264s] INFO:colcon.colcon_core.shell:Creating environment hook '/ros_ws/aarch64_install/nuturtlebot_msgs/share/nuturtlebot_msgs/hook/cmake_prefix_path.ps1'
[2.265s] INFO:colcon.colcon_core.shell:Creating environment descriptor '/ros_ws/aarch64_install/nuturtlebot_msgs/share/nuturtlebot_msgs/hook/cmake_prefix_path.dsv'
[2.266s] INFO:colcon.colcon_core.shell:Creating environment hook '/ros_ws/aarch64_install/nuturtlebot_msgs/share/nuturtlebot_msgs/hook/cmake_prefix_path.sh'
[2.266s] Level 1:colcon.colcon_core.environment:checking '/ros_ws/aarch64_install/nuturtlebot_msgs/lib'
[2.266s] Level 1:colcon.colcon_core.shell:create_environment_hook('nuturtlebot_msgs', 'ld_library_path_lib')
[2.275s] INFO:colcon.colcon_core.shell:Creating environment hook '/ros_ws/aarch64_install/nuturtlebot_msgs/share/nuturtlebot_msgs/hook/ld_library_path_lib.ps1'
[2.276s] INFO:colcon.colcon_core.shell:Creating environment descriptor '/ros_ws/aarch64_install/nuturtlebot_msgs/share/nuturtlebot_msgs/hook/ld_library_path_lib.dsv'
[2.276s] INFO:colcon.colcon_core.shell:Creating environment hook '/ros_ws/aarch64_install/nuturtlebot_msgs/share/nuturtlebot_msgs/hook/ld_library_path_lib.sh'
[2.276s] Level 1:colcon.colcon_core.environment:checking '/ros_ws/aarch64_install/nuturtlebot_msgs/bin'
[2.276s] Level 1:colcon.colcon_core.environment:checking '/ros_ws/aarch64_install/nuturtlebot_msgs/lib/pkgconfig/nuturtlebot_msgs.pc'
[2.277s] Level 1:colcon.colcon_core.environment:checking '/ros_ws/aarch64_install/nuturtlebot_msgs/lib/python3.10/site-packages'
[2.277s] Level 1:colcon.colcon_core.shell:create_environment_hook('nuturtlebot_msgs', 'pythonpath')
[2.284s] INFO:colcon.colcon_core.shell:Creating environment hook '/ros_ws/aarch64_install/nuturtlebot_msgs/share/nuturtlebot_msgs/hook/pythonpath.ps1'
[2.285s] INFO:colcon.colcon_core.shell:Creating environment descriptor '/ros_ws/aarch64_install/nuturtlebot_msgs/share/nuturtlebot_msgs/hook/pythonpath.dsv'
[2.285s] INFO:colcon.colcon_core.shell:Creating environment hook '/ros_ws/aarch64_install/nuturtlebot_msgs/share/nuturtlebot_msgs/hook/pythonpath.sh'
[2.286s] Level 1:colcon.colcon_core.environment:checking '/ros_ws/aarch64_install/nuturtlebot_msgs/bin'
[2.299s] INFO:colcon.colcon_core.shell:Creating package script '/ros_ws/aarch64_install/nuturtlebot_msgs/share/nuturtlebot_msgs/package.ps1'
[2.299s] INFO:colcon.colcon_core.shell:Creating package descriptor '/ros_ws/aarch64_install/nuturtlebot_msgs/share/nuturtlebot_msgs/package.dsv'
[2.300s] INFO:colcon.colcon_core.shell:Creating package script '/ros_ws/aarch64_install/nuturtlebot_msgs/share/nuturtlebot_msgs/package.sh'
[2.300s] INFO:colcon.colcon_core.shell:Creating package script '/ros_ws/aarch64_install/nuturtlebot_msgs/share/nuturtlebot_msgs/package.bash'
[2.300s] INFO:colcon.colcon_core.shell:Creating package script '/ros_ws/aarch64_install/nuturtlebot_msgs/share/nuturtlebot_msgs/package.zsh'
[2.301s] Level 1:colcon.colcon_core.environment:create_file_with_runtime_dependencies(/ros_ws/aarch64_install/nuturtlebot_msgs/share/colcon-core/packages/nuturtlebot_msgs)
[2.301s] INFO:colcon.colcon_ros.task.ament_cmake.build:Building ROS package in '/ros_ws/src/numsr_turtlebot' with build type 'ament_cmake'
[2.301s] INFO:colcon.colcon_cmake.task.cmake.build:Building CMake package in '/ros_ws/src/numsr_turtlebot'
[2.321s] INFO:colcon.colcon_core.shell:Skip shell extension 'powershell' for command environment: Not usable outside of PowerShell
[2.321s] DEBUG:colcon.colcon_core.shell:Skip shell extension 'dsv' for command environment
[2.369s] DEBUG:colcon.colcon_core.event_handler.log_command:Invoking command in '/ros_ws/aarch64_build/numsr_turtlebot': AMENT_PREFIX_PATH=/ros_ws/aarch64_install/nuturtlebot_msgs:${AMENT_PREFIX_PATH} CMAKE_PREFIX_PATH=/ros_ws/aarch64_install/nuturtlebot_msgs:/opt/ros/iron LD_LIBRARY_PATH=/ros_ws/aarch64_install/nuturtlebot_msgs/lib:${LD_LIBRARY_PATH} PYTHONPATH=/ros_ws/aarch64_install/nuturtlebot_msgs/lib/python3.10/site-packages:${PYTHONPATH} /usr/bin/cmake --build /ros_ws/aarch64_build/numsr_turtlebot -- -j32 -l32
[11.888s] DEBUG:colcon.colcon_core.event_handler.log_command:Invoked command in '/ros_ws/aarch64_build/numsr_turtlebot' returned '0': AMENT_PREFIX_PATH=/ros_ws/aarch64_install/nuturtlebot_msgs:${AMENT_PREFIX_PATH} CMAKE_PREFIX_PATH=/ros_ws/aarch64_install/nuturtlebot_msgs:/opt/ros/iron LD_LIBRARY_PATH=/ros_ws/aarch64_install/nuturtlebot_msgs/lib:${LD_LIBRARY_PATH} PYTHONPATH=/ros_ws/aarch64_install/nuturtlebot_msgs/lib/python3.10/site-packages:${PYTHONPATH} /usr/bin/cmake --build /ros_ws/aarch64_build/numsr_turtlebot -- -j32 -l32
[11.936s] DEBUG:colcon.colcon_core.event_handler.log_command:Invoking command in '/ros_ws/aarch64_build/numsr_turtlebot': AMENT_PREFIX_PATH=/ros_ws/aarch64_install/nuturtlebot_msgs:${AMENT_PREFIX_PATH} CMAKE_PREFIX_PATH=/ros_ws/aarch64_install/nuturtlebot_msgs:/opt/ros/iron LD_LIBRARY_PATH=/ros_ws/aarch64_install/nuturtlebot_msgs/lib:${LD_LIBRARY_PATH} PYTHONPATH=/ros_ws/aarch64_install/nuturtlebot_msgs/lib/python3.10/site-packages:${PYTHONPATH} /usr/bin/cmake --install /ros_ws/aarch64_build/numsr_turtlebot
[11.956s] Level 1:colcon.colcon_core.environment:create_environment_scripts_only(numsr_turtlebot)
[11.957s] DEBUG:colcon.colcon_core.event_handler.log_command:Invoked command in '/ros_ws/aarch64_build/numsr_turtlebot' returned '0': AMENT_PREFIX_PATH=/ros_ws/aarch64_install/nuturtlebot_msgs:${AMENT_PREFIX_PATH} CMAKE_PREFIX_PATH=/ros_ws/aarch64_install/nuturtlebot_msgs:/opt/ros/iron LD_LIBRARY_PATH=/ros_ws/aarch64_install/nuturtlebot_msgs/lib:${LD_LIBRARY_PATH} PYTHONPATH=/ros_ws/aarch64_install/nuturtlebot_msgs/lib/python3.10/site-packages:${PYTHONPATH} /usr/bin/cmake --install /ros_ws/aarch64_build/numsr_turtlebot
[11.970s] Level 1:colcon.colcon_core.environment:checking '/ros_ws/aarch64_install/numsr_turtlebot' for CMake module files
[11.971s] Level 1:colcon.colcon_core.environment:checking '/ros_ws/aarch64_install/numsr_turtlebot' for CMake config files
[11.971s] Level 1:colcon.colcon_core.shell:create_environment_hook('numsr_turtlebot', 'cmake_prefix_path')
[11.986s] INFO:colcon.colcon_core.shell:Creating environment hook '/ros_ws/aarch64_install/numsr_turtlebot/share/numsr_turtlebot/hook/cmake_prefix_path.ps1'
[11.987s] INFO:colcon.colcon_core.shell:Creating environment descriptor '/ros_ws/aarch64_install/numsr_turtlebot/share/numsr_turtlebot/hook/cmake_prefix_path.dsv'
[11.987s] INFO:colcon.colcon_core.shell:Creating environment hook '/ros_ws/aarch64_install/numsr_turtlebot/share/numsr_turtlebot/hook/cmake_prefix_path.sh'
[11.988s] Level 1:colcon.colcon_core.environment:checking '/ros_ws/aarch64_install/numsr_turtlebot/lib'
[11.988s] Level 1:colcon.colcon_core.environment:checking '/ros_ws/aarch64_install/numsr_turtlebot/bin'
[11.988s] Level 1:colcon.colcon_core.environment:checking '/ros_ws/aarch64_install/numsr_turtlebot/lib/pkgconfig/numsr_turtlebot.pc'
[11.989s] Level 1:colcon.colcon_core.environment:checking '/ros_ws/aarch64_install/numsr_turtlebot/lib/python3.10/site-packages'
[11.989s] Level 1:colcon.colcon_core.environment:checking '/ros_ws/aarch64_install/numsr_turtlebot/bin'
[12.004s] INFO:colcon.colcon_core.shell:Creating package script '/ros_ws/aarch64_install/numsr_turtlebot/share/numsr_turtlebot/package.ps1'
[12.005s] INFO:colcon.colcon_core.shell:Creating package descriptor '/ros_ws/aarch64_install/numsr_turtlebot/share/numsr_turtlebot/package.dsv'
[12.005s] INFO:colcon.colcon_core.shell:Creating package script '/ros_ws/aarch64_install/numsr_turtlebot/share/numsr_turtlebot/package.sh'
[12.006s] INFO:colcon.colcon_core.shell:Creating package script '/ros_ws/aarch64_install/numsr_turtlebot/share/numsr_turtlebot/package.bash'
[12.006s] INFO:colcon.colcon_core.shell:Creating package script '/ros_ws/aarch64_install/numsr_turtlebot/share/numsr_turtlebot/package.zsh'
[12.007s] Level 1:colcon.colcon_core.environment:create_file_with_runtime_dependencies(/ros_ws/aarch64_install/numsr_turtlebot/share/colcon-core/packages/numsr_turtlebot)
[12.074s] Level 1:colcon.colcon_core.environment:create_environment_scripts_only(numsr_turtlebot)
[12.092s] Level 1:colcon.colcon_core.environment:checking '/ros_ws/aarch64_install/numsr_turtlebot' for CMake module files
[12.093s] Level 1:colcon.colcon_core.environment:checking '/ros_ws/aarch64_install/numsr_turtlebot' for CMake config files
[12.093s] Level 1:colcon.colcon_core.shell:create_environment_hook('numsr_turtlebot', 'cmake_prefix_path')
[12.104s] INFO:colcon.colcon_core.shell:Creating environment hook '/ros_ws/aarch64_install/numsr_turtlebot/share/numsr_turtlebot/hook/cmake_prefix_path.ps1'
[12.104s] INFO:colcon.colcon_core.shell:Creating environment descriptor '/ros_ws/aarch64_install/numsr_turtlebot/share/numsr_turtlebot/hook/cmake_prefix_path.dsv'
[12.105s] INFO:colcon.colcon_core.shell:Creating environment hook '/ros_ws/aarch64_install/numsr_turtlebot/share/numsr_turtlebot/hook/cmake_prefix_path.sh'
[12.106s] Level 1:colcon.colcon_core.environment:checking '/ros_ws/aarch64_install/numsr_turtlebot/lib'
[12.106s] Level 1:colcon.colcon_core.environment:checking '/ros_ws/aarch64_install/numsr_turtlebot/bin'
[12.106s] Level 1:colcon.colcon_core.environment:checking '/ros_ws/aarch64_install/numsr_turtlebot/lib/pkgconfig/numsr_turtlebot.pc'
[12.107s] Level 1:colcon.colcon_core.environment:checking '/ros_ws/aarch64_install/numsr_turtlebot/lib/python3.10/site-packages'
[12.107s] Level 1:colcon.colcon_core.environment:checking '/ros_ws/aarch64_install/numsr_turtlebot/bin'
[12.116s] INFO:colcon.colcon_core.shell:Creating package script '/ros_ws/aarch64_install/numsr_turtlebot/share/numsr_turtlebot/package.ps1'
[12.117s] INFO:colcon.colcon_core.shell:Creating package descriptor '/ros_ws/aarch64_install/numsr_turtlebot/share/numsr_turtlebot/package.dsv'
[12.118s] INFO:colcon.colcon_core.shell:Creating package script '/ros_ws/aarch64_install/numsr_turtlebot/share/numsr_turtlebot/package.sh'
[12.118s] INFO:colcon.colcon_core.shell:Creating package script '/ros_ws/aarch64_install/numsr_turtlebot/share/numsr_turtlebot/package.bash'
[12.118s] INFO:colcon.colcon_core.shell:Creating package script '/ros_ws/aarch64_install/numsr_turtlebot/share/numsr_turtlebot/package.zsh'
[12.119s] Level 1:colcon.colcon_core.environment:create_file_with_runtime_dependencies(/ros_ws/aarch64_install/numsr_turtlebot/share/colcon-core/packages/numsr_turtlebot)
[12.120s] DEBUG:colcon.colcon_parallel_executor.executor.parallel:closing loop
[12.120s] DEBUG:colcon.colcon_parallel_executor.executor.parallel:loop closed
[12.121s] DEBUG:colcon.colcon_parallel_executor.executor.parallel:run_until_complete finished with '0'
[12.121s] DEBUG:colcon.colcon_core.event_reactor:joining thread
[12.142s] INFO:colcon.colcon_core.plugin_system:Skipping extension 'colcon_notification.desktop_notification.notify2': 'notify2' not found
[12.142s] INFO:colcon.colcon_core.plugin_system:Skipping extension 'colcon_notification.desktop_notification.notify_send': Could not find 'notify-send'
[12.142s] INFO:colcon.colcon_core.plugin_system:Skipping extension 'colcon_notification.desktop_notification.terminal_notifier': Not used on non-Darwin systems
[12.142s] INFO:colcon.colcon_core.plugin_system:Skipping extension 'colcon_notification.desktop_notification.win32': Not used on non-Windows systems
[12.143s] DEBUG:colcon.colcon_core.event_reactor:joined thread
[12.156s] INFO:colcon.colcon_core.shell:Creating prefix script '/ros_ws/aarch64_install/local_setup.ps1'
[12.158s] INFO:colcon.colcon_core.shell:Creating prefix util module '/ros_ws/aarch64_install/_local_setup_util_ps1.py'
[12.162s] INFO:colcon.colcon_core.shell:Creating prefix chain script '/ros_ws/aarch64_install/setup.ps1'
[12.173s] INFO:colcon.colcon_core.shell:Creating prefix script '/ros_ws/aarch64_install/local_setup.sh'
[12.174s] INFO:colcon.colcon_core.shell:Creating prefix util module '/ros_ws/aarch64_install/_local_setup_util_sh.py'
[12.174s] INFO:colcon.colcon_core.shell:Creating prefix chain script '/ros_ws/aarch64_install/setup.sh'
[12.184s] INFO:colcon.colcon_core.shell:Creating prefix script '/ros_ws/aarch64_install/local_setup.bash'
[12.185s] INFO:colcon.colcon_core.shell:Creating prefix chain script '/ros_ws/aarch64_install/setup.bash'
[12.197s] INFO:colcon.colcon_core.shell:Creating prefix script '/ros_ws/aarch64_install/local_setup.zsh'
[12.198s] INFO:colcon.colcon_core.shell:Creating prefix chain script '/ros_ws/aarch64_install/setup.zsh'
