[0.060s] Invoking command in '/ros_ws/aarch64_build/nuturtlebot_msgs': CMAKE_PREFIX_PATH=/opt/ros/iron /usr/bin/cmake /ros_ws/src/nuturtlebot_msgs -DCMAKE_TOOLCHAIN_FILE=/toolchain.cmake -DCMAKE_INSTALL_PREFIX=aarch64_install -DCMAKE_INSTALL_PREFIX=/ros_ws/aarch64_install/nuturtlebot_msgs
[0.145s] -- The C compiler identification is GNU 11.4.0
[0.222s] -- The CXX compiler identification is GNU 11.4.0
[0.232s] -- Detecting C compiler ABI info
[0.352s] -- Detecting C compiler ABI info - done
[0.376s] -- Check for working C compiler: /usr/bin/aarch64-linux-gnu-gcc - skipped
[0.378s] -- Detecting C compile features
[0.379s] -- Detecting C compile features - done
[0.390s] -- Detecting CXX compiler ABI info
[0.549s] -- Detecting CXX compiler ABI info - done
[0.556s] -- Check for working CXX compiler: /usr/bin/aarch64-linux-gnu-g++ - skipped
[0.556s] -- Detecting CXX compile features
[0.557s] -- Detecting CXX compile features - done
[0.560s] -- Found ament_cmake: 2.0.3 (/opt/ros/iron/share/ament_cmake/cmake)
[0.756s] -- Found Python3: /usr/bin/python3.10 (found version "3.10.12") found components: Interpreter 
[0.949s] -- Found builtin_interfaces: 1.6.0 (/opt/ros/iron/share/builtin_interfaces/cmake)
[0.979s] -- Found rosidl_generator_c: 4.0.1 (/opt/ros/iron/share/rosidl_generator_c/cmake)
[0.989s] -- Found rosidl_generator_cpp: 4.0.1 (/opt/ros/iron/share/rosidl_generator_cpp/cmake)
[1.007s] -- Using all available rosidl_typesupport_c: rosidl_typesupport_fastrtps_c;rosidl_typesupport_introspection_c
[1.026s] -- Using all available rosidl_typesupport_cpp: rosidl_typesupport_fastrtps_cpp;rosidl_typesupport_introspection_cpp
[1.058s] -- Found rosidl_default_generators: 1.5.0 (/opt/ros/iron/share/rosidl_default_generators/cmake)
[1.077s] -- Found rosidl_adapter: 4.0.1 (/opt/ros/iron/share/rosidl_adapter/cmake)
[1.608s] -- Found ament_cmake_ros: 0.11.2 (/opt/ros/iron/share/ament_cmake_ros/cmake)
[1.981s] -- Using all available rosidl_typesupport_c: rosidl_typesupport_fastrtps_c;rosidl_typesupport_introspection_c
[2.122s] -- Using all available rosidl_typesupport_cpp: rosidl_typesupport_fastrtps_cpp;rosidl_typesupport_introspection_cpp
[2.170s] -- Found PythonInterp: /usr/bin/python3 (found suitable version "3.10.12", minimum required is "3.6") 
[2.172s] -- Found python_cmake_module: 0.10.2 (/opt/ros/iron/share/python_cmake_module/cmake)
[2.202s] -- Found PythonLibs: /usr/lib/aarch64-linux-gnu/libpython3.10.so (found suitable version "3.10.4", minimum required is "3.5") 
[2.202s] -- Using PYTHON_EXECUTABLE: /usr/bin/python3
[2.202s] -- Using PYTHON_INCLUDE_DIRS: /usr/include/python3.10
[2.202s] -- Using PYTHON_LIBRARIES: /usr/lib/aarch64-linux-gnu/libpython3.10.so
[2.241s] -- Found PythonExtra: .so  
[2.282s] -- Configuring done
[2.314s] -- Generating done
[2.316s] -- Build files have been written to: /ros_ws/aarch64_build/nuturtlebot_msgs
[2.328s] Invoked command in '/ros_ws/aarch64_build/nuturtlebot_msgs' returned '0': CMAKE_PREFIX_PATH=/opt/ros/iron /usr/bin/cmake /ros_ws/src/nuturtlebot_msgs -DCMAKE_TOOLCHAIN_FILE=/toolchain.cmake -DCMAKE_INSTALL_PREFIX=aarch64_install -DCMAKE_INSTALL_PREFIX=/ros_ws/aarch64_install/nuturtlebot_msgs
[2.328s] Invoking command in '/ros_ws/aarch64_build/nuturtlebot_msgs': CMAKE_PREFIX_PATH=/opt/ros/iron /usr/bin/cmake --build /ros_ws/aarch64_build/nuturtlebot_msgs -- -j32 -l32
[2.396s] [  2%] [34m[1mGenerating type hashes for ROS interfaces[0m
[2.409s] [  2%] Built target ament_cmake_python_copy_nuturtlebot_msgs
[2.803s] [  2%] Built target nuturtlebot_msgs__rosidl_generator_type_description
[2.809s] running egg_info
[2.811s] creating nuturtlebot_msgs.egg-info
[2.811s] writing nuturtlebot_msgs.egg-info/PKG-INFO
[2.811s] writing dependency_links to nuturtlebot_msgs.egg-info/dependency_links.txt
[2.811s] writing top-level names to nuturtlebot_msgs.egg-info/top_level.txt
[2.811s] writing manifest file 'nuturtlebot_msgs.egg-info/SOURCES.txt'
[2.817s] reading manifest file 'nuturtlebot_msgs.egg-info/SOURCES.txt'
[2.819s] writing manifest file 'nuturtlebot_msgs.egg-info/SOURCES.txt'
[2.822s] [  4%] [34m[1mGenerating C code for ROS interfaces[0m
[2.838s] [  6%] [34m[1mGenerating C++ code for ROS interfaces[0m
[2.858s] [  6%] Built target ament_cmake_python_build_nuturtlebot_msgs_egg
[3.320s] [  6%] Built target nuturtlebot_msgs__cpp
[3.397s] [  9%] [32mBuilding C object CMakeFiles/nuturtlebot_msgs__rosidl_generator_c.dir/rosidl_generator_c/nuturtlebot_msgs/msg/detail/sensor_data__description.c.o[0m
[3.397s] [ 11%] [32mBuilding C object CMakeFiles/nuturtlebot_msgs__rosidl_generator_c.dir/rosidl_generator_c/nuturtlebot_msgs/msg/detail/sensor_data__functions.c.o[0m
[3.397s] [ 13%] [32mBuilding C object CMakeFiles/nuturtlebot_msgs__rosidl_generator_c.dir/rosidl_generator_c/nuturtlebot_msgs/msg/detail/sensor_data__type_support.c.o[0m
[3.398s] [ 15%] [32mBuilding C object CMakeFiles/nuturtlebot_msgs__rosidl_generator_c.dir/rosidl_generator_c/nuturtlebot_msgs/msg/detail/wheel_commands__functions.c.o[0m
[3.400s] [ 18%] [32mBuilding C object CMakeFiles/nuturtlebot_msgs__rosidl_generator_c.dir/rosidl_generator_c/nuturtlebot_msgs/msg/detail/wheel_commands__type_support.c.o[0m
[3.400s] [ 20%] [32mBuilding C object CMakeFiles/nuturtlebot_msgs__rosidl_generator_c.dir/rosidl_generator_c/nuturtlebot_msgs/msg/detail/wheel_commands__description.c.o[0m
[3.495s] [ 22%] [32m[1mLinking C shared library libnuturtlebot_msgs__rosidl_generator_c.so[0m
[3.551s] [ 22%] Built target nuturtlebot_msgs__rosidl_generator_c
[3.569s] [ 25%] [34m[1mGenerating C++ type support dispatch for ROS interfaces[0m
[3.571s] [ 27%] [34m[1mGenerating C++ introspection for ROS interfaces[0m
[3.571s] [ 29%] [34m[1mGenerating C introspection for ROS interfaces[0m
[3.572s] [ 31%] [34m[1mGenerating C type support for eProsima Fast-RTPS[0m
[3.573s] [ 34%] [34m[1mGenerating C++ type support for eProsima Fast-RTPS[0m
[3.573s] [ 36%] [34m[1mGenerating C type support dispatch for ROS interfaces[0m
[4.319s] [ 38%] [32mBuilding CXX object CMakeFiles/nuturtlebot_msgs__rosidl_typesupport_cpp.dir/rosidl_typesupport_cpp/nuturtlebot_msgs/msg/sensor_data__type_support.cpp.o[0m
[4.325s] [ 40%] [32mBuilding CXX object CMakeFiles/nuturtlebot_msgs__rosidl_typesupport_c.dir/rosidl_typesupport_c/nuturtlebot_msgs/msg/sensor_data__type_support.cpp.o[0m
[4.328s] [ 43%] [32mBuilding CXX object CMakeFiles/nuturtlebot_msgs__rosidl_typesupport_cpp.dir/rosidl_typesupport_cpp/nuturtlebot_msgs/msg/wheel_commands__type_support.cpp.o[0m
[4.328s] [ 45%] [32mBuilding CXX object CMakeFiles/nuturtlebot_msgs__rosidl_typesupport_c.dir/rosidl_typesupport_c/nuturtlebot_msgs/msg/wheel_commands__type_support.cpp.o[0m
[4.362s] [ 47%] [32mBuilding CXX object CMakeFiles/nuturtlebot_msgs__rosidl_typesupport_introspection_cpp.dir/rosidl_typesupport_introspection_cpp/nuturtlebot_msgs/msg/detail/sensor_data__type_support.cpp.o[0m
[4.363s] [ 50%] [32mBuilding CXX object CMakeFiles/nuturtlebot_msgs__rosidl_typesupport_introspection_cpp.dir/rosidl_typesupport_introspection_cpp/nuturtlebot_msgs/msg/detail/wheel_commands__type_support.cpp.o[0m
[4.386s] [ 52%] [32mBuilding C object CMakeFiles/nuturtlebot_msgs__rosidl_typesupport_introspection_c.dir/rosidl_typesupport_introspection_c/nuturtlebot_msgs/msg/detail/wheel_commands__type_support.c.o[0m
[4.386s] [ 54%] [32mBuilding C object CMakeFiles/nuturtlebot_msgs__rosidl_typesupport_introspection_c.dir/rosidl_typesupport_introspection_c/nuturtlebot_msgs/msg/detail/sensor_data__type_support.c.o[0m
[4.414s] [ 56%] [32mBuilding CXX object CMakeFiles/nuturtlebot_msgs__rosidl_typesupport_fastrtps_c.dir/rosidl_typesupport_fastrtps_c/nuturtlebot_msgs/msg/detail/wheel_commands__type_support_c.cpp.o[0m
[4.421s] [ 59%] [32mBuilding CXX object CMakeFiles/nuturtlebot_msgs__rosidl_typesupport_fastrtps_c.dir/rosidl_typesupport_fastrtps_c/nuturtlebot_msgs/msg/detail/sensor_data__type_support_c.cpp.o[0m
[4.436s] [ 63%] [32mBuilding CXX object CMakeFiles/nuturtlebot_msgs__rosidl_typesupport_fastrtps_cpp.dir/rosidl_typesupport_fastrtps_cpp/nuturtlebot_msgs/msg/detail/dds_fastrtps/wheel_commands__type_support.cpp.o[0m
[4.437s] [ 63%] [32mBuilding CXX object CMakeFiles/nuturtlebot_msgs__rosidl_typesupport_fastrtps_cpp.dir/rosidl_typesupport_fastrtps_cpp/nuturtlebot_msgs/msg/detail/dds_fastrtps/sensor_data__type_support.cpp.o[0m
[4.519s] [ 65%] [32m[1mLinking C shared library libnuturtlebot_msgs__rosidl_typesupport_introspection_c.so[0m
[4.522s] [ 68%] [32m[1mLinking CXX shared library libnuturtlebot_msgs__rosidl_typesupport_c.so[0m
[4.637s] [ 68%] Built target nuturtlebot_msgs__rosidl_typesupport_introspection_c
[4.649s] [ 68%] Built target nuturtlebot_msgs__rosidl_typesupport_c
[5.308s] [ 70%] [32m[1mLinking CXX shared library libnuturtlebot_msgs__rosidl_typesupport_fastrtps_c.so[0m
[5.312s] [ 72%] [32m[1mLinking CXX shared library libnuturtlebot_msgs__rosidl_typesupport_introspection_cpp.so[0m
[5.353s] [ 75%] [32m[1mLinking CXX shared library libnuturtlebot_msgs__rosidl_typesupport_cpp.so[0m
[5.430s] [ 75%] Built target nuturtlebot_msgs__rosidl_typesupport_cpp
[5.432s] [ 75%] Built target nuturtlebot_msgs__rosidl_typesupport_fastrtps_c
[5.433s] [ 75%] Built target nuturtlebot_msgs__rosidl_typesupport_introspection_cpp
[5.608s] [ 77%] [32m[1mLinking CXX shared library libnuturtlebot_msgs__rosidl_typesupport_fastrtps_cpp.so[0m
[5.692s] [ 77%] Built target nuturtlebot_msgs__rosidl_typesupport_fastrtps_cpp
[5.720s] [ 77%] Built target nuturtlebot_msgs
[5.756s] [ 79%] [34m[1mGenerating Python code for ROS interfaces[0m
[6.326s] [ 79%] Built target nuturtlebot_msgs__py
[6.357s] [ 81%] [32mBuilding C object CMakeFiles/nuturtlebot_msgs__rosidl_generator_py.dir/rosidl_generator_py/nuturtlebot_msgs/msg/_sensor_data_s.c.o[0m
[6.358s] [ 84%] [32mBuilding C object CMakeFiles/nuturtlebot_msgs__rosidl_generator_py.dir/rosidl_generator_py/nuturtlebot_msgs/msg/_wheel_commands_s.c.o[0m
[6.496s] [ 86%] [32m[1mLinking C shared library rosidl_generator_py/nuturtlebot_msgs/libnuturtlebot_msgs__rosidl_generator_py.so[0m
[6.556s] [ 86%] Built target nuturtlebot_msgs__rosidl_generator_py
[6.589s] [ 88%] [32mBuilding C object CMakeFiles/nuturtlebot_msgs__rosidl_typesupport_fastrtps_c__pyext.dir/rosidl_generator_py/nuturtlebot_msgs/_nuturtlebot_msgs_s.ep.rosidl_typesupport_fastrtps_c.c.o[0m
[6.590s] [ 90%] [32mBuilding C object CMakeFiles/nuturtlebot_msgs__rosidl_typesupport_introspection_c__pyext.dir/rosidl_generator_py/nuturtlebot_msgs/_nuturtlebot_msgs_s.ep.rosidl_typesupport_introspection_c.c.o[0m
[6.592s] [ 93%] [32mBuilding C object CMakeFiles/nuturtlebot_msgs__rosidl_typesupport_c__pyext.dir/rosidl_generator_py/nuturtlebot_msgs/_nuturtlebot_msgs_s.ep.rosidl_typesupport_c.c.o[0m
[6.746s] [ 95%] [32m[1mLinking C shared library rosidl_generator_py/nuturtlebot_msgs/nuturtlebot_msgs_s__rosidl_typesupport_fastrtps_c.cpython-310-x86_64-linux-gnu.so[0m
[6.747s] [ 97%] [32m[1mLinking C shared library rosidl_generator_py/nuturtlebot_msgs/nuturtlebot_msgs_s__rosidl_typesupport_introspection_c.cpython-310-x86_64-linux-gnu.so[0m
[6.748s] [100%] [32m[1mLinking C shared library rosidl_generator_py/nuturtlebot_msgs/nuturtlebot_msgs_s__rosidl_typesupport_c.cpython-310-x86_64-linux-gnu.so[0m
[6.804s] [100%] Built target nuturtlebot_msgs__rosidl_typesupport_introspection_c__pyext
[6.805s] [100%] Built target nuturtlebot_msgs__rosidl_typesupport_fastrtps_c__pyext
[6.805s] [100%] Built target nuturtlebot_msgs__rosidl_typesupport_c__pyext
[6.820s] Invoked command in '/ros_ws/aarch64_build/nuturtlebot_msgs' returned '0': CMAKE_PREFIX_PATH=/opt/ros/iron /usr/bin/cmake --build /ros_ws/aarch64_build/nuturtlebot_msgs -- -j32 -l32
[6.998s] Invoking command in '/ros_ws/aarch64_build/nuturtlebot_msgs': CMAKE_PREFIX_PATH=/opt/ros/iron /usr/bin/cmake --install /ros_ws/aarch64_build/nuturtlebot_msgs
[7.011s] -- Install configuration: ""
[7.011s] -- Installing: /ros_ws/aarch64_install/nuturtlebot_msgs/share/ament_index/resource_index/rosidl_interfaces/nuturtlebot_msgs
[7.011s] -- Installing: /ros_ws/aarch64_install/nuturtlebot_msgs/share/nuturtlebot_msgs/msg/SensorData.json
[7.011s] -- Installing: /ros_ws/aarch64_install/nuturtlebot_msgs/share/nuturtlebot_msgs/msg/WheelCommands.json
[7.012s] -- Installing: /ros_ws/aarch64_install/nuturtlebot_msgs/include/nuturtlebot_msgs/nuturtlebot_msgs
[7.012s] -- Installing: /ros_ws/aarch64_install/nuturtlebot_msgs/include/nuturtlebot_msgs/nuturtlebot_msgs/msg
[7.012s] -- Installing: /ros_ws/aarch64_install/nuturtlebot_msgs/include/nuturtlebot_msgs/nuturtlebot_msgs/msg/rosidl_generator_c__visibility_control.h
[7.012s] -- Installing: /ros_ws/aarch64_install/nuturtlebot_msgs/include/nuturtlebot_msgs/nuturtlebot_msgs/msg/detail
[7.012s] -- Installing: /ros_ws/aarch64_install/nuturtlebot_msgs/include/nuturtlebot_msgs/nuturtlebot_msgs/msg/detail/sensor_data__type_support.c
[7.012s] -- Installing: /ros_ws/aarch64_install/nuturtlebot_msgs/include/nuturtlebot_msgs/nuturtlebot_msgs/msg/detail/sensor_data__struct.h
[7.012s] -- Installing: /ros_ws/aarch64_install/nuturtlebot_msgs/include/nuturtlebot_msgs/nuturtlebot_msgs/msg/detail/sensor_data__description.c
[7.012s] -- Installing: /ros_ws/aarch64_install/nuturtlebot_msgs/include/nuturtlebot_msgs/nuturtlebot_msgs/msg/detail/wheel_commands__type_support.c
[7.012s] -- Installing: /ros_ws/aarch64_install/nuturtlebot_msgs/include/nuturtlebot_msgs/nuturtlebot_msgs/msg/detail/sensor_data__functions.c
[7.013s] -- Installing: /ros_ws/aarch64_install/nuturtlebot_msgs/include/nuturtlebot_msgs/nuturtlebot_msgs/msg/detail/wheel_commands__functions.h
[7.013s] -- Installing: /ros_ws/aarch64_install/nuturtlebot_msgs/include/nuturtlebot_msgs/nuturtlebot_msgs/msg/detail/sensor_data__functions.h
[7.013s] -- Installing: /ros_ws/aarch64_install/nuturtlebot_msgs/include/nuturtlebot_msgs/nuturtlebot_msgs/msg/detail/wheel_commands__description.c
[7.013s] -- Installing: /ros_ws/aarch64_install/nuturtlebot_msgs/include/nuturtlebot_msgs/nuturtlebot_msgs/msg/detail/wheel_commands__struct.h
[7.013s] -- Installing: /ros_ws/aarch64_install/nuturtlebot_msgs/include/nuturtlebot_msgs/nuturtlebot_msgs/msg/detail/sensor_data__type_support.h
[7.013s] -- Installing: /ros_ws/aarch64_install/nuturtlebot_msgs/include/nuturtlebot_msgs/nuturtlebot_msgs/msg/detail/wheel_commands__type_support.h
[7.013s] -- Installing: /ros_ws/aarch64_install/nuturtlebot_msgs/include/nuturtlebot_msgs/nuturtlebot_msgs/msg/detail/wheel_commands__functions.c
[7.013s] -- Installing: /ros_ws/aarch64_install/nuturtlebot_msgs/include/nuturtlebot_msgs/nuturtlebot_msgs/msg/sensor_data.h
[7.013s] -- Installing: /ros_ws/aarch64_install/nuturtlebot_msgs/include/nuturtlebot_msgs/nuturtlebot_msgs/msg/wheel_commands.h
[7.013s] -- Installing: /ros_ws/aarch64_install/nuturtlebot_msgs/share/nuturtlebot_msgs/environment/library_path.sh
[7.014s] -- Installing: /ros_ws/aarch64_install/nuturtlebot_msgs/share/nuturtlebot_msgs/environment/library_path.dsv
[7.014s] -- Installing: /ros_ws/aarch64_install/nuturtlebot_msgs/lib/libnuturtlebot_msgs__rosidl_generator_c.so
[7.014s] -- Set runtime path of "/ros_ws/aarch64_install/nuturtlebot_msgs/lib/libnuturtlebot_msgs__rosidl_generator_c.so" to ""
[7.015s] -- Up-to-date: /ros_ws/aarch64_install/nuturtlebot_msgs/include/nuturtlebot_msgs/nuturtlebot_msgs
[7.015s] -- Up-to-date: /ros_ws/aarch64_install/nuturtlebot_msgs/include/nuturtlebot_msgs/nuturtlebot_msgs/msg
[7.015s] -- Up-to-date: /ros_ws/aarch64_install/nuturtlebot_msgs/include/nuturtlebot_msgs/nuturtlebot_msgs/msg/detail
[7.015s] -- Installing: /ros_ws/aarch64_install/nuturtlebot_msgs/include/nuturtlebot_msgs/nuturtlebot_msgs/msg/detail/wheel_commands__rosidl_typesupport_fastrtps_c.h
[7.015s] -- Installing: /ros_ws/aarch64_install/nuturtlebot_msgs/include/nuturtlebot_msgs/nuturtlebot_msgs/msg/detail/sensor_data__rosidl_typesupport_fastrtps_c.h
[7.015s] -- Installing: /ros_ws/aarch64_install/nuturtlebot_msgs/include/nuturtlebot_msgs/nuturtlebot_msgs/msg/rosidl_typesupport_fastrtps_c__visibility_control.h
[7.015s] -- Installing: /ros_ws/aarch64_install/nuturtlebot_msgs/lib/libnuturtlebot_msgs__rosidl_typesupport_fastrtps_c.so
[7.015s] -- Set runtime path of "/ros_ws/aarch64_install/nuturtlebot_msgs/lib/libnuturtlebot_msgs__rosidl_typesupport_fastrtps_c.so" to ""
[7.015s] -- Up-to-date: /ros_ws/aarch64_install/nuturtlebot_msgs/include/nuturtlebot_msgs/nuturtlebot_msgs
[7.016s] -- Up-to-date: /ros_ws/aarch64_install/nuturtlebot_msgs/include/nuturtlebot_msgs/nuturtlebot_msgs/msg
[7.016s] -- Up-to-date: /ros_ws/aarch64_install/nuturtlebot_msgs/include/nuturtlebot_msgs/nuturtlebot_msgs/msg/detail
[7.016s] -- Installing: /ros_ws/aarch64_install/nuturtlebot_msgs/include/nuturtlebot_msgs/nuturtlebot_msgs/msg/detail/wheel_commands__builder.hpp
[7.016s] -- Installing: /ros_ws/aarch64_install/nuturtlebot_msgs/include/nuturtlebot_msgs/nuturtlebot_msgs/msg/detail/sensor_data__traits.hpp
[7.016s] -- Installing: /ros_ws/aarch64_install/nuturtlebot_msgs/include/nuturtlebot_msgs/nuturtlebot_msgs/msg/detail/wheel_commands__struct.hpp
[7.016s] -- Installing: /ros_ws/aarch64_install/nuturtlebot_msgs/include/nuturtlebot_msgs/nuturtlebot_msgs/msg/detail/wheel_commands__traits.hpp
[7.016s] -- Installing: /ros_ws/aarch64_install/nuturtlebot_msgs/include/nuturtlebot_msgs/nuturtlebot_msgs/msg/detail/sensor_data__struct.hpp
[7.016s] -- Installing: /ros_ws/aarch64_install/nuturtlebot_msgs/include/nuturtlebot_msgs/nuturtlebot_msgs/msg/detail/sensor_data__builder.hpp
[7.016s] -- Installing: /ros_ws/aarch64_install/nuturtlebot_msgs/include/nuturtlebot_msgs/nuturtlebot_msgs/msg/wheel_commands.hpp
[7.016s] -- Installing: /ros_ws/aarch64_install/nuturtlebot_msgs/include/nuturtlebot_msgs/nuturtlebot_msgs/msg/sensor_data.hpp
[7.016s] -- Up-to-date: /ros_ws/aarch64_install/nuturtlebot_msgs/include/nuturtlebot_msgs/nuturtlebot_msgs
[7.016s] -- Up-to-date: /ros_ws/aarch64_install/nuturtlebot_msgs/include/nuturtlebot_msgs/nuturtlebot_msgs/msg
[7.016s] -- Up-to-date: /ros_ws/aarch64_install/nuturtlebot_msgs/include/nuturtlebot_msgs/nuturtlebot_msgs/msg/detail
[7.017s] -- Installing: /ros_ws/aarch64_install/nuturtlebot_msgs/include/nuturtlebot_msgs/nuturtlebot_msgs/msg/detail/dds_fastrtps
[7.017s] -- Installing: /ros_ws/aarch64_install/nuturtlebot_msgs/include/nuturtlebot_msgs/nuturtlebot_msgs/msg/detail/wheel_commands__rosidl_typesupport_fastrtps_cpp.hpp
[7.017s] -- Installing: /ros_ws/aarch64_install/nuturtlebot_msgs/include/nuturtlebot_msgs/nuturtlebot_msgs/msg/detail/sensor_data__rosidl_typesupport_fastrtps_cpp.hpp
[7.017s] -- Installing: /ros_ws/aarch64_install/nuturtlebot_msgs/include/nuturtlebot_msgs/nuturtlebot_msgs/msg/rosidl_typesupport_fastrtps_cpp__visibility_control.h
[7.017s] -- Installing: /ros_ws/aarch64_install/nuturtlebot_msgs/lib/libnuturtlebot_msgs__rosidl_typesupport_fastrtps_cpp.so
[7.017s] -- Set runtime path of "/ros_ws/aarch64_install/nuturtlebot_msgs/lib/libnuturtlebot_msgs__rosidl_typesupport_fastrtps_cpp.so" to ""
[7.017s] -- Up-to-date: /ros_ws/aarch64_install/nuturtlebot_msgs/include/nuturtlebot_msgs/nuturtlebot_msgs
[7.018s] -- Up-to-date: /ros_ws/aarch64_install/nuturtlebot_msgs/include/nuturtlebot_msgs/nuturtlebot_msgs/msg
[7.018s] -- Up-to-date: /ros_ws/aarch64_install/nuturtlebot_msgs/include/nuturtlebot_msgs/nuturtlebot_msgs/msg/detail
[7.018s] -- Installing: /ros_ws/aarch64_install/nuturtlebot_msgs/include/nuturtlebot_msgs/nuturtlebot_msgs/msg/detail/sensor_data__type_support.c
[7.018s] -- Installing: /ros_ws/aarch64_install/nuturtlebot_msgs/include/nuturtlebot_msgs/nuturtlebot_msgs/msg/detail/wheel_commands__type_support.c
[7.018s] -- Installing: /ros_ws/aarch64_install/nuturtlebot_msgs/include/nuturtlebot_msgs/nuturtlebot_msgs/msg/detail/sensor_data__rosidl_typesupport_introspection_c.h
[7.018s] -- Installing: /ros_ws/aarch64_install/nuturtlebot_msgs/include/nuturtlebot_msgs/nuturtlebot_msgs/msg/detail/wheel_commands__rosidl_typesupport_introspection_c.h
[7.018s] -- Installing: /ros_ws/aarch64_install/nuturtlebot_msgs/include/nuturtlebot_msgs/nuturtlebot_msgs/msg/rosidl_typesupport_introspection_c__visibility_control.h
[7.018s] -- Installing: /ros_ws/aarch64_install/nuturtlebot_msgs/lib/libnuturtlebot_msgs__rosidl_typesupport_introspection_c.so
[7.018s] -- Set runtime path of "/ros_ws/aarch64_install/nuturtlebot_msgs/lib/libnuturtlebot_msgs__rosidl_typesupport_introspection_c.so" to ""
[7.019s] -- Installing: /ros_ws/aarch64_install/nuturtlebot_msgs/lib/libnuturtlebot_msgs__rosidl_typesupport_c.so
[7.020s] -- Set runtime path of "/ros_ws/aarch64_install/nuturtlebot_msgs/lib/libnuturtlebot_msgs__rosidl_typesupport_c.so" to ""
[7.020s] -- Up-to-date: /ros_ws/aarch64_install/nuturtlebot_msgs/include/nuturtlebot_msgs/nuturtlebot_msgs
[7.020s] -- Up-to-date: /ros_ws/aarch64_install/nuturtlebot_msgs/include/nuturtlebot_msgs/nuturtlebot_msgs/msg
[7.020s] -- Up-to-date: /ros_ws/aarch64_install/nuturtlebot_msgs/include/nuturtlebot_msgs/nuturtlebot_msgs/msg/detail
[7.020s] -- Installing: /ros_ws/aarch64_install/nuturtlebot_msgs/include/nuturtlebot_msgs/nuturtlebot_msgs/msg/detail/wheel_commands__type_support.cpp
[7.020s] -- Installing: /ros_ws/aarch64_install/nuturtlebot_msgs/include/nuturtlebot_msgs/nuturtlebot_msgs/msg/detail/sensor_data__rosidl_typesupport_introspection_cpp.hpp
[7.020s] -- Installing: /ros_ws/aarch64_install/nuturtlebot_msgs/include/nuturtlebot_msgs/nuturtlebot_msgs/msg/detail/wheel_commands__rosidl_typesupport_introspection_cpp.hpp
[7.020s] -- Installing: /ros_ws/aarch64_install/nuturtlebot_msgs/include/nuturtlebot_msgs/nuturtlebot_msgs/msg/detail/sensor_data__type_support.cpp
[7.020s] -- Installing: /ros_ws/aarch64_install/nuturtlebot_msgs/lib/libnuturtlebot_msgs__rosidl_typesupport_introspection_cpp.so
[7.020s] -- Set runtime path of "/ros_ws/aarch64_install/nuturtlebot_msgs/lib/libnuturtlebot_msgs__rosidl_typesupport_introspection_cpp.so" to ""
[7.021s] -- Installing: /ros_ws/aarch64_install/nuturtlebot_msgs/lib/libnuturtlebot_msgs__rosidl_typesupport_cpp.so
[7.021s] -- Set runtime path of "/ros_ws/aarch64_install/nuturtlebot_msgs/lib/libnuturtlebot_msgs__rosidl_typesupport_cpp.so" to ""
[7.021s] -- Installing: /ros_ws/aarch64_install/nuturtlebot_msgs/share/nuturtlebot_msgs/environment/pythonpath.sh
[7.021s] -- Installing: /ros_ws/aarch64_install/nuturtlebot_msgs/share/nuturtlebot_msgs/environment/pythonpath.dsv
[7.021s] -- Installing: /ros_ws/aarch64_install/nuturtlebot_msgs/lib/python3.10/site-packages/nuturtlebot_msgs-0.0.2-py3.10.egg-info
[7.021s] -- Installing: /ros_ws/aarch64_install/nuturtlebot_msgs/lib/python3.10/site-packages/nuturtlebot_msgs-0.0.2-py3.10.egg-info/SOURCES.txt
[7.021s] -- Installing: /ros_ws/aarch64_install/nuturtlebot_msgs/lib/python3.10/site-packages/nuturtlebot_msgs-0.0.2-py3.10.egg-info/dependency_links.txt
[7.021s] -- Installing: /ros_ws/aarch64_install/nuturtlebot_msgs/lib/python3.10/site-packages/nuturtlebot_msgs-0.0.2-py3.10.egg-info/PKG-INFO
[7.021s] -- Installing: /ros_ws/aarch64_install/nuturtlebot_msgs/lib/python3.10/site-packages/nuturtlebot_msgs-0.0.2-py3.10.egg-info/top_level.txt
[7.022s] -- Installing: /ros_ws/aarch64_install/nuturtlebot_msgs/lib/python3.10/site-packages/nuturtlebot_msgs
[7.022s] -- Installing: /ros_ws/aarch64_install/nuturtlebot_msgs/lib/python3.10/site-packages/nuturtlebot_msgs/_nuturtlebot_msgs_s.ep.rosidl_typesupport_c.c
[7.022s] -- Installing: /ros_ws/aarch64_install/nuturtlebot_msgs/lib/python3.10/site-packages/nuturtlebot_msgs/msg
[7.022s] -- Installing: /ros_ws/aarch64_install/nuturtlebot_msgs/lib/python3.10/site-packages/nuturtlebot_msgs/msg/_sensor_data.py
[7.022s] -- Installing: /ros_ws/aarch64_install/nuturtlebot_msgs/lib/python3.10/site-packages/nuturtlebot_msgs/msg/_wheel_commands_s.c
[7.022s] -- Installing: /ros_ws/aarch64_install/nuturtlebot_msgs/lib/python3.10/site-packages/nuturtlebot_msgs/msg/_wheel_commands.py
[7.022s] -- Installing: /ros_ws/aarch64_install/nuturtlebot_msgs/lib/python3.10/site-packages/nuturtlebot_msgs/msg/_sensor_data_s.c
[7.022s] -- Installing: /ros_ws/aarch64_install/nuturtlebot_msgs/lib/python3.10/site-packages/nuturtlebot_msgs/msg/__init__.py
[7.022s] -- Installing: /ros_ws/aarch64_install/nuturtlebot_msgs/lib/python3.10/site-packages/nuturtlebot_msgs/libnuturtlebot_msgs__rosidl_generator_py.so
[7.022s] -- Installing: /ros_ws/aarch64_install/nuturtlebot_msgs/lib/python3.10/site-packages/nuturtlebot_msgs/nuturtlebot_msgs_s__rosidl_typesupport_introspection_c.cpython-310-x86_64-linux-gnu.so
[7.022s] -- Installing: /ros_ws/aarch64_install/nuturtlebot_msgs/lib/python3.10/site-packages/nuturtlebot_msgs/_nuturtlebot_msgs_s.ep.rosidl_typesupport_introspection_c.c
[7.022s] -- Installing: /ros_ws/aarch64_install/nuturtlebot_msgs/lib/python3.10/site-packages/nuturtlebot_msgs/__init__.py
[7.023s] -- Installing: /ros_ws/aarch64_install/nuturtlebot_msgs/lib/python3.10/site-packages/nuturtlebot_msgs/_nuturtlebot_msgs_s.ep.rosidl_typesupport_fastrtps_c.c
[7.023s] -- Installing: /ros_ws/aarch64_install/nuturtlebot_msgs/lib/python3.10/site-packages/nuturtlebot_msgs/nuturtlebot_msgs_s__rosidl_typesupport_fastrtps_c.cpython-310-x86_64-linux-gnu.so
[7.023s] -- Installing: /ros_ws/aarch64_install/nuturtlebot_msgs/lib/python3.10/site-packages/nuturtlebot_msgs/nuturtlebot_msgs_s__rosidl_typesupport_c.cpython-310-x86_64-linux-gnu.so
[7.110s] Listing '/ros_ws/aarch64_install/nuturtlebot_msgs/lib/python3.10/site-packages/nuturtlebot_msgs'...
[7.110s] Compiling '/ros_ws/aarch64_install/nuturtlebot_msgs/lib/python3.10/site-packages/nuturtlebot_msgs/__init__.py'...
[7.111s] Listing '/ros_ws/aarch64_install/nuturtlebot_msgs/lib/python3.10/site-packages/nuturtlebot_msgs/msg'...
[7.111s] Compiling '/ros_ws/aarch64_install/nuturtlebot_msgs/lib/python3.10/site-packages/nuturtlebot_msgs/msg/__init__.py'...
[7.111s] Compiling '/ros_ws/aarch64_install/nuturtlebot_msgs/lib/python3.10/site-packages/nuturtlebot_msgs/msg/_sensor_data.py'...
[7.111s] Compiling '/ros_ws/aarch64_install/nuturtlebot_msgs/lib/python3.10/site-packages/nuturtlebot_msgs/msg/_wheel_commands.py'...
[7.115s] -- Installing: /ros_ws/aarch64_install/nuturtlebot_msgs/lib/python3.10/site-packages/nuturtlebot_msgs/nuturtlebot_msgs_s__rosidl_typesupport_fastrtps_c.cpython-310-x86_64-linux-gnu.so
[7.115s] -- Set runtime path of "/ros_ws/aarch64_install/nuturtlebot_msgs/lib/python3.10/site-packages/nuturtlebot_msgs/nuturtlebot_msgs_s__rosidl_typesupport_fastrtps_c.cpython-310-x86_64-linux-gnu.so" to ""
[7.115s] -- Installing: /ros_ws/aarch64_install/nuturtlebot_msgs/lib/python3.10/site-packages/nuturtlebot_msgs/nuturtlebot_msgs_s__rosidl_typesupport_introspection_c.cpython-310-x86_64-linux-gnu.so
[7.115s] -- Set runtime path of "/ros_ws/aarch64_install/nuturtlebot_msgs/lib/python3.10/site-packages/nuturtlebot_msgs/nuturtlebot_msgs_s__rosidl_typesupport_introspection_c.cpython-310-x86_64-linux-gnu.so" to ""
[7.116s] -- Installing: /ros_ws/aarch64_install/nuturtlebot_msgs/lib/python3.10/site-packages/nuturtlebot_msgs/nuturtlebot_msgs_s__rosidl_typesupport_c.cpython-310-x86_64-linux-gnu.so
[7.116s] -- Set runtime path of "/ros_ws/aarch64_install/nuturtlebot_msgs/lib/python3.10/site-packages/nuturtlebot_msgs/nuturtlebot_msgs_s__rosidl_typesupport_c.cpython-310-x86_64-linux-gnu.so" to ""
[7.116s] -- Installing: /ros_ws/aarch64_install/nuturtlebot_msgs/lib/libnuturtlebot_msgs__rosidl_generator_py.so
[7.116s] -- Set runtime path of "/ros_ws/aarch64_install/nuturtlebot_msgs/lib/libnuturtlebot_msgs__rosidl_generator_py.so" to ""
[7.116s] -- Installing: /ros_ws/aarch64_install/nuturtlebot_msgs/share/nuturtlebot_msgs/msg/SensorData.idl
[7.116s] -- Installing: /ros_ws/aarch64_install/nuturtlebot_msgs/share/nuturtlebot_msgs/msg/WheelCommands.idl
[7.117s] -- Installing: /ros_ws/aarch64_install/nuturtlebot_msgs/share/nuturtlebot_msgs/msg/SensorData.msg
[7.117s] -- Installing: /ros_ws/aarch64_install/nuturtlebot_msgs/share/nuturtlebot_msgs/msg/WheelCommands.msg
[7.117s] -- Installing: /ros_ws/aarch64_install/nuturtlebot_msgs/share/ament_index/resource_index/package_run_dependencies/nuturtlebot_msgs
[7.117s] -- Installing: /ros_ws/aarch64_install/nuturtlebot_msgs/share/ament_index/resource_index/parent_prefix_path/nuturtlebot_msgs
[7.117s] -- Installing: /ros_ws/aarch64_install/nuturtlebot_msgs/share/nuturtlebot_msgs/environment/ament_prefix_path.sh
[7.117s] -- Installing: /ros_ws/aarch64_install/nuturtlebot_msgs/share/nuturtlebot_msgs/environment/ament_prefix_path.dsv
[7.117s] -- Installing: /ros_ws/aarch64_install/nuturtlebot_msgs/share/nuturtlebot_msgs/environment/path.sh
[7.117s] -- Installing: /ros_ws/aarch64_install/nuturtlebot_msgs/share/nuturtlebot_msgs/environment/path.dsv
[7.117s] -- Installing: /ros_ws/aarch64_install/nuturtlebot_msgs/share/nuturtlebot_msgs/local_setup.bash
[7.117s] -- Installing: /ros_ws/aarch64_install/nuturtlebot_msgs/share/nuturtlebot_msgs/local_setup.sh
[7.118s] -- Installing: /ros_ws/aarch64_install/nuturtlebot_msgs/share/nuturtlebot_msgs/local_setup.zsh
[7.118s] -- Installing: /ros_ws/aarch64_install/nuturtlebot_msgs/share/nuturtlebot_msgs/local_setup.dsv
[7.118s] -- Installing: /ros_ws/aarch64_install/nuturtlebot_msgs/share/nuturtlebot_msgs/package.dsv
[7.118s] -- Installing: /ros_ws/aarch64_install/nuturtlebot_msgs/share/ament_index/resource_index/packages/nuturtlebot_msgs
[7.118s] -- Installing: /ros_ws/aarch64_install/nuturtlebot_msgs/share/nuturtlebot_msgs/cmake/export_nuturtlebot_msgs__rosidl_generator_cExport.cmake
[7.119s] -- Installing: /ros_ws/aarch64_install/nuturtlebot_msgs/share/nuturtlebot_msgs/cmake/export_nuturtlebot_msgs__rosidl_generator_cExport-noconfig.cmake
[7.119s] -- Installing: /ros_ws/aarch64_install/nuturtlebot_msgs/share/nuturtlebot_msgs/cmake/export_nuturtlebot_msgs__rosidl_typesupport_fastrtps_cExport.cmake
[7.119s] -- Installing: /ros_ws/aarch64_install/nuturtlebot_msgs/share/nuturtlebot_msgs/cmake/export_nuturtlebot_msgs__rosidl_typesupport_fastrtps_cExport-noconfig.cmake
[7.119s] -- Installing: /ros_ws/aarch64_install/nuturtlebot_msgs/share/nuturtlebot_msgs/cmake/export_nuturtlebot_msgs__rosidl_generator_cppExport.cmake
[7.119s] -- Installing: /ros_ws/aarch64_install/nuturtlebot_msgs/share/nuturtlebot_msgs/cmake/export_nuturtlebot_msgs__rosidl_typesupport_fastrtps_cppExport.cmake
[7.120s] -- Installing: /ros_ws/aarch64_install/nuturtlebot_msgs/share/nuturtlebot_msgs/cmake/export_nuturtlebot_msgs__rosidl_typesupport_fastrtps_cppExport-noconfig.cmake
[7.120s] -- Installing: /ros_ws/aarch64_install/nuturtlebot_msgs/share/nuturtlebot_msgs/cmake/nuturtlebot_msgs__rosidl_typesupport_introspection_cExport.cmake
[7.120s] -- Installing: /ros_ws/aarch64_install/nuturtlebot_msgs/share/nuturtlebot_msgs/cmake/nuturtlebot_msgs__rosidl_typesupport_introspection_cExport-noconfig.cmake
[7.120s] -- Installing: /ros_ws/aarch64_install/nuturtlebot_msgs/share/nuturtlebot_msgs/cmake/nuturtlebot_msgs__rosidl_typesupport_cExport.cmake
[7.120s] -- Installing: /ros_ws/aarch64_install/nuturtlebot_msgs/share/nuturtlebot_msgs/cmake/nuturtlebot_msgs__rosidl_typesupport_cExport-noconfig.cmake
[7.120s] -- Installing: /ros_ws/aarch64_install/nuturtlebot_msgs/share/nuturtlebot_msgs/cmake/nuturtlebot_msgs__rosidl_typesupport_introspection_cppExport.cmake
[7.120s] -- Installing: /ros_ws/aarch64_install/nuturtlebot_msgs/share/nuturtlebot_msgs/cmake/nuturtlebot_msgs__rosidl_typesupport_introspection_cppExport-noconfig.cmake
[7.120s] -- Installing: /ros_ws/aarch64_install/nuturtlebot_msgs/share/nuturtlebot_msgs/cmake/nuturtlebot_msgs__rosidl_typesupport_cppExport.cmake
[7.120s] -- Installing: /ros_ws/aarch64_install/nuturtlebot_msgs/share/nuturtlebot_msgs/cmake/nuturtlebot_msgs__rosidl_typesupport_cppExport-noconfig.cmake
[7.120s] -- Installing: /ros_ws/aarch64_install/nuturtlebot_msgs/share/nuturtlebot_msgs/cmake/export_nuturtlebot_msgs__rosidl_generator_pyExport.cmake
[7.121s] -- Installing: /ros_ws/aarch64_install/nuturtlebot_msgs/share/nuturtlebot_msgs/cmake/export_nuturtlebot_msgs__rosidl_generator_pyExport-noconfig.cmake
[7.121s] -- Installing: /ros_ws/aarch64_install/nuturtlebot_msgs/share/nuturtlebot_msgs/cmake/rosidl_cmake-extras.cmake
[7.121s] -- Installing: /ros_ws/aarch64_install/nuturtlebot_msgs/share/nuturtlebot_msgs/cmake/ament_cmake_export_dependencies-extras.cmake
[7.121s] -- Installing: /ros_ws/aarch64_install/nuturtlebot_msgs/share/nuturtlebot_msgs/cmake/ament_cmake_export_include_directories-extras.cmake
[7.121s] -- Installing: /ros_ws/aarch64_install/nuturtlebot_msgs/share/nuturtlebot_msgs/cmake/ament_cmake_export_libraries-extras.cmake
[7.121s] -- Installing: /ros_ws/aarch64_install/nuturtlebot_msgs/share/nuturtlebot_msgs/cmake/ament_cmake_export_targets-extras.cmake
[7.121s] -- Installing: /ros_ws/aarch64_install/nuturtlebot_msgs/share/nuturtlebot_msgs/cmake/rosidl_cmake_export_typesupport_targets-extras.cmake
[7.122s] -- Installing: /ros_ws/aarch64_install/nuturtlebot_msgs/share/nuturtlebot_msgs/cmake/rosidl_cmake_export_typesupport_libraries-extras.cmake
[7.122s] -- Installing: /ros_ws/aarch64_install/nuturtlebot_msgs/share/nuturtlebot_msgs/cmake/nuturtlebot_msgsConfig.cmake
[7.122s] -- Installing: /ros_ws/aarch64_install/nuturtlebot_msgs/share/nuturtlebot_msgs/cmake/nuturtlebot_msgsConfig-version.cmake
[7.122s] -- Installing: /ros_ws/aarch64_install/nuturtlebot_msgs/share/nuturtlebot_msgs/package.xml
[7.125s] Invoked command in '/ros_ws/aarch64_build/nuturtlebot_msgs' returned '0': CMAKE_PREFIX_PATH=/opt/ros/iron /usr/bin/cmake --install /ros_ws/aarch64_build/nuturtlebot_msgs
