[0.000000] (-) TimerEvent: {}
[0.001693] (nuturtlebot_msgs) JobQueued: {'identifier': 'nuturtlebot_msgs', 'dependencies': OrderedDict()}
[0.001766] (numsr_turtlebot) JobQueued: {'identifier': 'numsr_turtlebot', 'dependencies': OrderedDict([('nuturtlebot_msgs', '/ros_ws/aarch64_install/nuturtlebot_msgs')])}
[0.001811] (nuturtlebot_msgs) JobStarted: {'identifier': 'nuturtlebot_msgs'}
[0.053328] (nuturtlebot_msgs) JobProgress: {'identifier': 'nuturtlebot_msgs', 'progress': 'cmake'}
[0.054693] (nuturtlebot_msgs) JobProgress: {'identifier': 'nuturtlebot_msgs', 'progress': 'build'}
[0.054812] (nuturtlebot_msgs) Command: {'cmd': ['/usr/bin/cmake', '--build', '/ros_ws/aarch64_build/nuturtlebot_msgs', '--', '-j32', '-l32'], 'cwd': '/ros_ws/aarch64_build/nuturtlebot_msgs', 'env': OrderedDict([('HOSTNAME', '08d688e4d228'), ('LD_LIBRARY_PATH', '/opt/ros/iron/opt/rviz_ogre_vendor/lib:/opt/ros/iron/lib/aarch64-linux-gnu:/opt/ros/iron/lib'), ('HOME', '/'), ('ROS_PYTHON_VERSION', '3'), ('ROS_DISTRO', 'iron'), ('ROS_VERSION', '2'), ('TERM', 'xterm'), ('PATH', '/opt/ros/iron/bin:/usr/local/sbin:/usr/local/bin:/usr/sbin:/usr/bin:/sbin:/bin'), ('LANG', 'en_US.UTF-8'), ('AMENT_PREFIX_PATH', '/opt/ros/iron'), ('ROS_AUTOMATIC_DISCOVERY_RANGE', 'SUBNET'), ('PWD', '/ros_ws/aarch64_build/nuturtlebot_msgs'), ('PYTHONPATH', '/opt/ros/iron/lib/python3.10/site-packages'), ('COLCON', '1'), ('CMAKE_PREFIX_PATH', '/opt/ros/iron')]), 'shell': False}
[0.100152] (-) TimerEvent: {}
[0.142694] (nuturtlebot_msgs) StdoutLine: {'line': b'[  2%] Built target nuturtlebot_msgs__rosidl_generator_type_description\n'}
[0.160287] (nuturtlebot_msgs) StdoutLine: {'line': b'[  2%] Built target ament_cmake_python_copy_nuturtlebot_msgs\n'}
[0.164937] (nuturtlebot_msgs) StdoutLine: {'line': b'\x1b[35m\x1b[1mConsolidate compiler generated dependencies of target nuturtlebot_msgs__rosidl_generator_c\x1b[0m\n'}
[0.177819] (nuturtlebot_msgs) StdoutLine: {'line': b'[  4%] Built target nuturtlebot_msgs__cpp\n'}
[0.183565] (nuturtlebot_msgs) StdoutLine: {'line': b'[ 22%] Built target nuturtlebot_msgs__rosidl_generator_c\n'}
[0.200388] (-) TimerEvent: {}
[0.204309] (nuturtlebot_msgs) StdoutLine: {'line': b'\x1b[35m\x1b[1mConsolidate compiler generated dependencies of target nuturtlebot_msgs__rosidl_typesupport_introspection_cpp\x1b[0m\n'}
[0.206386] (nuturtlebot_msgs) StdoutLine: {'line': b'\x1b[35m\x1b[1mConsolidate compiler generated dependencies of target nuturtlebot_msgs__rosidl_typesupport_cpp\x1b[0m\n'}
[0.210100] (nuturtlebot_msgs) StdoutLine: {'line': b'\x1b[35m\x1b[1mConsolidate compiler generated dependencies of target nuturtlebot_msgs__rosidl_typesupport_c\x1b[0m\n'}
[0.211257] (nuturtlebot_msgs) StdoutLine: {'line': b'\x1b[35m\x1b[1mConsolidate compiler generated dependencies of target nuturtlebot_msgs__rosidl_typesupport_fastrtps_c\x1b[0m\n'}
[0.211714] (nuturtlebot_msgs) StdoutLine: {'line': b'\x1b[35m\x1b[1mConsolidate compiler generated dependencies of target nuturtlebot_msgs__rosidl_typesupport_introspection_c\x1b[0m\n'}
[0.212802] (nuturtlebot_msgs) StdoutLine: {'line': b'\x1b[35m\x1b[1mConsolidate compiler generated dependencies of target nuturtlebot_msgs__rosidl_typesupport_fastrtps_cpp\x1b[0m\n'}
[0.240197] (nuturtlebot_msgs) StdoutLine: {'line': b'[ 31%] Built target nuturtlebot_msgs__rosidl_typesupport_introspection_cpp\n'}
[0.245464] (nuturtlebot_msgs) StdoutLine: {'line': b'[ 47%] Built target nuturtlebot_msgs__rosidl_typesupport_cpp\n'}
[0.245948] (nuturtlebot_msgs) StdoutLine: {'line': b'[ 50%] Built target nuturtlebot_msgs__rosidl_typesupport_c\n'}
[0.246756] (nuturtlebot_msgs) StdoutLine: {'line': b'[ 59%] Built target nuturtlebot_msgs__rosidl_typesupport_introspection_c\n'}
[0.248322] (nuturtlebot_msgs) StdoutLine: {'line': b'[ 68%] Built target nuturtlebot_msgs__rosidl_typesupport_fastrtps_c\n'}
[0.250016] (nuturtlebot_msgs) StdoutLine: {'line': b'[ 77%] Built target nuturtlebot_msgs__rosidl_typesupport_fastrtps_cpp\n'}
[0.280055] (nuturtlebot_msgs) StdoutLine: {'line': b'[ 77%] Built target nuturtlebot_msgs\n'}
[0.300633] (-) TimerEvent: {}
[0.317004] (nuturtlebot_msgs) StdoutLine: {'line': b'[ 79%] Built target nuturtlebot_msgs__py\n'}
[0.341426] (nuturtlebot_msgs) StdoutLine: {'line': b'\x1b[35m\x1b[1mConsolidate compiler generated dependencies of target nuturtlebot_msgs__rosidl_generator_py\x1b[0m\n'}
[0.365825] (nuturtlebot_msgs) StdoutLine: {'line': b'[ 86%] Built target nuturtlebot_msgs__rosidl_generator_py\n'}
[0.387235] (nuturtlebot_msgs) StdoutLine: {'line': b'\x1b[35m\x1b[1mConsolidate compiler generated dependencies of target nuturtlebot_msgs__rosidl_typesupport_introspection_c__pyext\x1b[0m\n'}
[0.387858] (nuturtlebot_msgs) StdoutLine: {'line': b'\x1b[35m\x1b[1mConsolidate compiler generated dependencies of target nuturtlebot_msgs__rosidl_typesupport_fastrtps_c__pyext\x1b[0m\n'}
[0.388084] (nuturtlebot_msgs) StdoutLine: {'line': b'\x1b[35m\x1b[1mConsolidate compiler generated dependencies of target nuturtlebot_msgs__rosidl_typesupport_c__pyext\x1b[0m\n'}
[0.400859] (-) TimerEvent: {}
[0.419500] (nuturtlebot_msgs) StdoutLine: {'line': b'[ 90%] Built target nuturtlebot_msgs__rosidl_typesupport_fastrtps_c__pyext\n'}
[0.420317] (nuturtlebot_msgs) StdoutLine: {'line': b'[100%] Built target nuturtlebot_msgs__rosidl_typesupport_introspection_c__pyext\n'}
[0.420584] (nuturtlebot_msgs) StdoutLine: {'line': b'[100%] Built target nuturtlebot_msgs__rosidl_typesupport_c__pyext\n'}
[0.501012] (-) TimerEvent: {}
[0.601596] (-) TimerEvent: {}
[0.666738] (nuturtlebot_msgs) StdoutLine: {'line': b'running egg_info\n'}
[0.667504] (nuturtlebot_msgs) StdoutLine: {'line': b'writing nuturtlebot_msgs.egg-info/PKG-INFO\n'}
[0.667898] (nuturtlebot_msgs) StdoutLine: {'line': b'writing dependency_links to nuturtlebot_msgs.egg-info/dependency_links.txt\n'}
[0.667991] (nuturtlebot_msgs) StdoutLine: {'line': b'writing top-level names to nuturtlebot_msgs.egg-info/top_level.txt\n'}
[0.669523] (nuturtlebot_msgs) StdoutLine: {'line': b"reading manifest file 'nuturtlebot_msgs.egg-info/SOURCES.txt'\n"}
[0.670358] (nuturtlebot_msgs) StdoutLine: {'line': b"writing manifest file 'nuturtlebot_msgs.egg-info/SOURCES.txt'\n"}
[0.701727] (-) TimerEvent: {}
[0.706990] (nuturtlebot_msgs) StdoutLine: {'line': b'[100%] Built target ament_cmake_python_build_nuturtlebot_msgs_egg\n'}
[0.726001] (nuturtlebot_msgs) CommandEnded: {'returncode': 0}
[0.801811] (-) TimerEvent: {}
[0.881544] (nuturtlebot_msgs) JobProgress: {'identifier': 'nuturtlebot_msgs', 'progress': 'install'}
[0.894591] (nuturtlebot_msgs) Command: {'cmd': ['/usr/bin/cmake', '--install', '/ros_ws/aarch64_build/nuturtlebot_msgs'], 'cwd': '/ros_ws/aarch64_build/nuturtlebot_msgs', 'env': OrderedDict([('HOSTNAME', '08d688e4d228'), ('LD_LIBRARY_PATH', '/opt/ros/iron/opt/rviz_ogre_vendor/lib:/opt/ros/iron/lib/aarch64-linux-gnu:/opt/ros/iron/lib'), ('HOME', '/'), ('ROS_PYTHON_VERSION', '3'), ('ROS_DISTRO', 'iron'), ('ROS_VERSION', '2'), ('TERM', 'xterm'), ('PATH', '/opt/ros/iron/bin:/usr/local/sbin:/usr/local/bin:/usr/sbin:/usr/bin:/sbin:/bin'), ('LANG', 'en_US.UTF-8'), ('AMENT_PREFIX_PATH', '/opt/ros/iron'), ('ROS_AUTOMATIC_DISCOVERY_RANGE', 'SUBNET'), ('PWD', '/ros_ws/aarch64_build/nuturtlebot_msgs'), ('PYTHONPATH', '/opt/ros/iron/lib/python3.10/site-packages'), ('COLCON', '1'), ('CMAKE_PREFIX_PATH', '/opt/ros/iron')]), 'shell': False}
[0.901899] (-) TimerEvent: {}
[0.903671] (nuturtlebot_msgs) StdoutLine: {'line': b'-- Install configuration: ""\n'}
[0.903847] (nuturtlebot_msgs) StdoutLine: {'line': b'-- Up-to-date: /ros_ws/aarch64_install/nuturtlebot_msgs/share/ament_index/resource_index/rosidl_interfaces/nuturtlebot_msgs\n'}
[0.903925] (nuturtlebot_msgs) StdoutLine: {'line': b'-- Up-to-date: /ros_ws/aarch64_install/nuturtlebot_msgs/share/nuturtlebot_msgs/msg/SensorData.json\n'}
[0.903981] (nuturtlebot_msgs) StdoutLine: {'line': b'-- Up-to-date: /ros_ws/aarch64_install/nuturtlebot_msgs/share/nuturtlebot_msgs/msg/WheelCommands.json\n'}
[0.904041] (nuturtlebot_msgs) StdoutLine: {'line': b'-- Up-to-date: /ros_ws/aarch64_install/nuturtlebot_msgs/include/nuturtlebot_msgs/nuturtlebot_msgs\n'}
[0.904181] (nuturtlebot_msgs) StdoutLine: {'line': b'-- Up-to-date: /ros_ws/aarch64_install/nuturtlebot_msgs/include/nuturtlebot_msgs/nuturtlebot_msgs/msg\n'}
[0.904317] (nuturtlebot_msgs) StdoutLine: {'line': b'-- Up-to-date: /ros_ws/aarch64_install/nuturtlebot_msgs/include/nuturtlebot_msgs/nuturtlebot_msgs/msg/rosidl_generator_c__visibility_control.h\n'}
[0.904412] (nuturtlebot_msgs) StdoutLine: {'line': b'-- Up-to-date: /ros_ws/aarch64_install/nuturtlebot_msgs/include/nuturtlebot_msgs/nuturtlebot_msgs/msg/detail\n'}
[0.904482] (nuturtlebot_msgs) StdoutLine: {'line': b'-- Up-to-date: /ros_ws/aarch64_install/nuturtlebot_msgs/include/nuturtlebot_msgs/nuturtlebot_msgs/msg/detail/sensor_data__type_support.c\n'}
[0.904568] (nuturtlebot_msgs) StdoutLine: {'line': b'-- Up-to-date: /ros_ws/aarch64_install/nuturtlebot_msgs/include/nuturtlebot_msgs/nuturtlebot_msgs/msg/detail/sensor_data__struct.h\n'}
[0.904647] (nuturtlebot_msgs) StdoutLine: {'line': b'-- Up-to-date: /ros_ws/aarch64_install/nuturtlebot_msgs/include/nuturtlebot_msgs/nuturtlebot_msgs/msg/detail/sensor_data__description.c\n'}
[0.904718] (nuturtlebot_msgs) StdoutLine: {'line': b'-- Up-to-date: /ros_ws/aarch64_install/nuturtlebot_msgs/include/nuturtlebot_msgs/nuturtlebot_msgs/msg/detail/wheel_commands__type_support.c\n'}
[0.904783] (nuturtlebot_msgs) StdoutLine: {'line': b'-- Up-to-date: /ros_ws/aarch64_install/nuturtlebot_msgs/include/nuturtlebot_msgs/nuturtlebot_msgs/msg/detail/sensor_data__functions.c\n'}
[0.904926] (nuturtlebot_msgs) StdoutLine: {'line': b'-- Up-to-date: /ros_ws/aarch64_install/nuturtlebot_msgs/include/nuturtlebot_msgs/nuturtlebot_msgs/msg/detail/wheel_commands__functions.h\n'}
[0.904990] (nuturtlebot_msgs) StdoutLine: {'line': b'-- Up-to-date: /ros_ws/aarch64_install/nuturtlebot_msgs/include/nuturtlebot_msgs/nuturtlebot_msgs/msg/detail/sensor_data__functions.h\n'}
[0.905053] (nuturtlebot_msgs) StdoutLine: {'line': b'-- Up-to-date: /ros_ws/aarch64_install/nuturtlebot_msgs/include/nuturtlebot_msgs/nuturtlebot_msgs/msg/detail/wheel_commands__description.c\n'}
[0.905116] (nuturtlebot_msgs) StdoutLine: {'line': b'-- Up-to-date: /ros_ws/aarch64_install/nuturtlebot_msgs/include/nuturtlebot_msgs/nuturtlebot_msgs/msg/detail/wheel_commands__struct.h\n'}
[0.905182] (nuturtlebot_msgs) StdoutLine: {'line': b'-- Up-to-date: /ros_ws/aarch64_install/nuturtlebot_msgs/include/nuturtlebot_msgs/nuturtlebot_msgs/msg/detail/sensor_data__type_support.h\n'}
[0.905244] (nuturtlebot_msgs) StdoutLine: {'line': b'-- Up-to-date: /ros_ws/aarch64_install/nuturtlebot_msgs/include/nuturtlebot_msgs/nuturtlebot_msgs/msg/detail/wheel_commands__type_support.h\n'}
[0.905308] (nuturtlebot_msgs) StdoutLine: {'line': b'-- Up-to-date: /ros_ws/aarch64_install/nuturtlebot_msgs/include/nuturtlebot_msgs/nuturtlebot_msgs/msg/detail/wheel_commands__functions.c\n'}
[0.905369] (nuturtlebot_msgs) StdoutLine: {'line': b'-- Up-to-date: /ros_ws/aarch64_install/nuturtlebot_msgs/include/nuturtlebot_msgs/nuturtlebot_msgs/msg/sensor_data.h\n'}
[0.905440] (nuturtlebot_msgs) StdoutLine: {'line': b'-- Up-to-date: /ros_ws/aarch64_install/nuturtlebot_msgs/include/nuturtlebot_msgs/nuturtlebot_msgs/msg/wheel_commands.h\n'}
[0.905513] (nuturtlebot_msgs) StdoutLine: {'line': b'-- Up-to-date: /ros_ws/aarch64_install/nuturtlebot_msgs/share/nuturtlebot_msgs/environment/library_path.sh\n'}
[0.905589] (nuturtlebot_msgs) StdoutLine: {'line': b'-- Up-to-date: /ros_ws/aarch64_install/nuturtlebot_msgs/share/nuturtlebot_msgs/environment/library_path.dsv\n'}
[0.905660] (nuturtlebot_msgs) StdoutLine: {'line': b'-- Up-to-date: /ros_ws/aarch64_install/nuturtlebot_msgs/lib/libnuturtlebot_msgs__rosidl_generator_c.so\n'}
[0.905726] (nuturtlebot_msgs) StdoutLine: {'line': b'-- Up-to-date: /ros_ws/aarch64_install/nuturtlebot_msgs/include/nuturtlebot_msgs/nuturtlebot_msgs\n'}
[0.905794] (nuturtlebot_msgs) StdoutLine: {'line': b'-- Up-to-date: /ros_ws/aarch64_install/nuturtlebot_msgs/include/nuturtlebot_msgs/nuturtlebot_msgs/msg\n'}
[0.905869] (nuturtlebot_msgs) StdoutLine: {'line': b'-- Up-to-date: /ros_ws/aarch64_install/nuturtlebot_msgs/include/nuturtlebot_msgs/nuturtlebot_msgs/msg/detail\n'}
[0.905975] (nuturtlebot_msgs) StdoutLine: {'line': b'-- Up-to-date: /ros_ws/aarch64_install/nuturtlebot_msgs/include/nuturtlebot_msgs/nuturtlebot_msgs/msg/detail/wheel_commands__rosidl_typesupport_fastrtps_c.h\n'}
[0.906052] (nuturtlebot_msgs) StdoutLine: {'line': b'-- Up-to-date: /ros_ws/aarch64_install/nuturtlebot_msgs/include/nuturtlebot_msgs/nuturtlebot_msgs/msg/detail/sensor_data__rosidl_typesupport_fastrtps_c.h\n'}
[0.906127] (nuturtlebot_msgs) StdoutLine: {'line': b'-- Up-to-date: /ros_ws/aarch64_install/nuturtlebot_msgs/include/nuturtlebot_msgs/nuturtlebot_msgs/msg/rosidl_typesupport_fastrtps_c__visibility_control.h\n'}
[0.906204] (nuturtlebot_msgs) StdoutLine: {'line': b'-- Up-to-date: /ros_ws/aarch64_install/nuturtlebot_msgs/lib/libnuturtlebot_msgs__rosidl_typesupport_fastrtps_c.so\n'}
[0.906450] (nuturtlebot_msgs) StdoutLine: {'line': b'-- Up-to-date: /ros_ws/aarch64_install/nuturtlebot_msgs/include/nuturtlebot_msgs/nuturtlebot_msgs\n'}
[0.906556] (nuturtlebot_msgs) StdoutLine: {'line': b'-- Up-to-date: /ros_ws/aarch64_install/nuturtlebot_msgs/include/nuturtlebot_msgs/nuturtlebot_msgs/msg\n'}
[0.906674] (nuturtlebot_msgs) StdoutLine: {'line': b'-- Up-to-date: /ros_ws/aarch64_install/nuturtlebot_msgs/include/nuturtlebot_msgs/nuturtlebot_msgs/msg/detail\n'}
[0.906768] (nuturtlebot_msgs) StdoutLine: {'line': b'-- Up-to-date: /ros_ws/aarch64_install/nuturtlebot_msgs/include/nuturtlebot_msgs/nuturtlebot_msgs/msg/detail/wheel_commands__builder.hpp\n'}
[0.906854] (nuturtlebot_msgs) StdoutLine: {'line': b'-- Up-to-date: /ros_ws/aarch64_install/nuturtlebot_msgs/include/nuturtlebot_msgs/nuturtlebot_msgs/msg/detail/sensor_data__traits.hpp\n'}
[0.907009] (nuturtlebot_msgs) StdoutLine: {'line': b'-- Up-to-date: /ros_ws/aarch64_install/nuturtlebot_msgs/include/nuturtlebot_msgs/nuturtlebot_msgs/msg/detail/wheel_commands__struct.hpp\n'}
[0.907107] (nuturtlebot_msgs) StdoutLine: {'line': b'-- Up-to-date: /ros_ws/aarch64_install/nuturtlebot_msgs/include/nuturtlebot_msgs/nuturtlebot_msgs/msg/detail/wheel_commands__traits.hpp\n'}
[0.907211] (nuturtlebot_msgs) StdoutLine: {'line': b'-- Up-to-date: /ros_ws/aarch64_install/nuturtlebot_msgs/include/nuturtlebot_msgs/nuturtlebot_msgs/msg/detail/sensor_data__struct.hpp\n'}
[0.907321] (nuturtlebot_msgs) StdoutLine: {'line': b'-- Up-to-date: /ros_ws/aarch64_install/nuturtlebot_msgs/include/nuturtlebot_msgs/nuturtlebot_msgs/msg/detail/sensor_data__builder.hpp\n'}
[0.907486] (nuturtlebot_msgs) StdoutLine: {'line': b'-- Up-to-date: /ros_ws/aarch64_install/nuturtlebot_msgs/include/nuturtlebot_msgs/nuturtlebot_msgs/msg/wheel_commands.hpp\n'}
[0.907867] (nuturtlebot_msgs) StdoutLine: {'line': b'-- Up-to-date: /ros_ws/aarch64_install/nuturtlebot_msgs/include/nuturtlebot_msgs/nuturtlebot_msgs/msg/sensor_data.hpp\n'}
[0.907978] (nuturtlebot_msgs) StdoutLine: {'line': b'-- Up-to-date: /ros_ws/aarch64_install/nuturtlebot_msgs/include/nuturtlebot_msgs/nuturtlebot_msgs\n'}
[0.908674] (nuturtlebot_msgs) StdoutLine: {'line': b'-- Up-to-date: /ros_ws/aarch64_install/nuturtlebot_msgs/include/nuturtlebot_msgs/nuturtlebot_msgs/msg\n'}
[0.908915] (nuturtlebot_msgs) StdoutLine: {'line': b'-- Up-to-date: /ros_ws/aarch64_install/nuturtlebot_msgs/include/nuturtlebot_msgs/nuturtlebot_msgs/msg/detail\n'}
[0.909079] (nuturtlebot_msgs) StdoutLine: {'line': b'-- Up-to-date: /ros_ws/aarch64_install/nuturtlebot_msgs/include/nuturtlebot_msgs/nuturtlebot_msgs/msg/detail/dds_fastrtps\n'}
[0.909284] (nuturtlebot_msgs) StdoutLine: {'line': b'-- Up-to-date: /ros_ws/aarch64_install/nuturtlebot_msgs/include/nuturtlebot_msgs/nuturtlebot_msgs/msg/detail/wheel_commands__rosidl_typesupport_fastrtps_cpp.hpp\n'}
[0.909382] (nuturtlebot_msgs) StdoutLine: {'line': b'-- Up-to-date: /ros_ws/aarch64_install/nuturtlebot_msgs/include/nuturtlebot_msgs/nuturtlebot_msgs/msg/detail/sensor_data__rosidl_typesupport_fastrtps_cpp.hpp\n'}
[0.909507] (nuturtlebot_msgs) StdoutLine: {'line': b'-- Up-to-date: /ros_ws/aarch64_install/nuturtlebot_msgs/include/nuturtlebot_msgs/nuturtlebot_msgs/msg/rosidl_typesupport_fastrtps_cpp__visibility_control.h\n'}
[0.909755] (nuturtlebot_msgs) StdoutLine: {'line': b'-- Up-to-date: /ros_ws/aarch64_install/nuturtlebot_msgs/lib/libnuturtlebot_msgs__rosidl_typesupport_fastrtps_cpp.so\n'}
[0.909844] (nuturtlebot_msgs) StdoutLine: {'line': b'-- Up-to-date: /ros_ws/aarch64_install/nuturtlebot_msgs/include/nuturtlebot_msgs/nuturtlebot_msgs\n'}
[0.909993] (nuturtlebot_msgs) StdoutLine: {'line': b'-- Up-to-date: /ros_ws/aarch64_install/nuturtlebot_msgs/include/nuturtlebot_msgs/nuturtlebot_msgs/msg\n'}
[0.910082] (nuturtlebot_msgs) StdoutLine: {'line': b'-- Up-to-date: /ros_ws/aarch64_install/nuturtlebot_msgs/include/nuturtlebot_msgs/nuturtlebot_msgs/msg/detail\n'}
[0.910188] (nuturtlebot_msgs) StdoutLine: {'line': b'-- Up-to-date: /ros_ws/aarch64_install/nuturtlebot_msgs/include/nuturtlebot_msgs/nuturtlebot_msgs/msg/detail/sensor_data__type_support.c\n'}
[0.910285] (nuturtlebot_msgs) StdoutLine: {'line': b'-- Up-to-date: /ros_ws/aarch64_install/nuturtlebot_msgs/include/nuturtlebot_msgs/nuturtlebot_msgs/msg/detail/wheel_commands__type_support.c\n'}
[0.910379] (nuturtlebot_msgs) StdoutLine: {'line': b'-- Up-to-date: /ros_ws/aarch64_install/nuturtlebot_msgs/include/nuturtlebot_msgs/nuturtlebot_msgs/msg/detail/sensor_data__rosidl_typesupport_introspection_c.h\n'}
[0.910527] (nuturtlebot_msgs) StdoutLine: {'line': b'-- Up-to-date: /ros_ws/aarch64_install/nuturtlebot_msgs/include/nuturtlebot_msgs/nuturtlebot_msgs/msg/detail/wheel_commands__rosidl_typesupport_introspection_c.h\n'}
[0.910619] (nuturtlebot_msgs) StdoutLine: {'line': b'-- Up-to-date: /ros_ws/aarch64_install/nuturtlebot_msgs/include/nuturtlebot_msgs/nuturtlebot_msgs/msg/rosidl_typesupport_introspection_c__visibility_control.h\n'}
[0.910690] (nuturtlebot_msgs) StdoutLine: {'line': b'-- Up-to-date: /ros_ws/aarch64_install/nuturtlebot_msgs/lib/libnuturtlebot_msgs__rosidl_typesupport_introspection_c.so\n'}
[0.910752] (nuturtlebot_msgs) StdoutLine: {'line': b'-- Up-to-date: /ros_ws/aarch64_install/nuturtlebot_msgs/lib/libnuturtlebot_msgs__rosidl_typesupport_c.so\n'}
[0.910819] (nuturtlebot_msgs) StdoutLine: {'line': b'-- Up-to-date: /ros_ws/aarch64_install/nuturtlebot_msgs/include/nuturtlebot_msgs/nuturtlebot_msgs\n'}
[0.910888] (nuturtlebot_msgs) StdoutLine: {'line': b'-- Up-to-date: /ros_ws/aarch64_install/nuturtlebot_msgs/include/nuturtlebot_msgs/nuturtlebot_msgs/msg\n'}
[0.910951] (nuturtlebot_msgs) StdoutLine: {'line': b'-- Up-to-date: /ros_ws/aarch64_install/nuturtlebot_msgs/include/nuturtlebot_msgs/nuturtlebot_msgs/msg/detail\n'}
[0.911016] (nuturtlebot_msgs) StdoutLine: {'line': b'-- Up-to-date: /ros_ws/aarch64_install/nuturtlebot_msgs/include/nuturtlebot_msgs/nuturtlebot_msgs/msg/detail/wheel_commands__type_support.cpp\n'}
[0.911560] (nuturtlebot_msgs) StdoutLine: {'line': b'-- Up-to-date: /ros_ws/aarch64_install/nuturtlebot_msgs/include/nuturtlebot_msgs/nuturtlebot_msgs/msg/detail/sensor_data__rosidl_typesupport_introspection_cpp.hpp\n'}
[0.911771] (nuturtlebot_msgs) StdoutLine: {'line': b'-- Up-to-date: /ros_ws/aarch64_install/nuturtlebot_msgs/include/nuturtlebot_msgs/nuturtlebot_msgs/msg/detail/wheel_commands__rosidl_typesupport_introspection_cpp.hpp\n'}
[0.911885] (nuturtlebot_msgs) StdoutLine: {'line': b'-- Up-to-date: /ros_ws/aarch64_install/nuturtlebot_msgs/include/nuturtlebot_msgs/nuturtlebot_msgs/msg/detail/sensor_data__type_support.cpp\n'}
[0.911962] (nuturtlebot_msgs) StdoutLine: {'line': b'-- Up-to-date: /ros_ws/aarch64_install/nuturtlebot_msgs/lib/libnuturtlebot_msgs__rosidl_typesupport_introspection_cpp.so\n'}
[0.912029] (nuturtlebot_msgs) StdoutLine: {'line': b'-- Up-to-date: /ros_ws/aarch64_install/nuturtlebot_msgs/lib/libnuturtlebot_msgs__rosidl_typesupport_cpp.so\n'}
[0.912091] (nuturtlebot_msgs) StdoutLine: {'line': b'-- Up-to-date: /ros_ws/aarch64_install/nuturtlebot_msgs/share/nuturtlebot_msgs/environment/pythonpath.sh\n'}
[0.912151] (nuturtlebot_msgs) StdoutLine: {'line': b'-- Up-to-date: /ros_ws/aarch64_install/nuturtlebot_msgs/share/nuturtlebot_msgs/environment/pythonpath.dsv\n'}
[0.912202] (nuturtlebot_msgs) StdoutLine: {'line': b'-- Up-to-date: /ros_ws/aarch64_install/nuturtlebot_msgs/lib/python3.10/site-packages/nuturtlebot_msgs-0.0.2-py3.10.egg-info\n'}
[0.912254] (nuturtlebot_msgs) StdoutLine: {'line': b'-- Installing: /ros_ws/aarch64_install/nuturtlebot_msgs/lib/python3.10/site-packages/nuturtlebot_msgs-0.0.2-py3.10.egg-info/SOURCES.txt\n'}
[0.912321] (nuturtlebot_msgs) StdoutLine: {'line': b'-- Installing: /ros_ws/aarch64_install/nuturtlebot_msgs/lib/python3.10/site-packages/nuturtlebot_msgs-0.0.2-py3.10.egg-info/dependency_links.txt\n'}
[0.912371] (nuturtlebot_msgs) StdoutLine: {'line': b'-- Installing: /ros_ws/aarch64_install/nuturtlebot_msgs/lib/python3.10/site-packages/nuturtlebot_msgs-0.0.2-py3.10.egg-info/PKG-INFO\n'}
[0.912433] (nuturtlebot_msgs) StdoutLine: {'line': b'-- Installing: /ros_ws/aarch64_install/nuturtlebot_msgs/lib/python3.10/site-packages/nuturtlebot_msgs-0.0.2-py3.10.egg-info/top_level.txt\n'}
[0.912491] (nuturtlebot_msgs) StdoutLine: {'line': b'-- Up-to-date: /ros_ws/aarch64_install/nuturtlebot_msgs/lib/python3.10/site-packages/nuturtlebot_msgs\n'}
[0.912567] (nuturtlebot_msgs) StdoutLine: {'line': b'-- Up-to-date: /ros_ws/aarch64_install/nuturtlebot_msgs/lib/python3.10/site-packages/nuturtlebot_msgs/_nuturtlebot_msgs_s.ep.rosidl_typesupport_c.c\n'}
[0.912638] (nuturtlebot_msgs) StdoutLine: {'line': b'-- Up-to-date: /ros_ws/aarch64_install/nuturtlebot_msgs/lib/python3.10/site-packages/nuturtlebot_msgs/msg\n'}
[0.912704] (nuturtlebot_msgs) StdoutLine: {'line': b'-- Up-to-date: /ros_ws/aarch64_install/nuturtlebot_msgs/lib/python3.10/site-packages/nuturtlebot_msgs/msg/_sensor_data.py\n'}
[0.912759] (nuturtlebot_msgs) StdoutLine: {'line': b'-- Up-to-date: /ros_ws/aarch64_install/nuturtlebot_msgs/lib/python3.10/site-packages/nuturtlebot_msgs/msg/_wheel_commands_s.c\n'}
[0.912819] (nuturtlebot_msgs) StdoutLine: {'line': b'-- Up-to-date: /ros_ws/aarch64_install/nuturtlebot_msgs/lib/python3.10/site-packages/nuturtlebot_msgs/msg/_wheel_commands.py\n'}
[0.912883] (nuturtlebot_msgs) StdoutLine: {'line': b'-- Up-to-date: /ros_ws/aarch64_install/nuturtlebot_msgs/lib/python3.10/site-packages/nuturtlebot_msgs/msg/_sensor_data_s.c\n'}
[0.912948] (nuturtlebot_msgs) StdoutLine: {'line': b'-- Up-to-date: /ros_ws/aarch64_install/nuturtlebot_msgs/lib/python3.10/site-packages/nuturtlebot_msgs/msg/__init__.py\n'}
[0.913012] (nuturtlebot_msgs) StdoutLine: {'line': b'-- Up-to-date: /ros_ws/aarch64_install/nuturtlebot_msgs/lib/python3.10/site-packages/nuturtlebot_msgs/libnuturtlebot_msgs__rosidl_generator_py.so\n'}
[0.913076] (nuturtlebot_msgs) StdoutLine: {'line': b'-- Up-to-date: /ros_ws/aarch64_install/nuturtlebot_msgs/lib/python3.10/site-packages/nuturtlebot_msgs/nuturtlebot_msgs_s__rosidl_typesupport_introspection_c.cpython-310-x86_64-linux-gnu.so\n'}
[0.913149] (nuturtlebot_msgs) StdoutLine: {'line': b'-- Up-to-date: /ros_ws/aarch64_install/nuturtlebot_msgs/lib/python3.10/site-packages/nuturtlebot_msgs/_nuturtlebot_msgs_s.ep.rosidl_typesupport_introspection_c.c\n'}
[0.913220] (nuturtlebot_msgs) StdoutLine: {'line': b'-- Up-to-date: /ros_ws/aarch64_install/nuturtlebot_msgs/lib/python3.10/site-packages/nuturtlebot_msgs/__init__.py\n'}
[0.913296] (nuturtlebot_msgs) StdoutLine: {'line': b'-- Up-to-date: /ros_ws/aarch64_install/nuturtlebot_msgs/lib/python3.10/site-packages/nuturtlebot_msgs/_nuturtlebot_msgs_s.ep.rosidl_typesupport_fastrtps_c.c\n'}
[0.913372] (nuturtlebot_msgs) StdoutLine: {'line': b'-- Up-to-date: /ros_ws/aarch64_install/nuturtlebot_msgs/lib/python3.10/site-packages/nuturtlebot_msgs/nuturtlebot_msgs_s__rosidl_typesupport_fastrtps_c.cpython-310-x86_64-linux-gnu.so\n'}
[0.913462] (nuturtlebot_msgs) StdoutLine: {'line': b'-- Up-to-date: /ros_ws/aarch64_install/nuturtlebot_msgs/lib/python3.10/site-packages/nuturtlebot_msgs/nuturtlebot_msgs_s__rosidl_typesupport_c.cpython-310-x86_64-linux-gnu.so\n'}
[0.985155] (nuturtlebot_msgs) StdoutLine: {'line': b"Listing '/ros_ws/aarch64_install/nuturtlebot_msgs/lib/python3.10/site-packages/nuturtlebot_msgs'...\n"}
[0.985500] (nuturtlebot_msgs) StdoutLine: {'line': b"Listing '/ros_ws/aarch64_install/nuturtlebot_msgs/lib/python3.10/site-packages/nuturtlebot_msgs/msg'...\n"}
[0.990108] (nuturtlebot_msgs) StdoutLine: {'line': b'-- Up-to-date: /ros_ws/aarch64_install/nuturtlebot_msgs/lib/python3.10/site-packages/nuturtlebot_msgs/nuturtlebot_msgs_s__rosidl_typesupport_fastrtps_c.cpython-310-x86_64-linux-gnu.so\n'}
[0.990755] (nuturtlebot_msgs) StdoutLine: {'line': b'-- Up-to-date: /ros_ws/aarch64_install/nuturtlebot_msgs/lib/python3.10/site-packages/nuturtlebot_msgs/nuturtlebot_msgs_s__rosidl_typesupport_introspection_c.cpython-310-x86_64-linux-gnu.so\n'}
[0.990918] (nuturtlebot_msgs) StdoutLine: {'line': b'-- Up-to-date: /ros_ws/aarch64_install/nuturtlebot_msgs/lib/python3.10/site-packages/nuturtlebot_msgs/nuturtlebot_msgs_s__rosidl_typesupport_c.cpython-310-x86_64-linux-gnu.so\n'}
[0.991279] (nuturtlebot_msgs) StdoutLine: {'line': b'-- Up-to-date: /ros_ws/aarch64_install/nuturtlebot_msgs/lib/libnuturtlebot_msgs__rosidl_generator_py.so\n'}
[0.991761] (nuturtlebot_msgs) StdoutLine: {'line': b'-- Up-to-date: /ros_ws/aarch64_install/nuturtlebot_msgs/share/nuturtlebot_msgs/msg/SensorData.idl\n'}
[0.992211] (nuturtlebot_msgs) StdoutLine: {'line': b'-- Up-to-date: /ros_ws/aarch64_install/nuturtlebot_msgs/share/nuturtlebot_msgs/msg/WheelCommands.idl\n'}
[0.992509] (nuturtlebot_msgs) StdoutLine: {'line': b'-- Up-to-date: /ros_ws/aarch64_install/nuturtlebot_msgs/share/nuturtlebot_msgs/msg/SensorData.msg\n'}
[0.993113] (nuturtlebot_msgs) StdoutLine: {'line': b'-- Up-to-date: /ros_ws/aarch64_install/nuturtlebot_msgs/share/nuturtlebot_msgs/msg/WheelCommands.msg\n'}
[0.993401] (nuturtlebot_msgs) StdoutLine: {'line': b'-- Up-to-date: /ros_ws/aarch64_install/nuturtlebot_msgs/share/ament_index/resource_index/package_run_dependencies/nuturtlebot_msgs\n'}
[0.993599] (nuturtlebot_msgs) StdoutLine: {'line': b'-- Up-to-date: /ros_ws/aarch64_install/nuturtlebot_msgs/share/ament_index/resource_index/parent_prefix_path/nuturtlebot_msgs\n'}
[0.993720] (nuturtlebot_msgs) StdoutLine: {'line': b'-- Up-to-date: /ros_ws/aarch64_install/nuturtlebot_msgs/share/nuturtlebot_msgs/environment/ament_prefix_path.sh\n'}
[0.993856] (nuturtlebot_msgs) StdoutLine: {'line': b'-- Up-to-date: /ros_ws/aarch64_install/nuturtlebot_msgs/share/nuturtlebot_msgs/environment/ament_prefix_path.dsv\n'}
[0.993970] (nuturtlebot_msgs) StdoutLine: {'line': b'-- Up-to-date: /ros_ws/aarch64_install/nuturtlebot_msgs/share/nuturtlebot_msgs/environment/path.sh\n'}
[0.994075] (nuturtlebot_msgs) StdoutLine: {'line': b'-- Up-to-date: /ros_ws/aarch64_install/nuturtlebot_msgs/share/nuturtlebot_msgs/environment/path.dsv\n'}
[0.994177] (nuturtlebot_msgs) StdoutLine: {'line': b'-- Up-to-date: /ros_ws/aarch64_install/nuturtlebot_msgs/share/nuturtlebot_msgs/local_setup.bash\n'}
[0.994292] (nuturtlebot_msgs) StdoutLine: {'line': b'-- Up-to-date: /ros_ws/aarch64_install/nuturtlebot_msgs/share/nuturtlebot_msgs/local_setup.sh\n'}
[0.994434] (nuturtlebot_msgs) StdoutLine: {'line': b'-- Up-to-date: /ros_ws/aarch64_install/nuturtlebot_msgs/share/nuturtlebot_msgs/local_setup.zsh\n'}
[0.994552] (nuturtlebot_msgs) StdoutLine: {'line': b'-- Up-to-date: /ros_ws/aarch64_install/nuturtlebot_msgs/share/nuturtlebot_msgs/local_setup.dsv\n'}
[0.994652] (nuturtlebot_msgs) StdoutLine: {'line': b'-- Installing: /ros_ws/aarch64_install/nuturtlebot_msgs/share/nuturtlebot_msgs/package.dsv\n'}
[0.994743] (nuturtlebot_msgs) StdoutLine: {'line': b'-- Up-to-date: /ros_ws/aarch64_install/nuturtlebot_msgs/share/ament_index/resource_index/packages/nuturtlebot_msgs\n'}
[0.994832] (nuturtlebot_msgs) StdoutLine: {'line': b'-- Up-to-date: /ros_ws/aarch64_install/nuturtlebot_msgs/share/nuturtlebot_msgs/cmake/export_nuturtlebot_msgs__rosidl_generator_cExport.cmake\n'}
[0.994921] (nuturtlebot_msgs) StdoutLine: {'line': b'-- Up-to-date: /ros_ws/aarch64_install/nuturtlebot_msgs/share/nuturtlebot_msgs/cmake/export_nuturtlebot_msgs__rosidl_generator_cExport-noconfig.cmake\n'}
[0.995011] (nuturtlebot_msgs) StdoutLine: {'line': b'-- Up-to-date: /ros_ws/aarch64_install/nuturtlebot_msgs/share/nuturtlebot_msgs/cmake/export_nuturtlebot_msgs__rosidl_typesupport_fastrtps_cExport.cmake\n'}
[0.995109] (nuturtlebot_msgs) StdoutLine: {'line': b'-- Up-to-date: /ros_ws/aarch64_install/nuturtlebot_msgs/share/nuturtlebot_msgs/cmake/export_nuturtlebot_msgs__rosidl_typesupport_fastrtps_cExport-noconfig.cmake\n'}
[0.995201] (nuturtlebot_msgs) StdoutLine: {'line': b'-- Up-to-date: /ros_ws/aarch64_install/nuturtlebot_msgs/share/nuturtlebot_msgs/cmake/export_nuturtlebot_msgs__rosidl_generator_cppExport.cmake\n'}
[0.995296] (nuturtlebot_msgs) StdoutLine: {'line': b'-- Up-to-date: /ros_ws/aarch64_install/nuturtlebot_msgs/share/nuturtlebot_msgs/cmake/export_nuturtlebot_msgs__rosidl_typesupport_fastrtps_cppExport.cmake\n'}
[0.995471] (nuturtlebot_msgs) StdoutLine: {'line': b'-- Up-to-date: /ros_ws/aarch64_install/nuturtlebot_msgs/share/nuturtlebot_msgs/cmake/export_nuturtlebot_msgs__rosidl_typesupport_fastrtps_cppExport-noconfig.cmake\n'}
[0.996009] (nuturtlebot_msgs) StdoutLine: {'line': b'-- Up-to-date: /ros_ws/aarch64_install/nuturtlebot_msgs/share/nuturtlebot_msgs/cmake/nuturtlebot_msgs__rosidl_typesupport_introspection_cExport.cmake\n'}
[0.996112] (nuturtlebot_msgs) StdoutLine: {'line': b'-- Up-to-date: /ros_ws/aarch64_install/nuturtlebot_msgs/share/nuturtlebot_msgs/cmake/nuturtlebot_msgs__rosidl_typesupport_introspection_cExport-noconfig.cmake\n'}
[0.996282] (nuturtlebot_msgs) StdoutLine: {'line': b'-- Up-to-date: /ros_ws/aarch64_install/nuturtlebot_msgs/share/nuturtlebot_msgs/cmake/nuturtlebot_msgs__rosidl_typesupport_cExport.cmake\n'}
[0.996369] (nuturtlebot_msgs) StdoutLine: {'line': b'-- Up-to-date: /ros_ws/aarch64_install/nuturtlebot_msgs/share/nuturtlebot_msgs/cmake/nuturtlebot_msgs__rosidl_typesupport_cExport-noconfig.cmake\n'}
[0.996488] (nuturtlebot_msgs) StdoutLine: {'line': b'-- Up-to-date: /ros_ws/aarch64_install/nuturtlebot_msgs/share/nuturtlebot_msgs/cmake/nuturtlebot_msgs__rosidl_typesupport_introspection_cppExport.cmake\n'}
[0.996606] (nuturtlebot_msgs) StdoutLine: {'line': b'-- Up-to-date: /ros_ws/aarch64_install/nuturtlebot_msgs/share/nuturtlebot_msgs/cmake/nuturtlebot_msgs__rosidl_typesupport_introspection_cppExport-noconfig.cmake\n'}
[0.996742] (nuturtlebot_msgs) StdoutLine: {'line': b'-- Up-to-date: /ros_ws/aarch64_install/nuturtlebot_msgs/share/nuturtlebot_msgs/cmake/nuturtlebot_msgs__rosidl_typesupport_cppExport.cmake\n'}
[0.996847] (nuturtlebot_msgs) StdoutLine: {'line': b'-- Up-to-date: /ros_ws/aarch64_install/nuturtlebot_msgs/share/nuturtlebot_msgs/cmake/nuturtlebot_msgs__rosidl_typesupport_cppExport-noconfig.cmake\n'}
[0.997221] (nuturtlebot_msgs) StdoutLine: {'line': b'-- Up-to-date: /ros_ws/aarch64_install/nuturtlebot_msgs/share/nuturtlebot_msgs/cmake/export_nuturtlebot_msgs__rosidl_generator_pyExport.cmake\n'}
[0.998837] (nuturtlebot_msgs) StdoutLine: {'line': b'-- Up-to-date: /ros_ws/aarch64_install/nuturtlebot_msgs/share/nuturtlebot_msgs/cmake/export_nuturtlebot_msgs__rosidl_generator_pyExport-noconfig.cmake\n'}
[0.998960] (nuturtlebot_msgs) StdoutLine: {'line': b'-- Up-to-date: /ros_ws/aarch64_install/nuturtlebot_msgs/share/nuturtlebot_msgs/cmake/rosidl_cmake-extras.cmake\n'}
[0.999056] (nuturtlebot_msgs) StdoutLine: {'line': b'-- Up-to-date: /ros_ws/aarch64_install/nuturtlebot_msgs/share/nuturtlebot_msgs/cmake/ament_cmake_export_dependencies-extras.cmake\n'}
[0.999206] (nuturtlebot_msgs) StdoutLine: {'line': b'-- Up-to-date: /ros_ws/aarch64_install/nuturtlebot_msgs/share/nuturtlebot_msgs/cmake/ament_cmake_export_include_directories-extras.cmake\n'}
[0.999611] (nuturtlebot_msgs) StdoutLine: {'line': b'-- Up-to-date: /ros_ws/aarch64_install/nuturtlebot_msgs/share/nuturtlebot_msgs/cmake/ament_cmake_export_libraries-extras.cmake\n'}
[0.999985] (nuturtlebot_msgs) StdoutLine: {'line': b'-- Up-to-date: /ros_ws/aarch64_install/nuturtlebot_msgs/share/nuturtlebot_msgs/cmake/ament_cmake_export_targets-extras.cmake\n'}
[1.000191] (nuturtlebot_msgs) StdoutLine: {'line': b'-- Up-to-date: /ros_ws/aarch64_install/nuturtlebot_msgs/share/nuturtlebot_msgs/cmake/rosidl_cmake_export_typesupport_targets-extras.cmake\n'}
[1.000322] (nuturtlebot_msgs) StdoutLine: {'line': b'-- Up-to-date: /ros_ws/aarch64_install/nuturtlebot_msgs/share/nuturtlebot_msgs/cmake/rosidl_cmake_export_typesupport_libraries-extras.cmake\n'}
[1.000644] (nuturtlebot_msgs) StdoutLine: {'line': b'-- Up-to-date: /ros_ws/aarch64_install/nuturtlebot_msgs/share/nuturtlebot_msgs/cmake/nuturtlebot_msgsConfig.cmake\n'}
[1.000852] (nuturtlebot_msgs) StdoutLine: {'line': b'-- Up-to-date: /ros_ws/aarch64_install/nuturtlebot_msgs/share/nuturtlebot_msgs/cmake/nuturtlebot_msgsConfig-version.cmake\n'}
[1.001130] (nuturtlebot_msgs) StdoutLine: {'line': b'-- Up-to-date: /ros_ws/aarch64_install/nuturtlebot_msgs/share/nuturtlebot_msgs/package.xml\n'}
[1.001384] (nuturtlebot_msgs) CommandEnded: {'returncode': 0}
[1.002067] (-) TimerEvent: {}
[1.102645] (-) TimerEvent: {}
[1.203155] (-) TimerEvent: {}
[1.304221] (-) TimerEvent: {}
[1.340901] (nuturtlebot_msgs) JobEnded: {'identifier': 'nuturtlebot_msgs', 'rc': 0}
[1.341388] (numsr_turtlebot) JobStarted: {'identifier': 'numsr_turtlebot'}
[1.404569] (-) TimerEvent: {}
[1.406763] (numsr_turtlebot) JobProgress: {'identifier': 'numsr_turtlebot', 'progress': 'cmake'}
[1.410028] (numsr_turtlebot) JobProgress: {'identifier': 'numsr_turtlebot', 'progress': 'build'}
[1.410315] (numsr_turtlebot) Command: {'cmd': ['/usr/bin/cmake', '--build', '/ros_ws/aarch64_build/numsr_turtlebot', '--', '-j32', '-l32'], 'cwd': '/ros_ws/aarch64_build/numsr_turtlebot', 'env': OrderedDict([('HOSTNAME', '08d688e4d228'), ('LD_LIBRARY_PATH', '/ros_ws/aarch64_install/nuturtlebot_msgs/lib:/opt/ros/iron/opt/rviz_ogre_vendor/lib:/opt/ros/iron/lib/aarch64-linux-gnu:/opt/ros/iron/lib'), ('HOME', '/'), ('ROS_PYTHON_VERSION', '3'), ('ROS_DISTRO', 'iron'), ('ROS_VERSION', '2'), ('TERM', 'xterm'), ('PATH', '/opt/ros/iron/bin:/usr/local/sbin:/usr/local/bin:/usr/sbin:/usr/bin:/sbin:/bin'), ('LANG', 'en_US.UTF-8'), ('AMENT_PREFIX_PATH', '/ros_ws/aarch64_install/nuturtlebot_msgs:/opt/ros/iron'), ('ROS_AUTOMATIC_DISCOVERY_RANGE', 'SUBNET'), ('PWD', '/ros_ws/aarch64_build/numsr_turtlebot'), ('PYTHONPATH', '/ros_ws/aarch64_install/nuturtlebot_msgs/lib/python3.10/site-packages:/opt/ros/iron/lib/python3.10/site-packages'), ('COLCON', '1'), ('CMAKE_PREFIX_PATH', '/ros_ws/aarch64_install/nuturtlebot_msgs:/opt/ros/iron')]), 'shell': False}
[1.475281] (numsr_turtlebot) StdoutLine: {'line': b'\x1b[35m\x1b[1mConsolidate compiler generated dependencies of target numsr_turtlebot\x1b[0m\n'}
[1.502535] (numsr_turtlebot) StdoutLine: {'line': b'[100%] Built target numsr_turtlebot\n'}
[1.504652] (-) TimerEvent: {}
[1.520570] (numsr_turtlebot) CommandEnded: {'returncode': 0}
[1.571868] (numsr_turtlebot) JobProgress: {'identifier': 'numsr_turtlebot', 'progress': 'install'}
[1.573375] (numsr_turtlebot) Command: {'cmd': ['/usr/bin/cmake', '--install', '/ros_ws/aarch64_build/numsr_turtlebot'], 'cwd': '/ros_ws/aarch64_build/numsr_turtlebot', 'env': OrderedDict([('HOSTNAME', '08d688e4d228'), ('LD_LIBRARY_PATH', '/ros_ws/aarch64_install/nuturtlebot_msgs/lib:/opt/ros/iron/opt/rviz_ogre_vendor/lib:/opt/ros/iron/lib/aarch64-linux-gnu:/opt/ros/iron/lib'), ('HOME', '/'), ('ROS_PYTHON_VERSION', '3'), ('ROS_DISTRO', 'iron'), ('ROS_VERSION', '2'), ('TERM', 'xterm'), ('PATH', '/opt/ros/iron/bin:/usr/local/sbin:/usr/local/bin:/usr/sbin:/usr/bin:/sbin:/bin'), ('LANG', 'en_US.UTF-8'), ('AMENT_PREFIX_PATH', '/ros_ws/aarch64_install/nuturtlebot_msgs:/opt/ros/iron'), ('ROS_AUTOMATIC_DISCOVERY_RANGE', 'SUBNET'), ('PWD', '/ros_ws/aarch64_build/numsr_turtlebot'), ('PYTHONPATH', '/ros_ws/aarch64_install/nuturtlebot_msgs/lib/python3.10/site-packages:/opt/ros/iron/lib/python3.10/site-packages'), ('COLCON', '1'), ('CMAKE_PREFIX_PATH', '/ros_ws/aarch64_install/nuturtlebot_msgs:/opt/ros/iron')]), 'shell': False}
[1.583447] (numsr_turtlebot) StdoutLine: {'line': b'-- Install configuration: ""\n'}
[1.583732] (numsr_turtlebot) StdoutLine: {'line': b'-- Up-to-date: /ros_ws/aarch64_install/numsr_turtlebot/lib/numsr_turtlebot/numsr_turtlebot\n'}
[1.584079] (numsr_turtlebot) StdoutLine: {'line': b'-- Up-to-date: /ros_ws/aarch64_install/numsr_turtlebot/share/ament_index/resource_index/package_run_dependencies/numsr_turtlebot\n'}
[1.584283] (numsr_turtlebot) StdoutLine: {'line': b'-- Up-to-date: /ros_ws/aarch64_install/numsr_turtlebot/share/ament_index/resource_index/parent_prefix_path/numsr_turtlebot\n'}
[1.584372] (numsr_turtlebot) StdoutLine: {'line': b'-- Up-to-date: /ros_ws/aarch64_install/numsr_turtlebot/share/numsr_turtlebot/environment/ament_prefix_path.sh\n'}
[1.584543] (numsr_turtlebot) StdoutLine: {'line': b'-- Up-to-date: /ros_ws/aarch64_install/numsr_turtlebot/share/numsr_turtlebot/environment/ament_prefix_path.dsv\n'}
[1.584643] (numsr_turtlebot) StdoutLine: {'line': b'-- Up-to-date: /ros_ws/aarch64_install/numsr_turtlebot/share/numsr_turtlebot/environment/path.sh\n'}
[1.584726] (numsr_turtlebot) StdoutLine: {'line': b'-- Up-to-date: /ros_ws/aarch64_install/numsr_turtlebot/share/numsr_turtlebot/environment/path.dsv\n'}
[1.584801] (numsr_turtlebot) StdoutLine: {'line': b'-- Up-to-date: /ros_ws/aarch64_install/numsr_turtlebot/share/numsr_turtlebot/local_setup.bash\n'}
[1.584878] (numsr_turtlebot) StdoutLine: {'line': b'-- Up-to-date: /ros_ws/aarch64_install/numsr_turtlebot/share/numsr_turtlebot/local_setup.sh\n'}
[1.584960] (numsr_turtlebot) StdoutLine: {'line': b'-- Up-to-date: /ros_ws/aarch64_install/numsr_turtlebot/share/numsr_turtlebot/local_setup.zsh\n'}
[1.585032] (numsr_turtlebot) StdoutLine: {'line': b'-- Up-to-date: /ros_ws/aarch64_install/numsr_turtlebot/share/numsr_turtlebot/local_setup.dsv\n'}
[1.585106] (numsr_turtlebot) StdoutLine: {'line': b'-- Installing: /ros_ws/aarch64_install/numsr_turtlebot/share/numsr_turtlebot/package.dsv\n'}
[1.585177] (numsr_turtlebot) StdoutLine: {'line': b'-- Up-to-date: /ros_ws/aarch64_install/numsr_turtlebot/share/ament_index/resource_index/packages/numsr_turtlebot\n'}
[1.585468] (numsr_turtlebot) StdoutLine: {'line': b'-- Up-to-date: /ros_ws/aarch64_install/numsr_turtlebot/share/numsr_turtlebot/cmake/numsr_turtlebotConfig.cmake\n'}
[1.585685] (numsr_turtlebot) StdoutLine: {'line': b'-- Up-to-date: /ros_ws/aarch64_install/numsr_turtlebot/share/numsr_turtlebot/cmake/numsr_turtlebotConfig-version.cmake\n'}
[1.585778] (numsr_turtlebot) StdoutLine: {'line': b'-- Up-to-date: /ros_ws/aarch64_install/numsr_turtlebot/share/numsr_turtlebot/package.xml\n'}
[1.586978] (numsr_turtlebot) CommandEnded: {'returncode': 0}
[1.605528] (-) TimerEvent: {}
[1.706837] (-) TimerEvent: {}
[1.750390] (numsr_turtlebot) JobEnded: {'identifier': 'numsr_turtlebot', 'rc': 0}
[1.751359] (-) EventReactorShutdown: {}
