[0.759s] DEBUG:colcon:Command line arguments: ['/usr/bin/colcon', 'build', '--build-base', 'aarch64_build', '--install-base', 'aarch64_install', '--cmake-args', '-DCMAKE_TOOLCHAIN_FILE=/toolchain.cmake', '-DCMAKE_INSTALL_PREFIX=aarch64_install']
[0.760s] DEBUG:colcon:Parsed command line arguments: Namespace(log_base=None, log_level=None, verb_name='build', build_base='/ros_ws/aarch64_build', install_base='/ros_ws/aarch64_install', merge_install=False, symlink_install=False, test_result_base=None, continue_on_error=False, executor='parallel', parallel_workers=32, event_handlers=None, ignore_user_meta=False, metas=['./colcon.meta'], base_paths=['.'], packages_ignore=None, packages_ignore_regex=None, paths=None, packages_up_to=None, packages_up_to_regex=None, packages_above=None, packages_above_and_dependencies=None, packages_above_depth=None, packages_select_by_dep=None, packages_skip_by_dep=None, packages_skip_up_to=None, packages_select_build_failed=False, packages_skip_build_finished=False, packages_select_test_failures=False, packages_skip_test_passed=False, packages_select=None, packages_skip=None, packages_select_regex=None, packages_skip_regex=None, packages_start=None, packages_end=None, allow_overriding=[], cmake_args=['-DCMAKE_TOOLCHAIN_FILE=/toolchain.cmake', '-DCMAKE_INSTALL_PREFIX=aarch64_install'], cmake_target=None, cmake_target_skip_unavailable=False, cmake_clean_cache=False, cmake_clean_first=False, cmake_force_configure=False, ament_cmake_args=None, catkin_cmake_args=None, catkin_skip_building_tests=False, verb_parser=<colcon_defaults.argument_parser.defaults.DefaultArgumentsDecorator object at 0x7e74136f2110>, verb_extension=<colcon_core.verb.build.BuildVerb object at 0x7e74136f35e0>, main=<bound method BuildVerb.main of <colcon_core.verb.build.BuildVerb object at 0x7e74136f35e0>>)
[0.798s] Level 1:colcon.colcon_core.package_discovery:discover_packages(colcon_meta) check parameters
[0.799s] Level 1:colcon.colcon_core.package_discovery:discover_packages(recursive) check parameters
[0.799s] Level 1:colcon.colcon_core.package_discovery:discover_packages(ignore) check parameters
[0.799s] Level 1:colcon.colcon_core.package_discovery:discover_packages(path) check parameters
[0.799s] Level 1:colcon.colcon_core.package_discovery:discover_packages(colcon_meta) discover
[0.799s] Level 1:colcon.colcon_core.package_discovery:discover_packages(recursive) discover
[0.799s] INFO:colcon.colcon_core.package_discovery:Crawling recursively for packages in '/ros_ws'
[0.799s] Level 1:colcon.colcon_core.package_identification:_identify(.) by extensions ['ignore', 'ignore_ament_install']
[0.799s] Level 1:colcon.colcon_core.package_identification:_identify(.) by extension 'ignore'
[0.799s] Level 1:colcon.colcon_core.package_identification:_identify(.) by extension 'ignore_ament_install'
[0.799s] Level 1:colcon.colcon_core.package_identification:_identify(.) by extensions ['colcon_pkg']
[0.799s] Level 1:colcon.colcon_core.package_identification:_identify(.) by extension 'colcon_pkg'
[0.799s] Level 1:colcon.colcon_core.package_identification:_identify(.) by extensions ['colcon_meta']
[0.799s] Level 1:colcon.colcon_core.package_identification:_identify(.) by extension 'colcon_meta'
[0.799s] Level 1:colcon.colcon_core.package_identification:_identify(.) by extensions ['ros']
[0.799s] Level 1:colcon.colcon_core.package_identification:_identify(.) by extension 'ros'
[0.820s] Level 1:colcon.colcon_core.package_identification:_identify(.) by extensions ['cmake', 'python']
[0.820s] Level 1:colcon.colcon_core.package_identification:_identify(.) by extension 'cmake'
[0.820s] Level 1:colcon.colcon_core.package_identification:_identify(.) by extension 'python'
[0.820s] Level 1:colcon.colcon_core.package_identification:_identify(.) by extensions ['python_setup_py']
[0.820s] Level 1:colcon.colcon_core.package_identification:_identify(.) by extension 'python_setup_py'
[0.820s] Level 1:colcon.colcon_core.package_identification:_identify(aarch64_build) by extensions ['ignore', 'ignore_ament_install']
[0.820s] Level 1:colcon.colcon_core.package_identification:_identify(aarch64_build) by extension 'ignore'
[0.821s] Level 1:colcon.colcon_core.package_identification:_identify(aarch64_build) ignored
[0.821s] Level 1:colcon.colcon_core.package_identification:_identify(aarch64_install) by extensions ['ignore', 'ignore_ament_install']
[0.821s] Level 1:colcon.colcon_core.package_identification:_identify(aarch64_install) by extension 'ignore'
[0.821s] Level 1:colcon.colcon_core.package_identification:_identify(aarch64_install) ignored
[0.821s] Level 1:colcon.colcon_core.package_identification:_identify(build) by extensions ['ignore', 'ignore_ament_install']
[0.821s] Level 1:colcon.colcon_core.package_identification:_identify(build) by extension 'ignore'
[0.821s] Level 1:colcon.colcon_core.package_identification:_identify(build) ignored
[0.821s] Level 1:colcon.colcon_core.package_identification:_identify(install) by extensions ['ignore', 'ignore_ament_install']
[0.821s] Level 1:colcon.colcon_core.package_identification:_identify(install) by extension 'ignore'
[0.821s] Level 1:colcon.colcon_core.package_identification:_identify(install) ignored
[0.822s] Level 1:colcon.colcon_core.package_identification:_identify(log) by extensions ['ignore', 'ignore_ament_install']
[0.822s] Level 1:colcon.colcon_core.package_identification:_identify(log) by extension 'ignore'
[0.822s] Level 1:colcon.colcon_core.package_identification:_identify(log) ignored
[0.822s] Level 1:colcon.colcon_core.package_identification:_identify(src) by extensions ['ignore', 'ignore_ament_install']
[0.822s] Level 1:colcon.colcon_core.package_identification:_identify(src) by extension 'ignore'
[0.822s] Level 1:colcon.colcon_core.package_identification:_identify(src) by extension 'ignore_ament_install'
[0.822s] Level 1:colcon.colcon_core.package_identification:_identify(src) by extensions ['colcon_pkg']
[0.822s] Level 1:colcon.colcon_core.package_identification:_identify(src) by extension 'colcon_pkg'
[0.822s] Level 1:colcon.colcon_core.package_identification:_identify(src) by extensions ['colcon_meta']
[0.822s] Level 1:colcon.colcon_core.package_identification:_identify(src) by extension 'colcon_meta'
[0.822s] Level 1:colcon.colcon_core.package_identification:_identify(src) by extensions ['ros']
[0.822s] Level 1:colcon.colcon_core.package_identification:_identify(src) by extension 'ros'
[0.822s] Level 1:colcon.colcon_core.package_identification:_identify(src) by extensions ['cmake', 'python']
[0.822s] Level 1:colcon.colcon_core.package_identification:_identify(src) by extension 'cmake'
[0.822s] Level 1:colcon.colcon_core.package_identification:_identify(src) by extension 'python'
[0.822s] Level 1:colcon.colcon_core.package_identification:_identify(src) by extensions ['python_setup_py']
[0.822s] Level 1:colcon.colcon_core.package_identification:_identify(src) by extension 'python_setup_py'
[0.822s] Level 1:colcon.colcon_core.package_identification:_identify(src/numsr_turtlebot) by extensions ['ignore', 'ignore_ament_install']
[0.822s] Level 1:colcon.colcon_core.package_identification:_identify(src/numsr_turtlebot) by extension 'ignore'
[0.822s] Level 1:colcon.colcon_core.package_identification:_identify(src/numsr_turtlebot) by extension 'ignore_ament_install'
[0.822s] Level 1:colcon.colcon_core.package_identification:_identify(src/numsr_turtlebot) by extensions ['colcon_pkg']
[0.822s] Level 1:colcon.colcon_core.package_identification:_identify(src/numsr_turtlebot) by extension 'colcon_pkg'
[0.822s] Level 1:colcon.colcon_core.package_identification:_identify(src/numsr_turtlebot) by extensions ['colcon_meta']
[0.822s] Level 1:colcon.colcon_core.package_identification:_identify(src/numsr_turtlebot) by extension 'colcon_meta'
[0.822s] Level 1:colcon.colcon_core.package_identification:_identify(src/numsr_turtlebot) by extensions ['ros']
[0.823s] Level 1:colcon.colcon_core.package_identification:_identify(src/numsr_turtlebot) by extension 'ros'
[0.829s] DEBUG:colcon.colcon_core.package_identification:Package 'src/numsr_turtlebot' with type 'ros.ament_cmake' and name 'numsr_turtlebot'
[0.829s] Level 1:colcon.colcon_core.package_identification:_identify(src/nuturtlebot_msgs) by extensions ['ignore', 'ignore_ament_install']
[0.829s] Level 1:colcon.colcon_core.package_identification:_identify(src/nuturtlebot_msgs) by extension 'ignore'
[0.829s] Level 1:colcon.colcon_core.package_identification:_identify(src/nuturtlebot_msgs) by extension 'ignore_ament_install'
[0.829s] Level 1:colcon.colcon_core.package_identification:_identify(src/nuturtlebot_msgs) by extensions ['colcon_pkg']
[0.829s] Level 1:colcon.colcon_core.package_identification:_identify(src/nuturtlebot_msgs) by extension 'colcon_pkg'
[0.829s] Level 1:colcon.colcon_core.package_identification:_identify(src/nuturtlebot_msgs) by extensions ['colcon_meta']
[0.829s] Level 1:colcon.colcon_core.package_identification:_identify(src/nuturtlebot_msgs) by extension 'colcon_meta'
[0.829s] Level 1:colcon.colcon_core.package_identification:_identify(src/nuturtlebot_msgs) by extensions ['ros']
[0.829s] Level 1:colcon.colcon_core.package_identification:_identify(src/nuturtlebot_msgs) by extension 'ros'
[0.830s] DEBUG:colcon.colcon_core.package_identification:Package 'src/nuturtlebot_msgs' with type 'ros.ament_cmake' and name 'nuturtlebot_msgs'
[0.830s] Level 1:colcon.colcon_core.package_discovery:discover_packages(recursive) using defaults
[0.830s] Level 1:colcon.colcon_core.package_discovery:discover_packages(ignore) discover
[0.830s] Level 1:colcon.colcon_core.package_discovery:discover_packages(ignore) using defaults
[0.830s] Level 1:colcon.colcon_core.package_discovery:discover_packages(path) discover
[0.830s] Level 1:colcon.colcon_core.package_discovery:discover_packages(path) using defaults
[0.926s] Level 1:colcon.colcon_core.package_discovery:discover_packages(prefix_path) check parameters
[0.926s] Level 1:colcon.colcon_core.package_discovery:discover_packages(prefix_path) discover
[0.943s] DEBUG:colcon.colcon_installed_package_information.package_discovery:Found 288 installed packages in /opt/ros/iron
[0.944s] Level 1:colcon.colcon_core.package_discovery:discover_packages(prefix_path) using defaults
[1.004s] Level 5:colcon.colcon_core.verb:set package 'nuturtlebot_msgs' build argument 'cmake_args' from command line to '['-DCMAKE_TOOLCHAIN_FILE=/toolchain.cmake', '-DCMAKE_INSTALL_PREFIX=aarch64_install']'
[1.004s] Level 5:colcon.colcon_core.verb:set package 'nuturtlebot_msgs' build argument 'cmake_target' from command line to 'None'
[1.004s] Level 5:colcon.colcon_core.verb:set package 'nuturtlebot_msgs' build argument 'cmake_target_skip_unavailable' from command line to 'False'
[1.004s] Level 5:colcon.colcon_core.verb:set package 'nuturtlebot_msgs' build argument 'cmake_clean_cache' from command line to 'False'
[1.004s] Level 5:colcon.colcon_core.verb:set package 'nuturtlebot_msgs' build argument 'cmake_clean_first' from command line to 'False'
[1.004s] Level 5:colcon.colcon_core.verb:set package 'nuturtlebot_msgs' build argument 'cmake_force_configure' from command line to 'False'
[1.004s] Level 5:colcon.colcon_core.verb:set package 'nuturtlebot_msgs' build argument 'ament_cmake_args' from command line to 'None'
[1.004s] Level 5:colcon.colcon_core.verb:set package 'nuturtlebot_msgs' build argument 'catkin_cmake_args' from command line to 'None'
[1.004s] Level 5:colcon.colcon_core.verb:set package 'nuturtlebot_msgs' build argument 'catkin_skip_building_tests' from command line to 'False'
[1.004s] DEBUG:colcon.colcon_core.verb:Building package 'nuturtlebot_msgs' with the following arguments: {'ament_cmake_args': None, 'build_base': '/ros_ws/aarch64_build/nuturtlebot_msgs', 'catkin_cmake_args': None, 'catkin_skip_building_tests': False, 'cmake_args': ['-DCMAKE_TOOLCHAIN_FILE=/toolchain.cmake', '-DCMAKE_INSTALL_PREFIX=aarch64_install'], 'cmake_clean_cache': False, 'cmake_clean_first': False, 'cmake_force_configure': False, 'cmake_target': None, 'cmake_target_skip_unavailable': False, 'install_base': '/ros_ws/aarch64_install/nuturtlebot_msgs', 'merge_install': False, 'path': '/ros_ws/src/nuturtlebot_msgs', 'symlink_install': False, 'test_result_base': None}
[1.012s] Level 5:colcon.colcon_core.verb:set package 'numsr_turtlebot' build argument 'cmake_args' from command line to '['-DCMAKE_TOOLCHAIN_FILE=/toolchain.cmake', '-DCMAKE_INSTALL_PREFIX=aarch64_install']'
[1.012s] Level 5:colcon.colcon_core.verb:set package 'numsr_turtlebot' build argument 'cmake_target' from command line to 'None'
[1.012s] Level 5:colcon.colcon_core.verb:set package 'numsr_turtlebot' build argument 'cmake_target_skip_unavailable' from command line to 'False'
[1.012s] Level 5:colcon.colcon_core.verb:set package 'numsr_turtlebot' build argument 'cmake_clean_cache' from command line to 'False'
[1.012s] Level 5:colcon.colcon_core.verb:set package 'numsr_turtlebot' build argument 'cmake_clean_first' from command line to 'False'
[1.012s] Level 5:colcon.colcon_core.verb:set package 'numsr_turtlebot' build argument 'cmake_force_configure' from command line to 'False'
[1.012s] Level 5:colcon.colcon_core.verb:set package 'numsr_turtlebot' build argument 'ament_cmake_args' from command line to 'None'
[1.012s] Level 5:colcon.colcon_core.verb:set package 'numsr_turtlebot' build argument 'catkin_cmake_args' from command line to 'None'
[1.012s] Level 5:colcon.colcon_core.verb:set package 'numsr_turtlebot' build argument 'catkin_skip_building_tests' from command line to 'False'
[1.012s] DEBUG:colcon.colcon_core.verb:Building package 'numsr_turtlebot' with the following arguments: {'ament_cmake_args': None, 'build_base': '/ros_ws/aarch64_build/numsr_turtlebot', 'catkin_cmake_args': None, 'catkin_skip_building_tests': False, 'cmake_args': ['-DCMAKE_TOOLCHAIN_FILE=/toolchain.cmake', '-DCMAKE_INSTALL_PREFIX=aarch64_install'], 'cmake_clean_cache': False, 'cmake_clean_first': False, 'cmake_force_configure': False, 'cmake_target': None, 'cmake_target_skip_unavailable': False, 'install_base': '/ros_ws/aarch64_install/numsr_turtlebot', 'merge_install': False, 'path': '/ros_ws/src/numsr_turtlebot', 'symlink_install': False, 'test_result_base': None}
[1.023s] INFO:colcon.colcon_core.executor:Executing jobs using 'parallel' executor
[1.033s] DEBUG:colcon.colcon_parallel_executor.executor.parallel:run_until_complete
[1.033s] INFO:colcon.colcon_ros.task.ament_cmake.build:Building ROS package in '/ros_ws/src/nuturtlebot_msgs' with build type 'ament_cmake'
[1.033s] INFO:colcon.colcon_cmake.task.cmake.build:Building CMake package in '/ros_ws/src/nuturtlebot_msgs'
[1.051s] INFO:colcon.colcon_core.plugin_system:Skipping extension 'colcon_core.shell.bat': Not used on non-Windows systems
[1.051s] INFO:colcon.colcon_core.shell:Skip shell extension 'powershell' for command environment: Not usable outside of PowerShell
[1.051s] DEBUG:colcon.colcon_core.shell:Skip shell extension 'dsv' for command environment
[1.091s] DEBUG:colcon.colcon_core.event_handler.log_command:Invoking command in '/ros_ws/aarch64_build/nuturtlebot_msgs': CMAKE_PREFIX_PATH=/opt/ros/iron /usr/bin/cmake --build /ros_ws/aarch64_build/nuturtlebot_msgs -- -j32 -l32
[1.758s] DEBUG:colcon.colcon_core.event_handler.log_command:Invoked command in '/ros_ws/aarch64_build/nuturtlebot_msgs' returned '0': CMAKE_PREFIX_PATH=/opt/ros/iron /usr/bin/cmake --build /ros_ws/aarch64_build/nuturtlebot_msgs -- -j32 -l32
[1.928s] DEBUG:colcon.colcon_core.event_handler.log_command:Invoking command in '/ros_ws/aarch64_build/nuturtlebot_msgs': CMAKE_PREFIX_PATH=/opt/ros/iron /usr/bin/cmake --install /ros_ws/aarch64_build/nuturtlebot_msgs
[2.030s] Level 1:colcon.colcon_core.environment:create_environment_scripts_only(nuturtlebot_msgs)
[2.034s] DEBUG:colcon.colcon_core.event_handler.log_command:Invoked command in '/ros_ws/aarch64_build/nuturtlebot_msgs' returned '0': CMAKE_PREFIX_PATH=/opt/ros/iron /usr/bin/cmake --install /ros_ws/aarch64_build/nuturtlebot_msgs
[2.049s] Level 1:colcon.colcon_core.environment:checking '/ros_ws/aarch64_install/nuturtlebot_msgs' for CMake module files
[2.050s] Level 1:colcon.colcon_core.environment:checking '/ros_ws/aarch64_install/nuturtlebot_msgs' for CMake config files
[2.050s] Level 1:colcon.colcon_core.shell:create_environment_hook('nuturtlebot_msgs', 'cmake_prefix_path')
[2.061s] INFO:colcon.colcon_core.shell:Creating environment hook '/ros_ws/aarch64_install/nuturtlebot_msgs/share/nuturtlebot_msgs/hook/cmake_prefix_path.ps1'
[2.062s] INFO:colcon.colcon_core.shell:Creating environment descriptor '/ros_ws/aarch64_install/nuturtlebot_msgs/share/nuturtlebot_msgs/hook/cmake_prefix_path.dsv'
[2.062s] INFO:colcon.colcon_core.shell:Creating environment hook '/ros_ws/aarch64_install/nuturtlebot_msgs/share/nuturtlebot_msgs/hook/cmake_prefix_path.sh'
[2.063s] Level 1:colcon.colcon_core.environment:checking '/ros_ws/aarch64_install/nuturtlebot_msgs/lib'
[2.063s] Level 1:colcon.colcon_core.shell:create_environment_hook('nuturtlebot_msgs', 'ld_library_path_lib')
[2.075s] INFO:colcon.colcon_core.shell:Creating environment hook '/ros_ws/aarch64_install/nuturtlebot_msgs/share/nuturtlebot_msgs/hook/ld_library_path_lib.ps1'
[2.075s] INFO:colcon.colcon_core.shell:Creating environment descriptor '/ros_ws/aarch64_install/nuturtlebot_msgs/share/nuturtlebot_msgs/hook/ld_library_path_lib.dsv'
[2.076s] INFO:colcon.colcon_core.shell:Creating environment hook '/ros_ws/aarch64_install/nuturtlebot_msgs/share/nuturtlebot_msgs/hook/ld_library_path_lib.sh'
[2.076s] Level 1:colcon.colcon_core.environment:checking '/ros_ws/aarch64_install/nuturtlebot_msgs/bin'
[2.076s] Level 1:colcon.colcon_core.environment:checking '/ros_ws/aarch64_install/nuturtlebot_msgs/lib/pkgconfig/nuturtlebot_msgs.pc'
[2.076s] Level 1:colcon.colcon_core.environment:checking '/ros_ws/aarch64_install/nuturtlebot_msgs/lib/python3.10/site-packages'
[2.076s] Level 1:colcon.colcon_core.shell:create_environment_hook('nuturtlebot_msgs', 'pythonpath')
[2.091s] INFO:colcon.colcon_core.shell:Creating environment hook '/ros_ws/aarch64_install/nuturtlebot_msgs/share/nuturtlebot_msgs/hook/pythonpath.ps1'
[2.091s] INFO:colcon.colcon_core.shell:Creating environment descriptor '/ros_ws/aarch64_install/nuturtlebot_msgs/share/nuturtlebot_msgs/hook/pythonpath.dsv'
[2.092s] INFO:colcon.colcon_core.shell:Creating environment hook '/ros_ws/aarch64_install/nuturtlebot_msgs/share/nuturtlebot_msgs/hook/pythonpath.sh'
[2.092s] Level 1:colcon.colcon_core.environment:checking '/ros_ws/aarch64_install/nuturtlebot_msgs/bin'
[2.102s] INFO:colcon.colcon_core.shell:Creating package script '/ros_ws/aarch64_install/nuturtlebot_msgs/share/nuturtlebot_msgs/package.ps1'
[2.102s] INFO:colcon.colcon_core.shell:Creating package descriptor '/ros_ws/aarch64_install/nuturtlebot_msgs/share/nuturtlebot_msgs/package.dsv'
[2.103s] INFO:colcon.colcon_core.shell:Creating package script '/ros_ws/aarch64_install/nuturtlebot_msgs/share/nuturtlebot_msgs/package.sh'
[2.103s] INFO:colcon.colcon_core.shell:Creating package script '/ros_ws/aarch64_install/nuturtlebot_msgs/share/nuturtlebot_msgs/package.bash'
[2.104s] INFO:colcon.colcon_core.shell:Creating package script '/ros_ws/aarch64_install/nuturtlebot_msgs/share/nuturtlebot_msgs/package.zsh'
[2.104s] Level 1:colcon.colcon_core.environment:create_file_with_runtime_dependencies(/ros_ws/aarch64_install/nuturtlebot_msgs/share/colcon-core/packages/nuturtlebot_msgs)
[2.294s] Level 1:colcon.colcon_core.environment:create_environment_scripts_only(nuturtlebot_msgs)
[2.305s] Level 1:colcon.colcon_core.environment:checking '/ros_ws/aarch64_install/nuturtlebot_msgs' for CMake module files
[2.306s] Level 1:colcon.colcon_core.environment:checking '/ros_ws/aarch64_install/nuturtlebot_msgs' for CMake config files
[2.307s] Level 1:colcon.colcon_core.shell:create_environment_hook('nuturtlebot_msgs', 'cmake_prefix_path')
[2.322s] INFO:colcon.colcon_core.shell:Creating environment hook '/ros_ws/aarch64_install/nuturtlebot_msgs/share/nuturtlebot_msgs/hook/cmake_prefix_path.ps1'
[2.323s] INFO:colcon.colcon_core.shell:Creating environment descriptor '/ros_ws/aarch64_install/nuturtlebot_msgs/share/nuturtlebot_msgs/hook/cmake_prefix_path.dsv'
[2.323s] INFO:colcon.colcon_core.shell:Creating environment hook '/ros_ws/aarch64_install/nuturtlebot_msgs/share/nuturtlebot_msgs/hook/cmake_prefix_path.sh'
[2.324s] Level 1:colcon.colcon_core.environment:checking '/ros_ws/aarch64_install/nuturtlebot_msgs/lib'
[2.324s] Level 1:colcon.colcon_core.shell:create_environment_hook('nuturtlebot_msgs', 'ld_library_path_lib')
[2.334s] INFO:colcon.colcon_core.shell:Creating environment hook '/ros_ws/aarch64_install/nuturtlebot_msgs/share/nuturtlebot_msgs/hook/ld_library_path_lib.ps1'
[2.335s] INFO:colcon.colcon_core.shell:Creating environment descriptor '/ros_ws/aarch64_install/nuturtlebot_msgs/share/nuturtlebot_msgs/hook/ld_library_path_lib.dsv'
[2.335s] INFO:colcon.colcon_core.shell:Creating environment hook '/ros_ws/aarch64_install/nuturtlebot_msgs/share/nuturtlebot_msgs/hook/ld_library_path_lib.sh'
[2.335s] Level 1:colcon.colcon_core.environment:checking '/ros_ws/aarch64_install/nuturtlebot_msgs/bin'
[2.335s] Level 1:colcon.colcon_core.environment:checking '/ros_ws/aarch64_install/nuturtlebot_msgs/lib/pkgconfig/nuturtlebot_msgs.pc'
[2.336s] Level 1:colcon.colcon_core.environment:checking '/ros_ws/aarch64_install/nuturtlebot_msgs/lib/python3.10/site-packages'
[2.336s] Level 1:colcon.colcon_core.shell:create_environment_hook('nuturtlebot_msgs', 'pythonpath')
[2.351s] INFO:colcon.colcon_core.shell:Creating environment hook '/ros_ws/aarch64_install/nuturtlebot_msgs/share/nuturtlebot_msgs/hook/pythonpath.ps1'
[2.352s] INFO:colcon.colcon_core.shell:Creating environment descriptor '/ros_ws/aarch64_install/nuturtlebot_msgs/share/nuturtlebot_msgs/hook/pythonpath.dsv'
[2.352s] INFO:colcon.colcon_core.shell:Creating environment hook '/ros_ws/aarch64_install/nuturtlebot_msgs/share/nuturtlebot_msgs/hook/pythonpath.sh'
[2.353s] Level 1:colcon.colcon_core.environment:checking '/ros_ws/aarch64_install/nuturtlebot_msgs/bin'
[2.370s] INFO:colcon.colcon_core.shell:Creating package script '/ros_ws/aarch64_install/nuturtlebot_msgs/share/nuturtlebot_msgs/package.ps1'
[2.370s] INFO:colcon.colcon_core.shell:Creating package descriptor '/ros_ws/aarch64_install/nuturtlebot_msgs/share/nuturtlebot_msgs/package.dsv'
[2.371s] INFO:colcon.colcon_core.shell:Creating package script '/ros_ws/aarch64_install/nuturtlebot_msgs/share/nuturtlebot_msgs/package.sh'
[2.371s] INFO:colcon.colcon_core.shell:Creating package script '/ros_ws/aarch64_install/nuturtlebot_msgs/share/nuturtlebot_msgs/package.bash'
[2.372s] INFO:colcon.colcon_core.shell:Creating package script '/ros_ws/aarch64_install/nuturtlebot_msgs/share/nuturtlebot_msgs/package.zsh'
[2.372s] Level 1:colcon.colcon_core.environment:create_file_with_runtime_dependencies(/ros_ws/aarch64_install/nuturtlebot_msgs/share/colcon-core/packages/nuturtlebot_msgs)
[2.373s] INFO:colcon.colcon_ros.task.ament_cmake.build:Building ROS package in '/ros_ws/src/numsr_turtlebot' with build type 'ament_cmake'
[2.373s] INFO:colcon.colcon_cmake.task.cmake.build:Building CMake package in '/ros_ws/src/numsr_turtlebot'
[2.395s] INFO:colcon.colcon_core.shell:Skip shell extension 'powershell' for command environment: Not usable outside of PowerShell
[2.395s] DEBUG:colcon.colcon_core.shell:Skip shell extension 'dsv' for command environment
[2.444s] DEBUG:colcon.colcon_core.event_handler.log_command:Invoking command in '/ros_ws/aarch64_build/numsr_turtlebot': AMENT_PREFIX_PATH=/ros_ws/aarch64_install/nuturtlebot_msgs:${AMENT_PREFIX_PATH} CMAKE_PREFIX_PATH=/ros_ws/aarch64_install/nuturtlebot_msgs:/opt/ros/iron LD_LIBRARY_PATH=/ros_ws/aarch64_install/nuturtlebot_msgs/lib:${LD_LIBRARY_PATH} PYTHONPATH=/ros_ws/aarch64_install/nuturtlebot_msgs/lib/python3.10/site-packages:${PYTHONPATH} /usr/bin/cmake --build /ros_ws/aarch64_build/numsr_turtlebot -- -j32 -l32
[2.553s] DEBUG:colcon.colcon_core.event_handler.log_command:Invoked command in '/ros_ws/aarch64_build/numsr_turtlebot' returned '0': AMENT_PREFIX_PATH=/ros_ws/aarch64_install/nuturtlebot_msgs:${AMENT_PREFIX_PATH} CMAKE_PREFIX_PATH=/ros_ws/aarch64_install/nuturtlebot_msgs:/opt/ros/iron LD_LIBRARY_PATH=/ros_ws/aarch64_install/nuturtlebot_msgs/lib:${LD_LIBRARY_PATH} PYTHONPATH=/ros_ws/aarch64_install/nuturtlebot_msgs/lib/python3.10/site-packages:${PYTHONPATH} /usr/bin/cmake --build /ros_ws/aarch64_build/numsr_turtlebot -- -j32 -l32
[2.606s] DEBUG:colcon.colcon_core.event_handler.log_command:Invoking command in '/ros_ws/aarch64_build/numsr_turtlebot': AMENT_PREFIX_PATH=/ros_ws/aarch64_install/nuturtlebot_msgs:${AMENT_PREFIX_PATH} CMAKE_PREFIX_PATH=/ros_ws/aarch64_install/nuturtlebot_msgs:/opt/ros/iron LD_LIBRARY_PATH=/ros_ws/aarch64_install/nuturtlebot_msgs/lib:${LD_LIBRARY_PATH} PYTHONPATH=/ros_ws/aarch64_install/nuturtlebot_msgs/lib/python3.10/site-packages:${PYTHONPATH} /usr/bin/cmake --install /ros_ws/aarch64_build/numsr_turtlebot
[2.619s] Level 1:colcon.colcon_core.environment:create_environment_scripts_only(numsr_turtlebot)
[2.620s] DEBUG:colcon.colcon_core.event_handler.log_command:Invoked command in '/ros_ws/aarch64_build/numsr_turtlebot' returned '0': AMENT_PREFIX_PATH=/ros_ws/aarch64_install/nuturtlebot_msgs:${AMENT_PREFIX_PATH} CMAKE_PREFIX_PATH=/ros_ws/aarch64_install/nuturtlebot_msgs:/opt/ros/iron LD_LIBRARY_PATH=/ros_ws/aarch64_install/nuturtlebot_msgs/lib:${LD_LIBRARY_PATH} PYTHONPATH=/ros_ws/aarch64_install/nuturtlebot_msgs/lib/python3.10/site-packages:${PYTHONPATH} /usr/bin/cmake --install /ros_ws/aarch64_build/numsr_turtlebot
[2.633s] Level 1:colcon.colcon_core.environment:checking '/ros_ws/aarch64_install/numsr_turtlebot' for CMake module files
[2.634s] Level 1:colcon.colcon_core.environment:checking '/ros_ws/aarch64_install/numsr_turtlebot' for CMake config files
[2.634s] Level 1:colcon.colcon_core.shell:create_environment_hook('numsr_turtlebot', 'cmake_prefix_path')
[2.646s] INFO:colcon.colcon_core.shell:Creating environment hook '/ros_ws/aarch64_install/numsr_turtlebot/share/numsr_turtlebot/hook/cmake_prefix_path.ps1'
[2.647s] INFO:colcon.colcon_core.shell:Creating environment descriptor '/ros_ws/aarch64_install/numsr_turtlebot/share/numsr_turtlebot/hook/cmake_prefix_path.dsv'
[2.648s] INFO:colcon.colcon_core.shell:Creating environment hook '/ros_ws/aarch64_install/numsr_turtlebot/share/numsr_turtlebot/hook/cmake_prefix_path.sh'
[2.648s] Level 1:colcon.colcon_core.environment:checking '/ros_ws/aarch64_install/numsr_turtlebot/lib'
[2.649s] Level 1:colcon.colcon_core.environment:checking '/ros_ws/aarch64_install/numsr_turtlebot/bin'
[2.649s] Level 1:colcon.colcon_core.environment:checking '/ros_ws/aarch64_install/numsr_turtlebot/lib/pkgconfig/numsr_turtlebot.pc'
[2.649s] Level 1:colcon.colcon_core.environment:checking '/ros_ws/aarch64_install/numsr_turtlebot/lib/python3.10/site-packages'
[2.650s] Level 1:colcon.colcon_core.environment:checking '/ros_ws/aarch64_install/numsr_turtlebot/bin'
[2.663s] INFO:colcon.colcon_core.shell:Creating package script '/ros_ws/aarch64_install/numsr_turtlebot/share/numsr_turtlebot/package.ps1'
[2.664s] INFO:colcon.colcon_core.shell:Creating package descriptor '/ros_ws/aarch64_install/numsr_turtlebot/share/numsr_turtlebot/package.dsv'
[2.664s] INFO:colcon.colcon_core.shell:Creating package script '/ros_ws/aarch64_install/numsr_turtlebot/share/numsr_turtlebot/package.sh'
[2.665s] INFO:colcon.colcon_core.shell:Creating package script '/ros_ws/aarch64_install/numsr_turtlebot/share/numsr_turtlebot/package.bash'
[2.665s] INFO:colcon.colcon_core.shell:Creating package script '/ros_ws/aarch64_install/numsr_turtlebot/share/numsr_turtlebot/package.zsh'
[2.666s] Level 1:colcon.colcon_core.environment:create_file_with_runtime_dependencies(/ros_ws/aarch64_install/numsr_turtlebot/share/colcon-core/packages/numsr_turtlebot)
[2.739s] Level 1:colcon.colcon_core.environment:create_environment_scripts_only(numsr_turtlebot)
[2.753s] Level 1:colcon.colcon_core.environment:checking '/ros_ws/aarch64_install/numsr_turtlebot' for CMake module files
[2.753s] Level 1:colcon.colcon_core.environment:checking '/ros_ws/aarch64_install/numsr_turtlebot' for CMake config files
[2.753s] Level 1:colcon.colcon_core.shell:create_environment_hook('numsr_turtlebot', 'cmake_prefix_path')
[2.764s] INFO:colcon.colcon_core.shell:Creating environment hook '/ros_ws/aarch64_install/numsr_turtlebot/share/numsr_turtlebot/hook/cmake_prefix_path.ps1'
[2.765s] INFO:colcon.colcon_core.shell:Creating environment descriptor '/ros_ws/aarch64_install/numsr_turtlebot/share/numsr_turtlebot/hook/cmake_prefix_path.dsv'
[2.766s] INFO:colcon.colcon_core.shell:Creating environment hook '/ros_ws/aarch64_install/numsr_turtlebot/share/numsr_turtlebot/hook/cmake_prefix_path.sh'
[2.766s] Level 1:colcon.colcon_core.environment:checking '/ros_ws/aarch64_install/numsr_turtlebot/lib'
[2.767s] Level 1:colcon.colcon_core.environment:checking '/ros_ws/aarch64_install/numsr_turtlebot/bin'
[2.767s] Level 1:colcon.colcon_core.environment:checking '/ros_ws/aarch64_install/numsr_turtlebot/lib/pkgconfig/numsr_turtlebot.pc'
[2.767s] Level 1:colcon.colcon_core.environment:checking '/ros_ws/aarch64_install/numsr_turtlebot/lib/python3.10/site-packages'
[2.767s] Level 1:colcon.colcon_core.environment:checking '/ros_ws/aarch64_install/numsr_turtlebot/bin'
[2.779s] INFO:colcon.colcon_core.shell:Creating package script '/ros_ws/aarch64_install/numsr_turtlebot/share/numsr_turtlebot/package.ps1'
[2.780s] INFO:colcon.colcon_core.shell:Creating package descriptor '/ros_ws/aarch64_install/numsr_turtlebot/share/numsr_turtlebot/package.dsv'
[2.781s] INFO:colcon.colcon_core.shell:Creating package script '/ros_ws/aarch64_install/numsr_turtlebot/share/numsr_turtlebot/package.sh'
[2.781s] INFO:colcon.colcon_core.shell:Creating package script '/ros_ws/aarch64_install/numsr_turtlebot/share/numsr_turtlebot/package.bash'
[2.782s] INFO:colcon.colcon_core.shell:Creating package script '/ros_ws/aarch64_install/numsr_turtlebot/share/numsr_turtlebot/package.zsh'
[2.782s] Level 1:colcon.colcon_core.environment:create_file_with_runtime_dependencies(/ros_ws/aarch64_install/numsr_turtlebot/share/colcon-core/packages/numsr_turtlebot)
[2.782s] DEBUG:colcon.colcon_parallel_executor.executor.parallel:closing loop
[2.783s] DEBUG:colcon.colcon_parallel_executor.executor.parallel:loop closed
[2.783s] DEBUG:colcon.colcon_parallel_executor.executor.parallel:run_until_complete finished with '0'
[2.783s] DEBUG:colcon.colcon_core.event_reactor:joining thread
[2.803s] INFO:colcon.colcon_core.plugin_system:Skipping extension 'colcon_notification.desktop_notification.notify2': 'notify2' not found
[2.804s] INFO:colcon.colcon_core.plugin_system:Skipping extension 'colcon_notification.desktop_notification.notify_send': Could not find 'notify-send'
[2.804s] INFO:colcon.colcon_core.plugin_system:Skipping extension 'colcon_notification.desktop_notification.terminal_notifier': Not used on non-Darwin systems
[2.804s] INFO:colcon.colcon_core.plugin_system:Skipping extension 'colcon_notification.desktop_notification.win32': Not used on non-Windows systems
[2.804s] DEBUG:colcon.colcon_core.event_reactor:joined thread
[2.821s] INFO:colcon.colcon_core.shell:Creating prefix script '/ros_ws/aarch64_install/local_setup.ps1'
[2.822s] INFO:colcon.colcon_core.shell:Creating prefix util module '/ros_ws/aarch64_install/_local_setup_util_ps1.py'
[2.823s] INFO:colcon.colcon_core.shell:Creating prefix chain script '/ros_ws/aarch64_install/setup.ps1'
[2.845s] INFO:colcon.colcon_core.shell:Creating prefix script '/ros_ws/aarch64_install/local_setup.sh'
[2.846s] INFO:colcon.colcon_core.shell:Creating prefix util module '/ros_ws/aarch64_install/_local_setup_util_sh.py'
[2.846s] INFO:colcon.colcon_core.shell:Creating prefix chain script '/ros_ws/aarch64_install/setup.sh'
[2.860s] INFO:colcon.colcon_core.shell:Creating prefix script '/ros_ws/aarch64_install/local_setup.bash'
[2.860s] INFO:colcon.colcon_core.shell:Creating prefix chain script '/ros_ws/aarch64_install/setup.bash'
[2.871s] INFO:colcon.colcon_core.shell:Creating prefix script '/ros_ws/aarch64_install/local_setup.zsh'
[2.871s] INFO:colcon.colcon_core.shell:Creating prefix chain script '/ros_ws/aarch64_install/setup.zsh'
