[0.520s] Invoking command in '/home/catherine-maglione/combined_ws/ros_home_ws_catherine/src/orient_to_north': PYTHONPATH=/home/catherine-maglione/combined_ws/ros_home_ws_catherine/src/build/orient_to_north/prefix_override:/usr/lib/python3/dist-packages/colcon_core/task/python/colcon_distutils_commands:/home/catherine-maglione/combined_ws/ros_home_ws_catherine/src/install/orient_to_north/lib/python3.12/site-packages:${PYTHONPATH} /usr/bin/python3 -W ignore:setup.py install is deprecated setup.py egg_info --egg-base ../build/orient_to_north build --build-base /home/catherine-maglione/combined_ws/ros_home_ws_catherine/src/build/orient_to_north/build install --record /home/catherine-maglione/combined_ws/ros_home_ws_catherine/src/build/orient_to_north/install.log --single-version-externally-managed install_data
[0.662s] running egg_info
[0.662s] creating ../build/orient_to_north/orient_to_north.egg-info
[0.673s] writing ../build/orient_to_north/orient_to_north.egg-info/PKG-INFO
[0.673s] writing dependency_links to ../build/orient_to_north/orient_to_north.egg-info/dependency_links.txt
[0.673s] writing entry points to ../build/orient_to_north/orient_to_north.egg-info/entry_points.txt
[0.673s] writing requirements to ../build/orient_to_north/orient_to_north.egg-info/requires.txt
[0.673s] writing top-level names to ../build/orient_to_north/orient_to_north.egg-info/top_level.txt
[0.673s] writing manifest file '../build/orient_to_north/orient_to_north.egg-info/SOURCES.txt'
[0.694s] reading manifest file '../build/orient_to_north/orient_to_north.egg-info/SOURCES.txt'
[0.695s] writing manifest file '../build/orient_to_north/orient_to_north.egg-info/SOURCES.txt'
[0.695s] running build
[0.695s] running build_py
[0.695s] creating /home/catherine-maglione/combined_ws/ros_home_ws_catherine/src/build/orient_to_north/build
[0.695s] creating /home/catherine-maglione/combined_ws/ros_home_ws_catherine/src/build/orient_to_north/build/lib
[0.695s] creating /home/catherine-maglione/combined_ws/ros_home_ws_catherine/src/build/orient_to_north/build/lib/orient_to_north
[0.695s] copying orient_to_north/__init__.py -> /home/catherine-maglione/combined_ws/ros_home_ws_catherine/src/build/orient_to_north/build/lib/orient_to_north
[0.695s] copying orient_to_north/orient_to_north.py -> /home/catherine-maglione/combined_ws/ros_home_ws_catherine/src/build/orient_to_north/build/lib/orient_to_north
[0.695s] copying orient_to_north/test_subscriber.py -> /home/catherine-maglione/combined_ws/ros_home_ws_catherine/src/build/orient_to_north/build/lib/orient_to_north
[0.695s] running install
[0.698s] running install_lib
[0.709s] creating /home/catherine-maglione/combined_ws/ros_home_ws_catherine/src/install/orient_to_north/lib/python3.12/site-packages/orient_to_north
[0.709s] copying /home/catherine-maglione/combined_ws/ros_home_ws_catherine/src/build/orient_to_north/build/lib/orient_to_north/__init__.py -> /home/catherine-maglione/combined_ws/ros_home_ws_catherine/src/install/orient_to_north/lib/python3.12/site-packages/orient_to_north
[0.709s] copying /home/catherine-maglione/combined_ws/ros_home_ws_catherine/src/build/orient_to_north/build/lib/orient_to_north/orient_to_north.py -> /home/catherine-maglione/combined_ws/ros_home_ws_catherine/src/install/orient_to_north/lib/python3.12/site-packages/orient_to_north
[0.709s] copying /home/catherine-maglione/combined_ws/ros_home_ws_catherine/src/build/orient_to_north/build/lib/orient_to_north/test_subscriber.py -> /home/catherine-maglione/combined_ws/ros_home_ws_catherine/src/install/orient_to_north/lib/python3.12/site-packages/orient_to_north
[0.709s] byte-compiling /home/catherine-maglione/combined_ws/ros_home_ws_catherine/src/install/orient_to_north/lib/python3.12/site-packages/orient_to_north/__init__.py to __init__.cpython-312.pyc
[0.709s] byte-compiling /home/catherine-maglione/combined_ws/ros_home_ws_catherine/src/install/orient_to_north/lib/python3.12/site-packages/orient_to_north/orient_to_north.py to orient_to_north.cpython-312.pyc
[0.710s] byte-compiling /home/catherine-maglione/combined_ws/ros_home_ws_catherine/src/install/orient_to_north/lib/python3.12/site-packages/orient_to_north/test_subscriber.py to test_subscriber.cpython-312.pyc
[0.710s] running install_data
[0.710s] creating /home/catherine-maglione/combined_ws/ros_home_ws_catherine/src/install/orient_to_north/share/ament_index
[0.710s] creating /home/catherine-maglione/combined_ws/ros_home_ws_catherine/src/install/orient_to_north/share/ament_index/resource_index
[0.710s] creating /home/catherine-maglione/combined_ws/ros_home_ws_catherine/src/install/orient_to_north/share/ament_index/resource_index/packages
[0.710s] copying resource/orient_to_north -> /home/catherine-maglione/combined_ws/ros_home_ws_catherine/src/install/orient_to_north/share/ament_index/resource_index/packages
[0.710s] copying package.xml -> /home/catherine-maglione/combined_ws/ros_home_ws_catherine/src/install/orient_to_north/share/orient_to_north
[0.710s] running install_egg_info
[0.722s] Copying ../build/orient_to_north/orient_to_north.egg-info to /home/catherine-maglione/combined_ws/ros_home_ws_catherine/src/install/orient_to_north/lib/python3.12/site-packages/orient_to_north-0.0.0-py3.12.egg-info
[0.722s] running install_scripts
[0.792s] Installing orient_to_north script to /home/catherine-maglione/combined_ws/ros_home_ws_catherine/src/install/orient_to_north/lib/orient_to_north
[0.792s] writing list of installed files to '/home/catherine-maglione/combined_ws/ros_home_ws_catherine/src/build/orient_to_north/install.log'
[0.804s] Invoked command in '/home/catherine-maglione/combined_ws/ros_home_ws_catherine/src/orient_to_north' returned '0': PYTHONPATH=/home/catherine-maglione/combined_ws/ros_home_ws_catherine/src/build/orient_to_north/prefix_override:/usr/lib/python3/dist-packages/colcon_core/task/python/colcon_distutils_commands:/home/catherine-maglione/combined_ws/ros_home_ws_catherine/src/install/orient_to_north/lib/python3.12/site-packages:${PYTHONPATH} /usr/bin/python3 -W ignore:setup.py install is deprecated setup.py egg_info --egg-base ../build/orient_to_north build --build-base /home/catherine-maglione/combined_ws/ros_home_ws_catherine/src/build/orient_to_north/build install --record /home/catherine-maglione/combined_ws/ros_home_ws_catherine/src/build/orient_to_north/install.log --single-version-externally-managed install_data
