[ 33%] [32mBuilding CXX object CMakeFiles/numsr_turtlebot.dir/src/numsr_turtlebot.cpp.o[0m
[ 66%] [32m[1mLinking CXX executable numsr_turtlebot[0m
[100%] Built target numsr_turtlebot
-- Install configuration: ""
-- Installing: /ros_ws/aarch64_install/numsr_turtlebot/lib/numsr_turtlebot/numsr_turtlebot
-- Set runtime path of "/ros_ws/aarch64_install/numsr_turtlebot/lib/numsr_turtlebot/numsr_turtlebot" to ""
-- Up-to-date: /ros_ws/aarch64_install/numsr_turtlebot/share/ament_index/resource_index/package_run_dependencies/numsr_turtlebot
-- Up-to-date: /ros_ws/aarch64_install/numsr_turtlebot/share/ament_index/resource_index/parent_prefix_path/numsr_turtlebot
-- Up-to-date: /ros_ws/aarch64_install/numsr_turtlebot/share/numsr_turtlebot/environment/ament_prefix_path.sh
-- Up-to-date: /ros_ws/aarch64_install/numsr_turtlebot/share/numsr_turtlebot/environment/ament_prefix_path.dsv
-- Up-to-date: /ros_ws/aarch64_install/numsr_turtlebot/share/numsr_turtlebot/environment/path.sh
-- Up-to-date: /ros_ws/aarch64_install/numsr_turtlebot/share/numsr_turtlebot/environment/path.dsv
-- Up-to-date: /ros_ws/aarch64_install/numsr_turtlebot/share/numsr_turtlebot/local_setup.bash
-- Up-to-date: /ros_ws/aarch64_install/numsr_turtlebot/share/numsr_turtlebot/local_setup.sh
-- Up-to-date: /ros_ws/aarch64_install/numsr_turtlebot/share/numsr_turtlebot/local_setup.zsh
-- Up-to-date: /ros_ws/aarch64_install/numsr_turtlebot/share/numsr_turtlebot/local_setup.dsv
-- Installing: /ros_ws/aarch64_install/numsr_turtlebot/share/numsr_turtlebot/package.dsv
-- Up-to-date: /ros_ws/aarch64_install/numsr_turtlebot/share/ament_index/resource_index/packages/numsr_turtlebot
-- Up-to-date: /ros_ws/aarch64_install/numsr_turtlebot/share/numsr_turtlebot/cmake/numsr_turtlebotConfig.cmake
-- Up-to-date: /ros_ws/aarch64_install/numsr_turtlebot/share/numsr_turtlebot/cmake/numsr_turtlebotConfig-version.cmake
-- Up-to-date: /ros_ws/aarch64_install/numsr_turtlebot/share/numsr_turtlebot/package.xml
