[0.425s] DEBUG:colcon:Command line arguments: ['/usr/bin/colcon', 'build', '--build-base', 'aarch64_build', '--install-base', 'aarch64_install', '--cmake-args', '-DCMAKE_TOOLCHAIN_FILE=/toolchain.cmake', '-DCMAKE_INSTALL_PREFIX=aarch64_install']
[0.425s] DEBUG:colcon:Parsed command line arguments: Namespace(log_base=None, log_level=None, verb_name='build', build_base='/ros_ws/aarch64_build', install_base='/ros_ws/aarch64_install', merge_install=False, symlink_install=False, test_result_base=None, continue_on_error=False, executor='parallel', parallel_workers=32, event_handlers=None, ignore_user_meta=False, metas=['./colcon.meta'], base_paths=['.'], packages_ignore=None, packages_ignore_regex=None, paths=None, packages_up_to=None, packages_up_to_regex=None, packages_above=None, packages_above_and_dependencies=None, packages_above_depth=None, packages_select_by_dep=None, packages_skip_by_dep=None, packages_skip_up_to=None, packages_select_build_failed=False, packages_skip_build_finished=False, packages_select_test_failures=False, packages_skip_test_passed=False, packages_select=None, packages_skip=None, packages_select_regex=None, packages_skip_regex=None, packages_start=None, packages_end=None, allow_overriding=[], cmake_args=['-DCMAKE_TOOLCHAIN_FILE=/toolchain.cmake', '-DCMAKE_INSTALL_PREFIX=aarch64_install'], cmake_target=None, cmake_target_skip_unavailable=False, cmake_clean_cache=False, cmake_clean_first=False, cmake_force_configure=False, ament_cmake_args=None, catkin_cmake_args=None, catkin_skip_building_tests=False, verb_parser=<colcon_defaults.argument_parser.defaults.DefaultArgumentsDecorator object at 0x7604f07c9150>, verb_extension=<colcon_core.verb.build.BuildVerb object at 0x7604f07ca1a0>, main=<bound method BuildVerb.main of <colcon_core.verb.build.BuildVerb object at 0x7604f07ca1a0>>)
[0.446s] Level 1:colcon.colcon_core.package_discovery:discover_packages(colcon_meta) check parameters
[0.447s] Level 1:colcon.colcon_core.package_discovery:discover_packages(recursive) check parameters
[0.447s] Level 1:colcon.colcon_core.package_discovery:discover_packages(ignore) check parameters
[0.447s] Level 1:colcon.colcon_core.package_discovery:discover_packages(path) check parameters
[0.447s] Level 1:colcon.colcon_core.package_discovery:discover_packages(colcon_meta) discover
[0.447s] Level 1:colcon.colcon_core.package_discovery:discover_packages(recursive) discover
[0.447s] INFO:colcon.colcon_core.package_discovery:Crawling recursively for packages in '/ros_ws'
[0.447s] Level 1:colcon.colcon_core.package_identification:_identify(.) by extensions ['ignore', 'ignore_ament_install']
[0.447s] Level 1:colcon.colcon_core.package_identification:_identify(.) by extension 'ignore'
[0.447s] Level 1:colcon.colcon_core.package_identification:_identify(.) by extension 'ignore_ament_install'
[0.447s] Level 1:colcon.colcon_core.package_identification:_identify(.) by extensions ['colcon_pkg']
[0.447s] Level 1:colcon.colcon_core.package_identification:_identify(.) by extension 'colcon_pkg'
[0.447s] Level 1:colcon.colcon_core.package_identification:_identify(.) by extensions ['colcon_meta']
[0.447s] Level 1:colcon.colcon_core.package_identification:_identify(.) by extension 'colcon_meta'
[0.447s] Level 1:colcon.colcon_core.package_identification:_identify(.) by extensions ['ros']
[0.447s] Level 1:colcon.colcon_core.package_identification:_identify(.) by extension 'ros'
[0.459s] Level 1:colcon.colcon_core.package_identification:_identify(.) by extensions ['cmake', 'python']
[0.459s] Level 1:colcon.colcon_core.package_identification:_identify(.) by extension 'cmake'
[0.459s] Level 1:colcon.colcon_core.package_identification:_identify(.) by extension 'python'
[0.459s] Level 1:colcon.colcon_core.package_identification:_identify(.) by extensions ['python_setup_py']
[0.459s] Level 1:colcon.colcon_core.package_identification:_identify(.) by extension 'python_setup_py'
[0.459s] Level 1:colcon.colcon_core.package_identification:_identify(aarch64_build) by extensions ['ignore', 'ignore_ament_install']
[0.459s] Level 1:colcon.colcon_core.package_identification:_identify(aarch64_build) by extension 'ignore'
[0.459s] Level 1:colcon.colcon_core.package_identification:_identify(aarch64_build) ignored
[0.459s] Level 1:colcon.colcon_core.package_identification:_identify(aarch64_install) by extensions ['ignore', 'ignore_ament_install']
[0.459s] Level 1:colcon.colcon_core.package_identification:_identify(aarch64_install) by extension 'ignore'
[0.459s] Level 1:colcon.colcon_core.package_identification:_identify(aarch64_install) ignored
[0.459s] Level 1:colcon.colcon_core.package_identification:_identify(build) by extensions ['ignore', 'ignore_ament_install']
[0.459s] Level 1:colcon.colcon_core.package_identification:_identify(build) by extension 'ignore'
[0.459s] Level 1:colcon.colcon_core.package_identification:_identify(build) ignored
[0.459s] Level 1:colcon.colcon_core.package_identification:_identify(install) by extensions ['ignore', 'ignore_ament_install']
[0.459s] Level 1:colcon.colcon_core.package_identification:_identify(install) by extension 'ignore'
[0.459s] Level 1:colcon.colcon_core.package_identification:_identify(install) ignored
[0.459s] Level 1:colcon.colcon_core.package_identification:_identify(log) by extensions ['ignore', 'ignore_ament_install']
[0.459s] Level 1:colcon.colcon_core.package_identification:_identify(log) by extension 'ignore'
[0.459s] Level 1:colcon.colcon_core.package_identification:_identify(log) ignored
[0.459s] Level 1:colcon.colcon_core.package_identification:_identify(src) by extensions ['ignore', 'ignore_ament_install']
[0.459s] Level 1:colcon.colcon_core.package_identification:_identify(src) by extension 'ignore'
[0.459s] Level 1:colcon.colcon_core.package_identification:_identify(src) by extension 'ignore_ament_install'
[0.459s] Level 1:colcon.colcon_core.package_identification:_identify(src) by extensions ['colcon_pkg']
[0.459s] Level 1:colcon.colcon_core.package_identification:_identify(src) by extension 'colcon_pkg'
[0.459s] Level 1:colcon.colcon_core.package_identification:_identify(src) by extensions ['colcon_meta']
[0.459s] Level 1:colcon.colcon_core.package_identification:_identify(src) by extension 'colcon_meta'
[0.459s] Level 1:colcon.colcon_core.package_identification:_identify(src) by extensions ['ros']
[0.459s] Level 1:colcon.colcon_core.package_identification:_identify(src) by extension 'ros'
[0.459s] Level 1:colcon.colcon_core.package_identification:_identify(src) by extensions ['cmake', 'python']
[0.459s] Level 1:colcon.colcon_core.package_identification:_identify(src) by extension 'cmake'
[0.460s] Level 1:colcon.colcon_core.package_identification:_identify(src) by extension 'python'
[0.460s] Level 1:colcon.colcon_core.package_identification:_identify(src) by extensions ['python_setup_py']
[0.460s] Level 1:colcon.colcon_core.package_identification:_identify(src) by extension 'python_setup_py'
[0.460s] Level 1:colcon.colcon_core.package_identification:_identify(src/numsr_turtlebot) by extensions ['ignore', 'ignore_ament_install']
[0.460s] Level 1:colcon.colcon_core.package_identification:_identify(src/numsr_turtlebot) by extension 'ignore'
[0.460s] Level 1:colcon.colcon_core.package_identification:_identify(src/numsr_turtlebot) by extension 'ignore_ament_install'
[0.460s] Level 1:colcon.colcon_core.package_identification:_identify(src/numsr_turtlebot) by extensions ['colcon_pkg']
[0.460s] Level 1:colcon.colcon_core.package_identification:_identify(src/numsr_turtlebot) by extension 'colcon_pkg'
[0.460s] Level 1:colcon.colcon_core.package_identification:_identify(src/numsr_turtlebot) by extensions ['colcon_meta']
[0.460s] Level 1:colcon.colcon_core.package_identification:_identify(src/numsr_turtlebot) by extension 'colcon_meta'
[0.460s] Level 1:colcon.colcon_core.package_identification:_identify(src/numsr_turtlebot) by extensions ['ros']
[0.460s] Level 1:colcon.colcon_core.package_identification:_identify(src/numsr_turtlebot) by extension 'ros'
[0.463s] DEBUG:colcon.colcon_core.package_identification:Package 'src/numsr_turtlebot' with type 'ros.ament_cmake' and name 'numsr_turtlebot'
[0.463s] Level 1:colcon.colcon_core.package_identification:_identify(src/nuturtlebot_msgs) by extensions ['ignore', 'ignore_ament_install']
[0.464s] Level 1:colcon.colcon_core.package_identification:_identify(src/nuturtlebot_msgs) by extension 'ignore'
[0.464s] Level 1:colcon.colcon_core.package_identification:_identify(src/nuturtlebot_msgs) by extension 'ignore_ament_install'
[0.464s] Level 1:colcon.colcon_core.package_identification:_identify(src/nuturtlebot_msgs) by extensions ['colcon_pkg']
[0.464s] Level 1:colcon.colcon_core.package_identification:_identify(src/nuturtlebot_msgs) by extension 'colcon_pkg'
[0.464s] Level 1:colcon.colcon_core.package_identification:_identify(src/nuturtlebot_msgs) by extensions ['colcon_meta']
[0.464s] Level 1:colcon.colcon_core.package_identification:_identify(src/nuturtlebot_msgs) by extension 'colcon_meta'
[0.464s] Level 1:colcon.colcon_core.package_identification:_identify(src/nuturtlebot_msgs) by extensions ['ros']
[0.464s] Level 1:colcon.colcon_core.package_identification:_identify(src/nuturtlebot_msgs) by extension 'ros'
[0.464s] DEBUG:colcon.colcon_core.package_identification:Package 'src/nuturtlebot_msgs' with type 'ros.ament_cmake' and name 'nuturtlebot_msgs'
[0.464s] Level 1:colcon.colcon_core.package_discovery:discover_packages(recursive) using defaults
[0.464s] Level 1:colcon.colcon_core.package_discovery:discover_packages(ignore) discover
[0.464s] Level 1:colcon.colcon_core.package_discovery:discover_packages(ignore) using defaults
[0.464s] Level 1:colcon.colcon_core.package_discovery:discover_packages(path) discover
[0.464s] Level 1:colcon.colcon_core.package_discovery:discover_packages(path) using defaults
[0.519s] Level 1:colcon.colcon_core.package_discovery:discover_packages(prefix_path) check parameters
[0.519s] Level 1:colcon.colcon_core.package_discovery:discover_packages(prefix_path) discover
[0.530s] DEBUG:colcon.colcon_installed_package_information.package_discovery:Found 288 installed packages in /opt/ros/iron
[0.531s] Level 1:colcon.colcon_core.package_discovery:discover_packages(prefix_path) using defaults
[0.564s] Level 5:colcon.colcon_core.verb:set package 'nuturtlebot_msgs' build argument 'cmake_args' from command line to '['-DCMAKE_TOOLCHAIN_FILE=/toolchain.cmake', '-DCMAKE_INSTALL_PREFIX=aarch64_install']'
[0.564s] Level 5:colcon.colcon_core.verb:set package 'nuturtlebot_msgs' build argument 'cmake_target' from command line to 'None'
[0.564s] Level 5:colcon.colcon_core.verb:set package 'nuturtlebot_msgs' build argument 'cmake_target_skip_unavailable' from command line to 'False'
[0.564s] Level 5:colcon.colcon_core.verb:set package 'nuturtlebot_msgs' build argument 'cmake_clean_cache' from command line to 'False'
[0.564s] Level 5:colcon.colcon_core.verb:set package 'nuturtlebot_msgs' build argument 'cmake_clean_first' from command line to 'False'
[0.564s] Level 5:colcon.colcon_core.verb:set package 'nuturtlebot_msgs' build argument 'cmake_force_configure' from command line to 'False'
[0.564s] Level 5:colcon.colcon_core.verb:set package 'nuturtlebot_msgs' build argument 'ament_cmake_args' from command line to 'None'
[0.564s] Level 5:colcon.colcon_core.verb:set package 'nuturtlebot_msgs' build argument 'catkin_cmake_args' from command line to 'None'
[0.564s] Level 5:colcon.colcon_core.verb:set package 'nuturtlebot_msgs' build argument 'catkin_skip_building_tests' from command line to 'False'
[0.564s] DEBUG:colcon.colcon_core.verb:Building package 'nuturtlebot_msgs' with the following arguments: {'ament_cmake_args': None, 'build_base': '/ros_ws/aarch64_build/nuturtlebot_msgs', 'catkin_cmake_args': None, 'catkin_skip_building_tests': False, 'cmake_args': ['-DCMAKE_TOOLCHAIN_FILE=/toolchain.cmake', '-DCMAKE_INSTALL_PREFIX=aarch64_install'], 'cmake_clean_cache': False, 'cmake_clean_first': False, 'cmake_force_configure': False, 'cmake_target': None, 'cmake_target_skip_unavailable': False, 'install_base': '/ros_ws/aarch64_install/nuturtlebot_msgs', 'merge_install': False, 'path': '/ros_ws/src/nuturtlebot_msgs', 'symlink_install': False, 'test_result_base': None}
[0.569s] Level 5:colcon.colcon_core.verb:set package 'numsr_turtlebot' build argument 'cmake_args' from command line to '['-DCMAKE_TOOLCHAIN_FILE=/toolchain.cmake', '-DCMAKE_INSTALL_PREFIX=aarch64_install']'
[0.570s] Level 5:colcon.colcon_core.verb:set package 'numsr_turtlebot' build argument 'cmake_target' from command line to 'None'
[0.570s] Level 5:colcon.colcon_core.verb:set package 'numsr_turtlebot' build argument 'cmake_target_skip_unavailable' from command line to 'False'
[0.570s] Level 5:colcon.colcon_core.verb:set package 'numsr_turtlebot' build argument 'cmake_clean_cache' from command line to 'False'
[0.570s] Level 5:colcon.colcon_core.verb:set package 'numsr_turtlebot' build argument 'cmake_clean_first' from command line to 'False'
[0.570s] Level 5:colcon.colcon_core.verb:set package 'numsr_turtlebot' build argument 'cmake_force_configure' from command line to 'False'
[0.570s] Level 5:colcon.colcon_core.verb:set package 'numsr_turtlebot' build argument 'ament_cmake_args' from command line to 'None'
[0.570s] Level 5:colcon.colcon_core.verb:set package 'numsr_turtlebot' build argument 'catkin_cmake_args' from command line to 'None'
[0.570s] Level 5:colcon.colcon_core.verb:set package 'numsr_turtlebot' build argument 'catkin_skip_building_tests' from command line to 'False'
[0.570s] DEBUG:colcon.colcon_core.verb:Building package 'numsr_turtlebot' with the following arguments: {'ament_cmake_args': None, 'build_base': '/ros_ws/aarch64_build/numsr_turtlebot', 'catkin_cmake_args': None, 'catkin_skip_building_tests': False, 'cmake_args': ['-DCMAKE_TOOLCHAIN_FILE=/toolchain.cmake', '-DCMAKE_INSTALL_PREFIX=aarch64_install'], 'cmake_clean_cache': False, 'cmake_clean_first': False, 'cmake_force_configure': False, 'cmake_target': None, 'cmake_target_skip_unavailable': False, 'install_base': '/ros_ws/aarch64_install/numsr_turtlebot', 'merge_install': False, 'path': '/ros_ws/src/numsr_turtlebot', 'symlink_install': False, 'test_result_base': None}
[0.574s] INFO:colcon.colcon_core.executor:Executing jobs using 'parallel' executor
[0.580s] DEBUG:colcon.colcon_parallel_executor.executor.parallel:run_until_complete
[0.580s] INFO:colcon.colcon_ros.task.ament_cmake.build:Building ROS package in '/ros_ws/src/nuturtlebot_msgs' with build type 'ament_cmake'
[0.580s] INFO:colcon.colcon_cmake.task.cmake.build:Building CMake package in '/ros_ws/src/nuturtlebot_msgs'
[0.586s] INFO:colcon.colcon_core.plugin_system:Skipping extension 'colcon_core.shell.bat': Not used on non-Windows systems
[0.586s] INFO:colcon.colcon_core.shell:Skip shell extension 'powershell' for command environment: Not usable outside of PowerShell
[0.586s] DEBUG:colcon.colcon_core.shell:Skip shell extension 'dsv' for command environment
[0.602s] DEBUG:colcon.colcon_core.event_handler.log_command:Invoking command in '/ros_ws/aarch64_build/nuturtlebot_msgs': CMAKE_PREFIX_PATH=/opt/ros/iron /usr/bin/cmake --build /ros_ws/aarch64_build/nuturtlebot_msgs -- -j32 -l32
[0.839s] DEBUG:colcon.colcon_core.event_handler.log_command:Invoked command in '/ros_ws/aarch64_build/nuturtlebot_msgs' returned '0': CMAKE_PREFIX_PATH=/opt/ros/iron /usr/bin/cmake --build /ros_ws/aarch64_build/nuturtlebot_msgs -- -j32 -l32
[0.951s] DEBUG:colcon.colcon_core.event_handler.log_command:Invoking command in '/ros_ws/aarch64_build/nuturtlebot_msgs': CMAKE_PREFIX_PATH=/opt/ros/iron /usr/bin/cmake --install /ros_ws/aarch64_build/nuturtlebot_msgs
[0.999s] Level 1:colcon.colcon_core.environment:create_environment_scripts_only(nuturtlebot_msgs)
[0.999s] DEBUG:colcon.colcon_core.event_handler.log_command:Invoked command in '/ros_ws/aarch64_build/nuturtlebot_msgs' returned '0': CMAKE_PREFIX_PATH=/opt/ros/iron /usr/bin/cmake --install /ros_ws/aarch64_build/nuturtlebot_msgs
[1.012s] Level 1:colcon.colcon_core.environment:checking '/ros_ws/aarch64_install/nuturtlebot_msgs' for CMake module files
[1.013s] Level 1:colcon.colcon_core.environment:checking '/ros_ws/aarch64_install/nuturtlebot_msgs' for CMake config files
[1.013s] Level 1:colcon.colcon_core.shell:create_environment_hook('nuturtlebot_msgs', 'cmake_prefix_path')
[1.023s] INFO:colcon.colcon_core.shell:Creating environment hook '/ros_ws/aarch64_install/nuturtlebot_msgs/share/nuturtlebot_msgs/hook/cmake_prefix_path.ps1'
[1.024s] INFO:colcon.colcon_core.shell:Creating environment descriptor '/ros_ws/aarch64_install/nuturtlebot_msgs/share/nuturtlebot_msgs/hook/cmake_prefix_path.dsv'
[1.024s] INFO:colcon.colcon_core.shell:Creating environment hook '/ros_ws/aarch64_install/nuturtlebot_msgs/share/nuturtlebot_msgs/hook/cmake_prefix_path.sh'
[1.024s] Level 1:colcon.colcon_core.environment:checking '/ros_ws/aarch64_install/nuturtlebot_msgs/lib'
[1.024s] Level 1:colcon.colcon_core.shell:create_environment_hook('nuturtlebot_msgs', 'ld_library_path_lib')
[1.030s] INFO:colcon.colcon_core.shell:Creating environment hook '/ros_ws/aarch64_install/nuturtlebot_msgs/share/nuturtlebot_msgs/hook/ld_library_path_lib.ps1'
[1.030s] INFO:colcon.colcon_core.shell:Creating environment descriptor '/ros_ws/aarch64_install/nuturtlebot_msgs/share/nuturtlebot_msgs/hook/ld_library_path_lib.dsv'
[1.030s] INFO:colcon.colcon_core.shell:Creating environment hook '/ros_ws/aarch64_install/nuturtlebot_msgs/share/nuturtlebot_msgs/hook/ld_library_path_lib.sh'
[1.030s] Level 1:colcon.colcon_core.environment:checking '/ros_ws/aarch64_install/nuturtlebot_msgs/bin'
[1.030s] Level 1:colcon.colcon_core.environment:checking '/ros_ws/aarch64_install/nuturtlebot_msgs/lib/pkgconfig/nuturtlebot_msgs.pc'
[1.030s] Level 1:colcon.colcon_core.environment:checking '/ros_ws/aarch64_install/nuturtlebot_msgs/lib/python3.10/site-packages'
[1.031s] Level 1:colcon.colcon_core.shell:create_environment_hook('nuturtlebot_msgs', 'pythonpath')
[1.036s] INFO:colcon.colcon_core.shell:Creating environment hook '/ros_ws/aarch64_install/nuturtlebot_msgs/share/nuturtlebot_msgs/hook/pythonpath.ps1'
[1.036s] INFO:colcon.colcon_core.shell:Creating environment descriptor '/ros_ws/aarch64_install/nuturtlebot_msgs/share/nuturtlebot_msgs/hook/pythonpath.dsv'
[1.036s] INFO:colcon.colcon_core.shell:Creating environment hook '/ros_ws/aarch64_install/nuturtlebot_msgs/share/nuturtlebot_msgs/hook/pythonpath.sh'
[1.036s] Level 1:colcon.colcon_core.environment:checking '/ros_ws/aarch64_install/nuturtlebot_msgs/bin'
[1.041s] INFO:colcon.colcon_core.shell:Creating package script '/ros_ws/aarch64_install/nuturtlebot_msgs/share/nuturtlebot_msgs/package.ps1'
[1.042s] INFO:colcon.colcon_core.shell:Creating package descriptor '/ros_ws/aarch64_install/nuturtlebot_msgs/share/nuturtlebot_msgs/package.dsv'
[1.042s] INFO:colcon.colcon_core.shell:Creating package script '/ros_ws/aarch64_install/nuturtlebot_msgs/share/nuturtlebot_msgs/package.sh'
[1.042s] INFO:colcon.colcon_core.shell:Creating package script '/ros_ws/aarch64_install/nuturtlebot_msgs/share/nuturtlebot_msgs/package.bash'
[1.043s] INFO:colcon.colcon_core.shell:Creating package script '/ros_ws/aarch64_install/nuturtlebot_msgs/share/nuturtlebot_msgs/package.zsh'
[1.043s] Level 1:colcon.colcon_core.environment:create_file_with_runtime_dependencies(/ros_ws/aarch64_install/nuturtlebot_msgs/share/colcon-core/packages/nuturtlebot_msgs)
[1.110s] Level 1:colcon.colcon_core.environment:create_environment_scripts_only(nuturtlebot_msgs)
[1.116s] Level 1:colcon.colcon_core.environment:checking '/ros_ws/aarch64_install/nuturtlebot_msgs' for CMake module files
[1.116s] Level 1:colcon.colcon_core.environment:checking '/ros_ws/aarch64_install/nuturtlebot_msgs' for CMake config files
[1.116s] Level 1:colcon.colcon_core.shell:create_environment_hook('nuturtlebot_msgs', 'cmake_prefix_path')
[1.121s] INFO:colcon.colcon_core.shell:Creating environment hook '/ros_ws/aarch64_install/nuturtlebot_msgs/share/nuturtlebot_msgs/hook/cmake_prefix_path.ps1'
[1.121s] INFO:colcon.colcon_core.shell:Creating environment descriptor '/ros_ws/aarch64_install/nuturtlebot_msgs/share/nuturtlebot_msgs/hook/cmake_prefix_path.dsv'
[1.122s] INFO:colcon.colcon_core.shell:Creating environment hook '/ros_ws/aarch64_install/nuturtlebot_msgs/share/nuturtlebot_msgs/hook/cmake_prefix_path.sh'
[1.122s] Level 1:colcon.colcon_core.environment:checking '/ros_ws/aarch64_install/nuturtlebot_msgs/lib'
[1.122s] Level 1:colcon.colcon_core.shell:create_environment_hook('nuturtlebot_msgs', 'ld_library_path_lib')
[1.127s] INFO:colcon.colcon_core.shell:Creating environment hook '/ros_ws/aarch64_install/nuturtlebot_msgs/share/nuturtlebot_msgs/hook/ld_library_path_lib.ps1'
[1.127s] INFO:colcon.colcon_core.shell:Creating environment descriptor '/ros_ws/aarch64_install/nuturtlebot_msgs/share/nuturtlebot_msgs/hook/ld_library_path_lib.dsv'
[1.127s] INFO:colcon.colcon_core.shell:Creating environment hook '/ros_ws/aarch64_install/nuturtlebot_msgs/share/nuturtlebot_msgs/hook/ld_library_path_lib.sh'
[1.127s] Level 1:colcon.colcon_core.environment:checking '/ros_ws/aarch64_install/nuturtlebot_msgs/bin'
[1.127s] Level 1:colcon.colcon_core.environment:checking '/ros_ws/aarch64_install/nuturtlebot_msgs/lib/pkgconfig/nuturtlebot_msgs.pc'
[1.127s] Level 1:colcon.colcon_core.environment:checking '/ros_ws/aarch64_install/nuturtlebot_msgs/lib/python3.10/site-packages'
[1.127s] Level 1:colcon.colcon_core.shell:create_environment_hook('nuturtlebot_msgs', 'pythonpath')
[1.132s] INFO:colcon.colcon_core.shell:Creating environment hook '/ros_ws/aarch64_install/nuturtlebot_msgs/share/nuturtlebot_msgs/hook/pythonpath.ps1'
[1.133s] INFO:colcon.colcon_core.shell:Creating environment descriptor '/ros_ws/aarch64_install/nuturtlebot_msgs/share/nuturtlebot_msgs/hook/pythonpath.dsv'
[1.133s] INFO:colcon.colcon_core.shell:Creating environment hook '/ros_ws/aarch64_install/nuturtlebot_msgs/share/nuturtlebot_msgs/hook/pythonpath.sh'
[1.133s] Level 1:colcon.colcon_core.environment:checking '/ros_ws/aarch64_install/nuturtlebot_msgs/bin'
[1.138s] INFO:colcon.colcon_core.shell:Creating package script '/ros_ws/aarch64_install/nuturtlebot_msgs/share/nuturtlebot_msgs/package.ps1'
[1.138s] INFO:colcon.colcon_core.shell:Creating package descriptor '/ros_ws/aarch64_install/nuturtlebot_msgs/share/nuturtlebot_msgs/package.dsv'
[1.138s] INFO:colcon.colcon_core.shell:Creating package script '/ros_ws/aarch64_install/nuturtlebot_msgs/share/nuturtlebot_msgs/package.sh'
[1.138s] INFO:colcon.colcon_core.shell:Creating package script '/ros_ws/aarch64_install/nuturtlebot_msgs/share/nuturtlebot_msgs/package.bash'
[1.139s] INFO:colcon.colcon_core.shell:Creating package script '/ros_ws/aarch64_install/nuturtlebot_msgs/share/nuturtlebot_msgs/package.zsh'
[1.139s] Level 1:colcon.colcon_core.environment:create_file_with_runtime_dependencies(/ros_ws/aarch64_install/nuturtlebot_msgs/share/colcon-core/packages/nuturtlebot_msgs)
[1.139s] INFO:colcon.colcon_ros.task.ament_cmake.build:Building ROS package in '/ros_ws/src/numsr_turtlebot' with build type 'ament_cmake'
[1.139s] INFO:colcon.colcon_cmake.task.cmake.build:Building CMake package in '/ros_ws/src/numsr_turtlebot'
[1.145s] INFO:colcon.colcon_core.shell:Skip shell extension 'powershell' for command environment: Not usable outside of PowerShell
[1.145s] DEBUG:colcon.colcon_core.shell:Skip shell extension 'dsv' for command environment
[1.161s] DEBUG:colcon.colcon_core.event_handler.log_command:Invoking command in '/ros_ws/aarch64_build/numsr_turtlebot': AMENT_PREFIX_PATH=/ros_ws/aarch64_install/nuturtlebot_msgs:${AMENT_PREFIX_PATH} CMAKE_PREFIX_PATH=/ros_ws/aarch64_install/nuturtlebot_msgs:/opt/ros/iron LD_LIBRARY_PATH=/ros_ws/aarch64_install/nuturtlebot_msgs/lib:${LD_LIBRARY_PATH} PYTHONPATH=/ros_ws/aarch64_install/nuturtlebot_msgs/lib/python3.10/site-packages:${PYTHONPATH} /usr/bin/cmake --build /ros_ws/aarch64_build/numsr_turtlebot -- -j32 -l32
[1.211s] DEBUG:colcon.colcon_core.event_handler.log_command:Invoked command in '/ros_ws/aarch64_build/numsr_turtlebot' returned '0': AMENT_PREFIX_PATH=/ros_ws/aarch64_install/nuturtlebot_msgs:${AMENT_PREFIX_PATH} CMAKE_PREFIX_PATH=/ros_ws/aarch64_install/nuturtlebot_msgs:/opt/ros/iron LD_LIBRARY_PATH=/ros_ws/aarch64_install/nuturtlebot_msgs/lib:${LD_LIBRARY_PATH} PYTHONPATH=/ros_ws/aarch64_install/nuturtlebot_msgs/lib/python3.10/site-packages:${PYTHONPATH} /usr/bin/cmake --build /ros_ws/aarch64_build/numsr_turtlebot -- -j32 -l32
[1.233s] DEBUG:colcon.colcon_core.event_handler.log_command:Invoking command in '/ros_ws/aarch64_build/numsr_turtlebot': AMENT_PREFIX_PATH=/ros_ws/aarch64_install/nuturtlebot_msgs:${AMENT_PREFIX_PATH} CMAKE_PREFIX_PATH=/ros_ws/aarch64_install/nuturtlebot_msgs:/opt/ros/iron LD_LIBRARY_PATH=/ros_ws/aarch64_install/nuturtlebot_msgs/lib:${LD_LIBRARY_PATH} PYTHONPATH=/ros_ws/aarch64_install/nuturtlebot_msgs/lib/python3.10/site-packages:${PYTHONPATH} /usr/bin/cmake --install /ros_ws/aarch64_build/numsr_turtlebot
[1.240s] Level 1:colcon.colcon_core.environment:create_environment_scripts_only(numsr_turtlebot)
[1.241s] DEBUG:colcon.colcon_core.event_handler.log_command:Invoked command in '/ros_ws/aarch64_build/numsr_turtlebot' returned '0': AMENT_PREFIX_PATH=/ros_ws/aarch64_install/nuturtlebot_msgs:${AMENT_PREFIX_PATH} CMAKE_PREFIX_PATH=/ros_ws/aarch64_install/nuturtlebot_msgs:/opt/ros/iron LD_LIBRARY_PATH=/ros_ws/aarch64_install/nuturtlebot_msgs/lib:${LD_LIBRARY_PATH} PYTHONPATH=/ros_ws/aarch64_install/nuturtlebot_msgs/lib/python3.10/site-packages:${PYTHONPATH} /usr/bin/cmake --install /ros_ws/aarch64_build/numsr_turtlebot
[1.246s] Level 1:colcon.colcon_core.environment:checking '/ros_ws/aarch64_install/numsr_turtlebot' for CMake module files
[1.246s] Level 1:colcon.colcon_core.environment:checking '/ros_ws/aarch64_install/numsr_turtlebot' for CMake config files
[1.246s] Level 1:colcon.colcon_core.shell:create_environment_hook('numsr_turtlebot', 'cmake_prefix_path')
[1.252s] INFO:colcon.colcon_core.shell:Creating environment hook '/ros_ws/aarch64_install/numsr_turtlebot/share/numsr_turtlebot/hook/cmake_prefix_path.ps1'
[1.252s] INFO:colcon.colcon_core.shell:Creating environment descriptor '/ros_ws/aarch64_install/numsr_turtlebot/share/numsr_turtlebot/hook/cmake_prefix_path.dsv'
[1.252s] INFO:colcon.colcon_core.shell:Creating environment hook '/ros_ws/aarch64_install/numsr_turtlebot/share/numsr_turtlebot/hook/cmake_prefix_path.sh'
[1.252s] Level 1:colcon.colcon_core.environment:checking '/ros_ws/aarch64_install/numsr_turtlebot/lib'
[1.252s] Level 1:colcon.colcon_core.environment:checking '/ros_ws/aarch64_install/numsr_turtlebot/bin'
[1.252s] Level 1:colcon.colcon_core.environment:checking '/ros_ws/aarch64_install/numsr_turtlebot/lib/pkgconfig/numsr_turtlebot.pc'
[1.252s] Level 1:colcon.colcon_core.environment:checking '/ros_ws/aarch64_install/numsr_turtlebot/lib/python3.10/site-packages'
[1.252s] Level 1:colcon.colcon_core.environment:checking '/ros_ws/aarch64_install/numsr_turtlebot/bin'
[1.258s] INFO:colcon.colcon_core.shell:Creating package script '/ros_ws/aarch64_install/numsr_turtlebot/share/numsr_turtlebot/package.ps1'
[1.258s] INFO:colcon.colcon_core.shell:Creating package descriptor '/ros_ws/aarch64_install/numsr_turtlebot/share/numsr_turtlebot/package.dsv'
[1.258s] INFO:colcon.colcon_core.shell:Creating package script '/ros_ws/aarch64_install/numsr_turtlebot/share/numsr_turtlebot/package.sh'
[1.258s] INFO:colcon.colcon_core.shell:Creating package script '/ros_ws/aarch64_install/numsr_turtlebot/share/numsr_turtlebot/package.bash'
[1.258s] INFO:colcon.colcon_core.shell:Creating package script '/ros_ws/aarch64_install/numsr_turtlebot/share/numsr_turtlebot/package.zsh'
[1.258s] Level 1:colcon.colcon_core.environment:create_file_with_runtime_dependencies(/ros_ws/aarch64_install/numsr_turtlebot/share/colcon-core/packages/numsr_turtlebot)
[1.291s] Level 1:colcon.colcon_core.environment:create_environment_scripts_only(numsr_turtlebot)
[1.296s] Level 1:colcon.colcon_core.environment:checking '/ros_ws/aarch64_install/numsr_turtlebot' for CMake module files
[1.296s] Level 1:colcon.colcon_core.environment:checking '/ros_ws/aarch64_install/numsr_turtlebot' for CMake config files
[1.296s] Level 1:colcon.colcon_core.shell:create_environment_hook('numsr_turtlebot', 'cmake_prefix_path')
[1.301s] INFO:colcon.colcon_core.shell:Creating environment hook '/ros_ws/aarch64_install/numsr_turtlebot/share/numsr_turtlebot/hook/cmake_prefix_path.ps1'
[1.301s] INFO:colcon.colcon_core.shell:Creating environment descriptor '/ros_ws/aarch64_install/numsr_turtlebot/share/numsr_turtlebot/hook/cmake_prefix_path.dsv'
[1.301s] INFO:colcon.colcon_core.shell:Creating environment hook '/ros_ws/aarch64_install/numsr_turtlebot/share/numsr_turtlebot/hook/cmake_prefix_path.sh'
[1.301s] Level 1:colcon.colcon_core.environment:checking '/ros_ws/aarch64_install/numsr_turtlebot/lib'
[1.301s] Level 1:colcon.colcon_core.environment:checking '/ros_ws/aarch64_install/numsr_turtlebot/bin'
[1.302s] Level 1:colcon.colcon_core.environment:checking '/ros_ws/aarch64_install/numsr_turtlebot/lib/pkgconfig/numsr_turtlebot.pc'
[1.302s] Level 1:colcon.colcon_core.environment:checking '/ros_ws/aarch64_install/numsr_turtlebot/lib/python3.10/site-packages'
[1.302s] Level 1:colcon.colcon_core.environment:checking '/ros_ws/aarch64_install/numsr_turtlebot/bin'
[1.307s] INFO:colcon.colcon_core.shell:Creating package script '/ros_ws/aarch64_install/numsr_turtlebot/share/numsr_turtlebot/package.ps1'
[1.307s] INFO:colcon.colcon_core.shell:Creating package descriptor '/ros_ws/aarch64_install/numsr_turtlebot/share/numsr_turtlebot/package.dsv'
[1.307s] INFO:colcon.colcon_core.shell:Creating package script '/ros_ws/aarch64_install/numsr_turtlebot/share/numsr_turtlebot/package.sh'
[1.307s] INFO:colcon.colcon_core.shell:Creating package script '/ros_ws/aarch64_install/numsr_turtlebot/share/numsr_turtlebot/package.bash'
[1.307s] INFO:colcon.colcon_core.shell:Creating package script '/ros_ws/aarch64_install/numsr_turtlebot/share/numsr_turtlebot/package.zsh'
[1.307s] Level 1:colcon.colcon_core.environment:create_file_with_runtime_dependencies(/ros_ws/aarch64_install/numsr_turtlebot/share/colcon-core/packages/numsr_turtlebot)
[1.307s] DEBUG:colcon.colcon_parallel_executor.executor.parallel:closing loop
[1.308s] DEBUG:colcon.colcon_parallel_executor.executor.parallel:loop closed
[1.308s] DEBUG:colcon.colcon_parallel_executor.executor.parallel:run_until_complete finished with '0'
[1.308s] DEBUG:colcon.colcon_core.event_reactor:joining thread
[1.314s] INFO:colcon.colcon_core.plugin_system:Skipping extension 'colcon_notification.desktop_notification.notify2': 'notify2' not found
[1.314s] INFO:colcon.colcon_core.plugin_system:Skipping extension 'colcon_notification.desktop_notification.notify_send': Could not find 'notify-send'
[1.314s] INFO:colcon.colcon_core.plugin_system:Skipping extension 'colcon_notification.desktop_notification.terminal_notifier': Not used on non-Darwin systems
[1.314s] INFO:colcon.colcon_core.plugin_system:Skipping extension 'colcon_notification.desktop_notification.win32': Not used on non-Windows systems
[1.314s] DEBUG:colcon.colcon_core.event_reactor:joined thread
[1.319s] INFO:colcon.colcon_core.shell:Creating prefix script '/ros_ws/aarch64_install/local_setup.ps1'
[1.319s] INFO:colcon.colcon_core.shell:Creating prefix util module '/ros_ws/aarch64_install/_local_setup_util_ps1.py'
[1.320s] INFO:colcon.colcon_core.shell:Creating prefix chain script '/ros_ws/aarch64_install/setup.ps1'
[1.325s] INFO:colcon.colcon_core.shell:Creating prefix script '/ros_ws/aarch64_install/local_setup.sh'
[1.325s] INFO:colcon.colcon_core.shell:Creating prefix util module '/ros_ws/aarch64_install/_local_setup_util_sh.py'
[1.325s] INFO:colcon.colcon_core.shell:Creating prefix chain script '/ros_ws/aarch64_install/setup.sh'
[1.331s] INFO:colcon.colcon_core.shell:Creating prefix script '/ros_ws/aarch64_install/local_setup.bash'
[1.331s] INFO:colcon.colcon_core.shell:Creating prefix chain script '/ros_ws/aarch64_install/setup.bash'
[1.336s] INFO:colcon.colcon_core.shell:Creating prefix script '/ros_ws/aarch64_install/local_setup.zsh'
[1.336s] INFO:colcon.colcon_core.shell:Creating prefix chain script '/ros_ws/aarch64_install/setup.zsh'
